2024-04-09 15:53:17,575 [INFO] Activator:176 - 


2024-04-09 15:53:17,581 [INFO] Activator:177 - !SESSION log4j initialized
2024-04-09 15:53:22,543 [INFO] LogOutputStream:77 - [STDOUT_REDIRECT] 
2024-04-09 15:53:33,103 [INFO] ApplicationProperties:184 - Using Application install path: C:\ST\STM32CubeIDE_1.14.1\STM32CubeIDE\plugins\com.st.stm32cube.common.mx_6.10.0.202311202037
2024-04-09 15:53:33,118 [INFO] DbMcusXml:78 - Set database path to: C:\ST\STM32CubeIDE_1.14.1\STM32CubeIDE\plugins\com.st.stm32cube.common.mx_6.10.0.202311202037\\db\/mcu/
2024-04-09 15:53:33,118 [INFO] ApiDb:274 - Set plugin database path to: C:\ST\STM32CubeIDE_1.14.1\STM32CubeIDE\plugins\com.st.stm32cube.common.mx_6.10.0.202311202037\\db\/plugins/boardmanager/
2024-04-09 15:53:33,118 [WARN] ApiDb:259 - Overriding images path with different value:  => C:\ST\STM32CubeIDE_1.14.1\STM32CubeIDE\plugins\com.st.stm32cube.common.mx_6.10.0.202311202037\\db\/plugins/mcufinder/images/
2024-04-09 15:53:33,126 [INFO] ApiDb:250 - Set database path to: C:\Users\nikan\.stmcufinder\plugins\mcufinder//mcu/
2024-04-09 15:53:33,126 [INFO] DbMcusAds:125 - Set database path to: C:\Users\nikan\.stmcufinder\plugins\mcufinder//mcu/
2024-04-09 15:53:33,136 [INFO] CrossReferenceDbSqlite:203 - Set database path to: C:\Users\nikan\.stmcufinder\plugins\mcufinder//mcu/cs/
2024-04-09 15:53:33,224 [INFO] RulesReader:64 - Compatibility file has been processed (297 Rules)
2024-04-09 15:53:33,305 [INFO] DbMcusXml:78 - Set database path to: C:\ST\STM32CubeIDE_1.14.1\STM32CubeIDE\plugins\com.st.stm32cube.common.mx_6.10.0.202311202037\\db\/mcu/
2024-04-09 15:53:33,305 [INFO] ApiDb:274 - Set plugin database path to: C:\ST\STM32CubeIDE_1.14.1\STM32CubeIDE\plugins\com.st.stm32cube.common.mx_6.10.0.202311202037\\db\/plugins/boardmanager/
2024-04-09 15:53:33,305 [INFO] ApiDb:261 - Set plugin images path to: C:\ST\STM32CubeIDE_1.14.1\STM32CubeIDE\plugins\com.st.stm32cube.common.mx_6.10.0.202311202037\\db\/plugins/mcufinder/images/
2024-04-09 15:53:33,305 [WARN] DbFile:41 - Overriding database path with different value: C:\Users\nikan\.stmcufinder\plugins\mcufinder/ => C:\Users\nikan\.stmcufinder\plugins\mcufinder
2024-04-09 15:53:33,305 [INFO] ApiDb:250 - Set database path to: C:\Users\nikan\.stmcufinder\plugins\mcufinder//mcu/
2024-04-09 15:53:33,305 [WARN] DbFile:41 - Overriding database path with different value: C:\Users\nikan\.stmcufinder\plugins\mcufinder/ => C:\Users\nikan\.stmcufinder\plugins\mcufinder
2024-04-09 15:53:33,305 [INFO] DbMcusAds:125 - Set database path to: C:\Users\nikan\.stmcufinder\plugins\mcufinder//mcu/
2024-04-09 15:53:33,306 [WARN] DbFile:41 - Overriding database path with different value: C:\Users\nikan\.stmcufinder\plugins\mcufinder/ => C:\Users\nikan\.stmcufinder\plugins\mcufinder
2024-04-09 15:53:33,306 [WARN] DbFile:41 - Overriding database path with different value: C:\Users\nikan\.stmcufinder\plugins\mcufinder/ => C:\Users\nikan\.stmcufinder\plugins\mcufinder
2024-04-09 15:53:33,306 [INFO] CrossReferenceDbSqlite:203 - Set database path to: C:\Users\nikan\.stmcufinder\plugins\mcufinder//mcu/cs/
2024-04-09 15:53:33,372 [INFO] MainPanel:264 - HeapMemory: 268435456
2024-04-09 15:53:33,445 [INFO] DbMcusXml:78 - Set database path to: C:\ST\STM32CubeIDE_1.14.1\STM32CubeIDE\plugins\com.st.stm32cube.common.mx_6.10.0.202311202037\\db\/mcu/
2024-04-09 15:53:33,445 [INFO] ApiDb:274 - Set plugin database path to: C:\ST\STM32CubeIDE_1.14.1\STM32CubeIDE\plugins\com.st.stm32cube.common.mx_6.10.0.202311202037\\db\/plugins/boardmanager/
2024-04-09 15:53:33,445 [INFO] ApiDb:261 - Set plugin images path to: C:\ST\STM32CubeIDE_1.14.1\STM32CubeIDE\plugins\com.st.stm32cube.common.mx_6.10.0.202311202037\\db\/plugins/mcufinder/images/
2024-04-09 15:53:33,445 [WARN] DbFile:41 - Overriding database path with different value: C:\Users\nikan\.stmcufinder\plugins\mcufinder/ => C:\Users\nikan\.stmcufinder\plugins\mcufinder
2024-04-09 15:53:33,445 [INFO] ApiDb:250 - Set database path to: C:\Users\nikan\.stmcufinder\plugins\mcufinder//mcu/
2024-04-09 15:53:33,445 [WARN] DbFile:41 - Overriding database path with different value: C:\Users\nikan\.stmcufinder\plugins\mcufinder/ => C:\Users\nikan\.stmcufinder\plugins\mcufinder
2024-04-09 15:53:33,445 [INFO] DbMcusAds:125 - Set database path to: C:\Users\nikan\.stmcufinder\plugins\mcufinder//mcu/
2024-04-09 15:53:33,445 [WARN] DbFile:41 - Overriding database path with different value: C:\Users\nikan\.stmcufinder\plugins\mcufinder/ => C:\Users\nikan\.stmcufinder\plugins\mcufinder
2024-04-09 15:53:33,445 [WARN] DbFile:41 - Overriding database path with different value: C:\Users\nikan\.stmcufinder\plugins\mcufinder/ => C:\Users\nikan\.stmcufinder\plugins\mcufinder
2024-04-09 15:53:33,446 [INFO] CrossReferenceDbSqlite:203 - Set database path to: C:\Users\nikan\.stmcufinder\plugins\mcufinder//mcu/cs/
2024-04-09 15:53:33,462 [INFO] ApplicationProperties:184 - Using Application install path: C:\ST\STM32CubeIDE_1.14.1\STM32CubeIDE\plugins\com.st.stm32cube.common.mx_6.10.0.202311202037
2024-04-09 15:53:33,463 [INFO] PluginManage:196 - Search for loadable plugins [exclusion list=, ]
2024-04-09 15:53:33,464 [INFO] PluginManage:310 - Check plugin analytics
2024-04-09 15:53:42,648 [INFO] AnalyticsPlugin:253 - Accepted Software Licenses: 
2024-04-09 15:53:42,648 [INFO] AnalyticsPlugin:255 - Accepted CMSIS Pack Licenses: 
2024-04-09 15:53:42,648 [INFO] AnalyticsPlugin:257 - Accepted Firmware Licenses: FW.WB.1.18.0
2024-04-09 15:53:42,650 [INFO] PluginManage:359 - Loaded plugin analytics (category:tool,tabindex:-1)
2024-04-09 15:53:42,650 [INFO] PluginManage:310 - Check plugin cadmodel
2024-04-09 15:53:42,664 [INFO] CADModel:105 - Init CAD model plugin
2024-04-09 15:53:42,664 [INFO] PluginManage:359 - Loaded plugin cadmodel (category:power,tabindex:5)
2024-04-09 15:53:42,664 [INFO] PluginManage:310 - Check plugin clock
2024-04-09 15:53:42,680 [INFO] PluginManage:359 - Loaded plugin clock (category:base,tabindex:2)
2024-04-09 15:53:42,680 [INFO] PluginManage:310 - Check plugin ddr
2024-04-09 15:53:42,682 [INFO] PluginManage:359 - Loaded plugin ddr (category:tool,tabindex:6)
2024-04-09 15:53:42,682 [INFO] PluginManage:310 - Check plugin filemanager
2024-04-09 15:53:42,793 [INFO] PluginManage:359 - Loaded plugin filemanager (category:base,tabindex:10)
2024-04-09 15:53:42,794 [INFO] PluginManage:310 - Check plugin ipmanager
2024-04-09 15:53:42,801 [INFO] PluginManage:359 - Loaded plugin ipmanager (category:base,tabindex:5)
2024-04-09 15:53:42,801 [INFO] PluginManage:310 - Check plugin lpbam
2024-04-09 15:53:42,816 [INFO] PluginManage:359 - Loaded plugin lpbam (category:base,tabindex:0)
2024-04-09 15:53:42,816 [INFO] PluginManage:310 - Check plugin memorymap
2024-04-09 15:53:42,835 [INFO] PluginManage:359 - Loaded plugin memorymap (category:base,tabindex:4)
2024-04-09 15:53:42,836 [INFO] PluginManage:310 - Check plugin pinoutandconfiguration
2024-04-09 15:53:42,849 [INFO] PluginManage:359 - Loaded plugin pinoutandconfiguration (category:base,tabindex:1)
2024-04-09 15:53:42,849 [INFO] PluginManage:310 - Check plugin pinoutconfig
2024-04-09 15:53:42,925 [WARN] SupportedApi:132 - Cannot load RTOS API schema: s4s-elt-must-match.1: The content of 'definitions' must match (annotation?, (simpleType | complexType)?, (unique | key | keyref)*)). A problem was found starting at: attribute.
2024-04-09 15:53:43,035 [INFO] PluginManage:359 - Loaded plugin pinoutconfig (category:base,tabindex:0)
2024-04-09 15:53:43,035 [INFO] PluginManage:310 - Check plugin power
2024-04-09 15:53:43,051 [INFO] PluginManage:359 - Loaded plugin power (category:power,tabindex:4)
2024-04-09 15:53:43,051 [INFO] PluginManage:310 - Check plugin projectmanager
2024-04-09 15:53:43,064 [INFO] PluginManage:359 - Loaded plugin projectmanager (category:projectmanager,tabindex:3)
2024-04-09 15:53:43,064 [INFO] PluginManage:310 - Check plugin thirdparty
2024-04-09 15:53:43,299 [INFO] PluginManage:359 - Loaded plugin thirdparty (category:base,tabindex:-1)
2024-04-09 15:53:43,299 [INFO] PluginManage:310 - Check plugin tools
2024-04-09 15:53:43,299 [WARN] IntegrityCheckThread:84 - waiting for thirdparty lock release [integrity check]
2024-04-09 15:53:43,299 [INFO] IntegrityCheckThread:86 - entering critical section [integrity check]
2024-04-09 15:53:43,300 [INFO] ThirdPartyUpdaterWithRetryManager:70 - Updater plugin not ready yet. [1/15]
2024-04-09 15:53:43,327 [INFO] PluginManage:359 - Loaded plugin tools (category:base,tabindex:7)
2024-04-09 15:53:43,328 [INFO] PluginManage:310 - Check plugin tutovideos
2024-04-09 15:53:43,485 [INFO] PluginManage:359 - Loaded plugin tutovideos (category:base,tabindex:-1)
2024-04-09 15:53:43,485 [INFO] PluginManage:310 - Check plugin updater
2024-04-09 15:53:43,494 [INFO] PluginManage:359 - Loaded plugin updater (category:base,tabindex:12)
2024-04-09 15:53:43,494 [INFO] PluginManage:310 - Check plugin userauth
2024-04-09 15:53:43,498 [INFO] UserAuth:114 - Init User Auth plugin
2024-04-09 15:53:43,499 [INFO] PluginManage:359 - Loaded plugin userauth (category:base,tabindex:14)
2024-04-09 15:53:43,499 [INFO] PluginManage:283 - PluginManage : Loaded plugins [17]
2024-04-09 15:53:43,692 [INFO] PinOutPanel:1499 - setPackage(No Configuration,No Configuration)
2024-04-09 15:53:43,774 [INFO] CADModel:165 - CPN selected for project level
2024-04-09 15:53:43,774 [INFO] CADModel:114 - Register for checkConnection events
2024-04-09 15:53:43,802 [INFO] IPUIPlugin:80 - create IPUIPlugin
2024-04-09 15:53:43,802 [INFO] PluginManager:220 - loadIPPluginJar : add adc
2024-04-09 15:53:43,829 [INFO] IPUIPlugin:80 - create IPUIPlugin
2024-04-09 15:53:43,829 [INFO] PluginManager:220 - loadIPPluginJar : add aes
2024-04-09 15:53:43,859 [INFO] IPUIPlugin:80 - create IPUIPlugin
2024-04-09 15:53:43,859 [INFO] PluginManager:220 - loadIPPluginJar : add can
2024-04-09 15:53:43,876 [INFO] IPUIPlugin:80 - create IPUIPlugin
2024-04-09 15:53:43,876 [INFO] PluginManager:220 - loadIPPluginJar : add comp
2024-04-09 15:53:43,901 [INFO] IPUIPlugin:80 - create IPUIPlugin
2024-04-09 15:53:43,901 [INFO] PluginManager:220 - loadIPPluginJar : add cryp
2024-04-09 15:53:43,925 [INFO] IPUIPlugin:80 - create IPUIPlugin
2024-04-09 15:53:43,925 [INFO] PluginManager:220 - loadIPPluginJar : add dfsdm
2024-04-09 15:53:43,937 [INFO] IPUIPlugin:80 - create IPUIPlugin
2024-04-09 15:53:43,937 [INFO] PluginManager:220 - loadIPPluginJar : add dma
2024-04-09 15:53:43,967 [INFO] IPUIPlugin:80 - create IPUIPlugin
2024-04-09 15:53:43,968 [INFO] PluginManager:220 - loadIPPluginJar : add dma3
2024-04-09 15:53:43,982 [INFO] IPUIPlugin:80 - create IPUIPlugin
2024-04-09 15:53:43,983 [INFO] PluginManager:220 - loadIPPluginJar : add fatfs
2024-04-09 15:53:44,017 [INFO] IPUIPlugin:80 - create IPUIPlugin
2024-04-09 15:53:44,018 [INFO] PluginManager:220 - loadIPPluginJar : add fmc
2024-04-09 15:53:44,030 [INFO] IPUIPlugin:80 - create IPUIPlugin
2024-04-09 15:53:44,030 [INFO] PluginManager:220 - loadIPPluginJar : add freertos
2024-04-09 15:53:44,047 [INFO] IPUIPlugin:80 - create IPUIPlugin
2024-04-09 15:53:44,047 [INFO] PluginManager:220 - loadIPPluginJar : add genericplugin
2024-04-09 15:53:44,110 [INFO] IPUIPlugin:80 - create IPUIPlugin
2024-04-09 15:53:44,110 [INFO] PluginManager:220 - loadIPPluginJar : add gfxmmu
2024-04-09 15:53:44,199 [INFO] IPUIPlugin:80 - create IPUIPlugin
2024-04-09 15:53:44,199 [INFO] PluginManager:220 - loadIPPluginJar : add gic
2024-04-09 15:53:44,210 [INFO] IPUIPlugin:80 - create IPUIPlugin
2024-04-09 15:53:44,210 [INFO] PluginManager:220 - loadIPPluginJar : add gpio
2024-04-09 15:53:44,274 [INFO] IPUIPlugin:80 - create IPUIPlugin
2024-04-09 15:53:44,274 [INFO] PluginManager:220 - loadIPPluginJar : add gtzc
2024-04-09 15:53:44,297 [INFO] IPUIPlugin:80 - create IPUIPlugin
2024-04-09 15:53:44,297 [INFO] PluginManager:220 - loadIPPluginJar : add hash
2024-04-09 15:53:44,336 [INFO] IPUIPlugin:80 - create IPUIPlugin
2024-04-09 15:53:44,336 [INFO] PluginManager:220 - loadIPPluginJar : add i2c
2024-04-09 15:53:44,365 [INFO] IPUIPlugin:80 - create IPUIPlugin
2024-04-09 15:53:44,365 [INFO] PluginManager:220 - loadIPPluginJar : add i2s
2024-04-09 15:53:44,395 [INFO] IPUIPlugin:80 - create IPUIPlugin
2024-04-09 15:53:44,395 [INFO] PluginManager:220 - loadIPPluginJar : add i3c
2024-04-09 15:53:44,471 [INFO] IPUIPlugin:80 - create IPUIPlugin
2024-04-09 15:53:44,471 [INFO] PluginManager:220 - loadIPPluginJar : add ipddr
2024-04-09 15:53:44,535 [INFO] IPUIPlugin:80 - create IPUIPlugin
2024-04-09 15:53:44,536 [INFO] PluginManager:220 - loadIPPluginJar : add linkedlist
2024-04-09 15:53:44,563 [INFO] IPUIPlugin:80 - create IPUIPlugin
2024-04-09 15:53:44,563 [INFO] PluginManager:220 - loadIPPluginJar : add lorawan
2024-04-09 15:53:44,590 [INFO] IPUIPlugin:80 - create IPUIPlugin
2024-04-09 15:53:44,590 [INFO] PluginManager:220 - loadIPPluginJar : add ltdc
2024-04-09 15:53:44,601 [INFO] IPUIPlugin:80 - create IPUIPlugin
2024-04-09 15:53:44,602 [INFO] PluginManager:220 - loadIPPluginJar : add mdma
2024-04-09 15:53:44,611 [INFO] IPUIPlugin:80 - create IPUIPlugin
2024-04-09 15:53:44,611 [INFO] PluginManager:220 - loadIPPluginJar : add nvic
2024-04-09 15:53:44,637 [INFO] IPUIPlugin:80 - create IPUIPlugin
2024-04-09 15:53:44,638 [INFO] PluginManager:220 - loadIPPluginJar : add opamp
2024-04-09 15:53:44,679 [INFO] IPUIPlugin:80 - create IPUIPlugin
2024-04-09 15:53:44,680 [INFO] PluginManager:220 - loadIPPluginJar : add openamp
2024-04-09 15:53:44,711 [INFO] IPUIPlugin:80 - create IPUIPlugin
2024-04-09 15:53:44,711 [INFO] PluginManager:220 - loadIPPluginJar : add pdm2pcm
2024-04-09 15:53:44,723 [INFO] IPUIPlugin:80 - create IPUIPlugin
2024-04-09 15:53:44,725 [INFO] PluginManager:220 - loadIPPluginJar : add plateformsettings
2024-04-09 15:53:44,741 [INFO] IPUIPlugin:80 - create IPUIPlugin
2024-04-09 15:53:44,741 [INFO] PluginManager:220 - loadIPPluginJar : add quadspi
2024-04-09 15:53:44,751 [INFO] IPUIPlugin:80 - create IPUIPlugin
2024-04-09 15:53:44,751 [INFO] PluginManager:220 - loadIPPluginJar : add resmgrutility
2024-04-09 15:53:44,786 [INFO] IPUIPlugin:80 - create IPUIPlugin
2024-04-09 15:53:44,786 [INFO] PluginManager:220 - loadIPPluginJar : add sai
2024-04-09 15:53:44,814 [INFO] IPUIPlugin:80 - create IPUIPlugin
2024-04-09 15:53:44,814 [INFO] PluginManager:220 - loadIPPluginJar : add spi
2024-04-09 15:53:44,864 [INFO] IPUIPlugin:80 - create IPUIPlugin
2024-04-09 15:53:44,864 [INFO] PluginManager:220 - loadIPPluginJar : add stm32_wpan
2024-04-09 15:53:44,881 [INFO] IPUIPlugin:80 - create IPUIPlugin
2024-04-09 15:53:44,881 [INFO] PluginManager:220 - loadIPPluginJar : add tim
2024-04-09 15:53:44,922 [INFO] IPUIPlugin:80 - create IPUIPlugin
2024-04-09 15:53:44,922 [INFO] PluginManager:220 - loadIPPluginJar : add touchsensing
2024-04-09 15:53:44,941 [INFO] IPUIPlugin:80 - create IPUIPlugin
2024-04-09 15:53:44,941 [INFO] PluginManager:220 - loadIPPluginJar : add tracer_emb
2024-04-09 15:53:44,960 [INFO] IPUIPlugin:80 - create IPUIPlugin
2024-04-09 15:53:44,960 [INFO] PluginManager:220 - loadIPPluginJar : add ts
2024-04-09 15:53:44,978 [INFO] IPUIPlugin:80 - create IPUIPlugin
2024-04-09 15:53:44,978 [INFO] PluginManager:220 - loadIPPluginJar : add tsc
2024-04-09 15:53:44,996 [INFO] IPUIPlugin:80 - create IPUIPlugin
2024-04-09 15:53:44,996 [INFO] PluginManager:220 - loadIPPluginJar : add ucpd
2024-04-09 15:53:45,030 [INFO] IPUIPlugin:80 - create IPUIPlugin
2024-04-09 15:53:45,030 [INFO] PluginManager:220 - loadIPPluginJar : add usart
2024-04-09 15:53:45,065 [INFO] IPUIPlugin:80 - create IPUIPlugin
2024-04-09 15:53:45,065 [INFO] PluginManager:220 - loadIPPluginJar : add usbx
2024-04-09 15:53:45,185 [INFO] CADModel:165 - CPN selected for project level
2024-04-09 15:53:45,185 [INFO] CADModel:114 - Register for checkConnection events
2024-04-09 15:53:45,185 [FATAL] Updater:308 - Updater called before beeing initialized
2024-04-09 15:53:45,185 [ERROR] CADModel:125 - Updater not yet initialized, retry later 
2024-04-09 15:53:45,307 [INFO] CADModel:165 - CPN selected for project level
2024-04-09 15:53:45,307 [INFO] CADModel:114 - Register for checkConnection events
2024-04-09 15:53:45,307 [FATAL] Updater:308 - Updater called before beeing initialized
2024-04-09 15:53:45,307 [ERROR] CADModel:125 - Updater not yet initialized, retry later 
2024-04-09 15:53:45,310 [FATAL] Updater:308 - Updater called before beeing initialized
2024-04-09 15:53:45,396 [FATAL] Updater:308 - Updater called before beeing initialized
2024-04-09 15:53:45,404 [INFO] DbMcusAds:53 - JSON generation date=Wed Nov 29 05:52:27 EST 2023 (1701255147349)
2024-04-09 15:53:45,404 [FATAL] Updater:308 - Updater called before beeing initialized
2024-04-09 15:53:45,467 [WARN] DetailPanel:346 - Failed to get advertising image, set to default
2024-04-09 15:53:45,559 [FATAL] Updater:308 - Updater called before beeing initialized
2024-04-09 15:53:45,561 [FATAL] Updater:308 - Updater called before beeing initialized
2024-04-09 15:53:45,561 [FATAL] Updater:308 - Updater called before beeing initialized
2024-04-09 15:53:45,561 [WARN] DetailPanel:346 - Failed to get advertising image, set to default
2024-04-09 15:53:45,562 [FATAL] Updater:308 - Updater called before beeing initialized
2024-04-09 15:53:45,613 [ERROR] Updater:1120 - MainUpdater not yet initialized. External WinMGr cannot be set.
2024-04-09 15:53:45,623 [INFO] Updater:1056 - Updater Version found : 6.10.0
2024-04-09 15:53:45,640 [INFO] ApplicationProperties:184 - Using Application install path: C:\ST\STM32CubeIDE_1.14.1\STM32CubeIDE\plugins\com.st.stm32cube.common.mx_6.10.0.202311202037
2024-04-09 15:53:45,905 [INFO] MainUpdater:2873 - connection check result : 10
2024-04-09 15:53:45,905 [INFO] MainUpdater:3567 - Updater definition file requires update
2024-04-09 15:53:45,907 [INFO] MainUpdater:290 - Updater Check For Update Now.
2024-04-09 15:53:45,907 [INFO] MicroXplorer:498 - Change Database Version : DB.6.0.100
2024-04-09 15:53:45,920 [INFO] McuFinderGlobals:63 - Set McuFinder mode to 2 (CubeIDE integrated)
2024-04-09 15:53:45,976 [INFO] ServerAccessManage:473 - Download File updaters.zip
2024-04-09 15:53:46,044 [INFO] FileExtend:240 - Unzip File : updaters.zip
2024-04-09 15:53:46,044 [INFO] FileExtend:255 - Standard Zip Deflate
2024-04-09 15:53:46,219 [INFO] UserAuth:404 - Internet connection configuration mode: 1
2024-04-09 15:53:46,248 [INFO] JxBrowserEngine:152 - Initiate JxBrowser Engine with user profile folder
2024-04-09 15:53:46,301 [WARN] MainUpdater:1194 - Updater busy. Cannot search thirdparties
2024-04-09 15:53:46,301 [INFO] ThirdPartyUpdaterWithRetryManager:96 - Updater plugin is busy. [1/15]
2024-04-09 15:53:46,555 [INFO] ServerAccessManage:473 - Download File PacksControlFlags.xml
2024-04-09 15:53:46,612 [INFO] ServerAccessManage:473 - Download File cubemx.pidx
2024-04-09 15:53:47,268 [INFO] ServerAccessManage:473 - Download File STMicroelectronics.X-CUBE-TCPP.pdsc
2024-04-09 15:53:47,695 [WARN] PackLoader:240 - Cannot read IP mode file for STMicroelectronics.X-CUBE-TCPP.4.1.0
2024-04-09 15:53:47,698 [INFO] PopulateThirdPartyThread:66 - Ending populate Thread
2024-04-09 15:53:47,700 [INFO] ThirdParty:1030 - CMSIS Pack Vendor :STMicroelectronics X-CUBE-TCPP 4.1.0
2024-04-09 15:53:47,700 [INFO] LoadServerUpdatesThread:375 - End of LoadServerUpdate Thread
2024-04-09 15:53:47,817 [INFO] CheckServerUpdateThread:120 - End of CheckServer Thread
2024-04-09 15:53:48,900 [INFO] WebApp:161 - Instantiating new browser for Auth
2024-04-09 15:53:49,327 [INFO] WebApp:780 - Register for checkConnection events
2024-04-09 15:53:49,327 [INFO] WebApp:414 - Apply proxy settings
2024-04-09 15:53:49,327 [INFO] WebApp:499 - Chromium requires no authentication
2024-04-09 15:53:49,333 [INFO] WebApp:442 - Direct internet connection detected
2024-04-09 15:53:49,471 [INFO] WebApp:192 - Starting web application
2024-04-09 15:53:49,471 [INFO] WebApp:544 - Web application path used C:\ST\STM32CubeIDE_1.14.1\STM32CubeIDE\plugins\com.st.stm32cube.common.mx_6.10.0.202311202037\db\plugins\mcufinder\reactClient1\index.html
2024-04-09 15:53:49,476 [WARN] PackLoader:240 - Cannot read IP mode file for STMicroelectronics.X-CUBE-SMBUS.2.1.0
2024-04-09 15:53:49,487 [WARN] PackLoader:240 - Cannot read IP mode file for STMicroelectronics.X-CUBE-TOUCHGFX.4.23.0
2024-04-09 15:53:49,498 [WARN] PackLoader:240 - Cannot read IP mode file for STMicroelectronics.X-CUBE-TOUCHGFX.4.23.2
2024-04-09 15:53:49,525 [WARN] PackLoader:240 - Cannot read IP mode file for STMicroelectronics.X-CUBE-AZRTOS-F7.1.1.0
2024-04-09 15:53:49,544 [WARN] PackLoader:240 - Cannot read IP mode file for STMicroelectronics.FP-SNS-MOTENV1.4.3.2
2024-04-09 15:53:49,553 [WARN] PackLoader:240 - Cannot read IP mode file for STMicroelectronics.FP-SNS-FLIGHT1.5.0.2
2024-04-09 15:53:49,571 [WARN] PackLoader:240 - Cannot read IP mode file for STMicroelectronics.X-CUBE-DISPLAY.3.0.0
2024-04-09 15:53:49,593 [WARN] PackLoader:240 - Cannot read IP mode file for STMicroelectronics.X-CUBE-BLE1.7.0.0
2024-04-09 15:53:49,611 [WARN] PackLoader:240 - Cannot read IP mode file for emotas.I-CUBE-CANOPEN.1.3.0
2024-04-09 15:53:49,638 [WARN] PackLoader:240 - Cannot read IP mode file for STMicroelectronics.X-CUBE-BLEMGR.3.1.0
2024-04-09 15:53:49,658 [WARN] PackLoader:240 - Cannot read IP mode file for STMicroelectronics.FP-SNS-SMARTAG2.1.2.0
2024-04-09 15:53:49,685 [INFO] LogOutputStream:77 - [STDOUT_REDIRECT] 1 : Invalid condition id : UX_CORESTACK_Condition cause : null
2024-04-09 15:53:49,685 [INFO] LogOutputStream:77 - [STDOUT_REDIRECT] 1 : Invalid condition id : UX_CORESTACK_Condition cause : null
2024-04-09 15:53:49,686 [INFO] LogOutputStream:77 - [STDOUT_REDIRECT] 1 : Invalid condition id : UX_CORESTACK_Condition cause : null
2024-04-09 15:53:49,687 [INFO] LogOutputStream:77 - [STDOUT_REDIRECT] 1 : Invalid condition id : UX_CORESTACK_Condition cause : null
2024-04-09 15:53:49,688 [INFO] LogOutputStream:77 - [STDOUT_REDIRECT] 1 : Invalid condition id : UX_CORESTACK_Condition cause : null
2024-04-09 15:53:49,690 [WARN] PackLoader:240 - Cannot read IP mode file for STMicroelectronics.X-CUBE-AZRTOS-WL.2.0.0
2024-04-09 15:53:49,703 [WARN] PackLoader:240 - Cannot read IP mode file for STMicroelectronics.FP-SNS-MOTENV1.5.0.0
2024-04-09 15:53:49,724 [WARN] PackLoader:240 - Cannot read IP mode file for WES.I-CUBE-Cesium.1.3.0
2024-04-09 15:53:49,741 [WARN] PackLoader:240 - Cannot read IP mode file for STMicroelectronics.X-CUBE-BLE2.3.3.0
2024-04-09 15:53:49,756 [WARN] PackLoader:240 - Cannot read IP mode file for STMicroelectronics.X-CUBE-TCPP.4.1.0
2024-04-09 15:53:49,773 [WARN] PackLoader:240 - Cannot read IP mode file for STMicroelectronics.X-CUBE-ALGOBUILD.1.3.0
2024-04-09 15:53:49,802 [WARN] PackLoader:240 - Cannot read IP mode file for STMicroelectronics.X-CUBE-AZRTOS-G0.1.1.0
2024-04-09 15:53:49,820 [WARN] PackLoader:240 - Cannot read IP mode file for STMicroelectronics.X-CUBE-SAFEA1.1.2.2
2024-04-09 15:53:49,834 [WARN] PackLoader:240 - Cannot read IP mode file for STMicroelectronics.X-CUBE-NFC4.3.0.0
2024-04-09 15:53:49,850 [WARN] PackLoader:240 - Cannot read IP mode file for STMicroelectronics.X-CUBE-BLEMGR.3.0.0
2024-04-09 15:53:49,865 [WARN] PackLoader:240 - Cannot read IP mode file for STMicroelectronics.FP-ATR-SIGFOX1.3.2.0
2024-04-09 15:53:49,879 [WARN] PackLoader:240 - Cannot read IP mode file for STMicroelectronics.X-CUBE-EEPRMA1.5.1.0
2024-04-09 15:53:49,914 [WARN] PackLoader:240 - Cannot read IP mode file for SEGGER.I-CUBE-embOS.1.3.1
2024-04-09 15:53:49,962 [WARN] PackLoader:240 - Cannot read IP mode file for STMicroelectronics.X-CUBE-GNSS1.6.0.0
2024-04-09 15:53:49,994 [WARN] PackLoader:240 - Cannot read IP mode file for STMicroelectronics.X-CUBE-AZRTOS-F4.1.1.0
2024-04-09 15:53:50,013 [WARN] PackLoader:240 - Cannot read IP mode file for wolfSSL.I-CUBE-wolfSSL.5.6.6
2024-04-09 15:53:50,049 [WARN] PackLoader:240 - Cannot read IP mode file for STMicroelectronics.X-CUBE-AZRTOS-L5.2.0.0
2024-04-09 15:53:50,069 [WARN] PackLoader:240 - Cannot read IP mode file for STMicroelectronics.X-CUBE-NFC6.3.1.0
2024-04-09 15:53:50,087 [WARN] PackLoader:240 - Cannot read IP mode file for ITTIA_DB.I-CUBE-ITTIADB.8.8.0
2024-04-09 15:53:50,104 [WARN] PackLoader:240 - Cannot read IP mode file for STMicroelectronics.X-CUBE-NFC7.1.0.1
2024-04-09 15:53:50,122 [WARN] PackLoader:240 - Cannot read IP mode file for STMicroelectronics.X-CUBE-NFC6.3.0.0
2024-04-09 15:53:50,138 [WARN] PackLoader:240 - Cannot read IP mode file for STMicroelectronics.X-CUBE-AI.8.1.0
2024-04-09 15:53:50,169 [WARN] ConditionMgr:438 - getConditionDescription Invalid condition id : LAN8742 Phy interface Condition cause : null
2024-04-09 15:53:50,170 [WARN] PackLoader:240 - Cannot read IP mode file for STMicroelectronics.X-CUBE-AZRTOS-L4.2.0.0
2024-04-09 15:53:50,172 [WARN] ConditionMgr:1039 - genDependencies : Invalid condition id : LAN8742 Phy interface Condition cause : null
2024-04-09 15:53:50,172 [WARN] ConditionMgr:1039 - genDependencies : Invalid condition id : LAN8742 Phy interface Condition cause : null
2024-04-09 15:53:50,173 [WARN] ConditionMgr:1039 - genDependencies : Invalid condition id : LAN8742 Phy interface Condition cause : null
2024-04-09 15:53:50,193 [WARN] PackLoader:240 - Cannot read IP mode file for STMicroelectronics.X-CUBE-SFXS2LP1.4.0.0
2024-04-09 15:53:50,221 [WARN] ConditionMgr:438 - getConditionDescription Invalid condition id : UX DEVICE CLASS RTOS Condition cause : null
2024-04-09 15:53:50,221 [WARN] ConditionMgr:438 - getConditionDescription Invalid condition id : UX DEVICE CLASS RTOS Condition cause : null
2024-04-09 15:53:50,223 [WARN] PackLoader:240 - Cannot read IP mode file for STMicroelectronics.X-CUBE-AZRTOS-WB.2.0.0
2024-04-09 15:53:50,223 [WARN] ConditionMgr:1039 - genDependencies : Invalid condition id : UX DEVICE CLASS RTOS Condition cause : null
2024-04-09 15:53:50,224 [WARN] ConditionMgr:1039 - genDependencies : Invalid condition id : UX DEVICE CLASS RTOS Condition cause : null
2024-04-09 15:53:50,224 [WARN] ConditionMgr:1039 - genDependencies : Invalid condition id : UX DEVICE CLASS RTOS Condition cause : null
2024-04-09 15:53:50,225 [WARN] ConditionMgr:1039 - genDependencies : Invalid condition id : UX DEVICE CLASS RTOS Condition cause : null
2024-04-09 15:53:50,225 [WARN] ConditionMgr:1039 - genDependencies : Invalid condition id : UX DEVICE CLASS RTOS Condition cause : null
2024-04-09 15:53:50,247 [WARN] PackLoader:240 - Cannot read IP mode file for STMicroelectronics.X-CUBE-SUBG2.5.0.0
2024-04-09 15:53:50,276 [WARN] PackLoader:240 - Cannot read IP mode file for STMicroelectronics.X-CUBE-AZRTOS-G4.2.0.0
2024-04-09 15:53:50,307 [WARN] PackLoader:240 - Cannot read IP mode file for Infineon.AIROC-Wi-Fi-Bluetooth-STM32.1.5.1
2024-04-09 15:53:50,318 [WARN] PackLoader:240 - Cannot read IP mode file for STMicroelectronics.FP-SNS-MOTENVWB1.1.3.1
2024-04-09 15:53:50,334 [WARN] PackLoader:240 - Cannot read IP mode file for STMicroelectronics.X-CUBE-ISPU.2.0.0
2024-04-09 15:53:50,392 [WARN] PackLoader:240 - Cannot read IP mode file for STMicroelectronics.X-CUBE-MEMS1.10.0.0
2024-04-09 15:53:50,504 [WARN] PackLoader:240 - Cannot read IP mode file for STMicroelectronics.X-CUBE-FREERTOS.1.1.0
2024-04-09 15:53:50,522 [WARN] PackLoader:240 - Cannot read IP mode file for portGmbH.I-Cube-SoM-uGOAL.1.1.0
2024-04-09 15:53:50,539 [WARN] PackLoader:240 - Cannot read IP mode file for STMicroelectronics.X-CUBE-ALS.1.0.1
2024-04-09 15:53:50,546 [WARN] PackLoader:240 - Cannot read IP mode file for STMicroelectronics.FP-ATR-ASTRA1.2.0.0
2024-04-09 15:53:50,567 [WARN] PackLoader:240 - Cannot read IP mode file for STMicroelectronics.X-CUBE-TOF1.3.4.0
2024-04-09 15:53:50,596 [WARN] PackLoader:240 - Cannot read IP mode file for STMicroelectronics.X-CUBE-TOF1.3.4.1
2024-04-09 15:53:50,632 [WARN] PackLoader:240 - Cannot read IP mode file for STMicroelectronics.X-CUBE-AZRTOS-H7.3.2.0
2024-04-09 15:53:50,634 [INFO] ThirdParty:978 - Integrity check success = true
2024-04-09 15:53:50,635 [INFO] IntegrityCheckThread:100 - exiting critical section [integrity check]
2024-04-09 15:53:50,635 [INFO] IntegrityCheckThread:103 - End integrity checks thread
2024-04-09 15:54:10,611 [ERROR] LogOutputStream:75 - [STDERR_REDIRECT] SLF4J: Failed to load class "org.slf4j.impl.StaticLoggerBinder".
2024-04-09 15:54:10,611 [ERROR] LogOutputStream:75 - [STDERR_REDIRECT] SLF4J: Defaulting to no-operation (NOP) logger implementation
2024-04-09 15:54:10,612 [ERROR] LogOutputStream:75 - [STDERR_REDIRECT] SLF4J: See http://www.slf4j.org/codes.html#StaticLoggerBinder for further details.
2024-04-09 16:11:56,881 [ERROR] LogOutputStream:75 - [STDERR_REDIRECT] 
