2024-04-03 11:00:09,902 [INFO] Activator:176 - 


2024-04-03 11:00:09,907 [INFO] Activator:177 - !SESSION log4j initialized
2024-04-03 11:00:14,923 [INFO] LogOutputStream:77 - [STDOUT_REDIRECT] 
2024-04-03 11:00:16,477 [INFO] ApplicationProperties:184 - Using Application install path: C:\ST\STM32CubeIDE_1.14.1\STM32CubeIDE\plugins\com.st.stm32cube.common.mx_6.10.0.202311202037
2024-04-03 11:00:16,493 [INFO] DbMcusXml:78 - Set database path to: C:\ST\STM32CubeIDE_1.14.1\STM32CubeIDE\plugins\com.st.stm32cube.common.mx_6.10.0.202311202037\\db\/mcu/
2024-04-03 11:00:16,493 [INFO] ApiDb:274 - Set plugin database path to: C:\ST\STM32CubeIDE_1.14.1\STM32CubeIDE\plugins\com.st.stm32cube.common.mx_6.10.0.202311202037\\db\/plugins/boardmanager/
2024-04-03 11:00:16,494 [WARN] ApiDb:259 - Overriding images path with different value:  => C:\ST\STM32CubeIDE_1.14.1\STM32CubeIDE\plugins\com.st.stm32cube.common.mx_6.10.0.202311202037\\db\/plugins/mcufinder/images/
2024-04-03 11:00:16,502 [INFO] ApiDb:250 - Set database path to: C:\Users\nikan\.stmcufinder\plugins\mcufinder//mcu/
2024-04-03 11:00:16,503 [INFO] DbMcusAds:125 - Set database path to: C:\Users\nikan\.stmcufinder\plugins\mcufinder//mcu/
2024-04-03 11:00:16,504 [INFO] CrossReferenceDbSqlite:203 - Set database path to: C:\Users\nikan\.stmcufinder\plugins\mcufinder//mcu/cs/
2024-04-03 11:00:16,593 [INFO] RulesReader:64 - Compatibility file has been processed (297 Rules)
2024-04-03 11:00:16,683 [INFO] DbMcusXml:78 - Set database path to: C:\ST\STM32CubeIDE_1.14.1\STM32CubeIDE\plugins\com.st.stm32cube.common.mx_6.10.0.202311202037\\db\/mcu/
2024-04-03 11:00:16,683 [INFO] ApiDb:274 - Set plugin database path to: C:\ST\STM32CubeIDE_1.14.1\STM32CubeIDE\plugins\com.st.stm32cube.common.mx_6.10.0.202311202037\\db\/plugins/boardmanager/
2024-04-03 11:00:16,683 [INFO] ApiDb:261 - Set plugin images path to: C:\ST\STM32CubeIDE_1.14.1\STM32CubeIDE\plugins\com.st.stm32cube.common.mx_6.10.0.202311202037\\db\/plugins/mcufinder/images/
2024-04-03 11:00:16,683 [WARN] DbFile:41 - Overriding database path with different value: C:\Users\nikan\.stmcufinder\plugins\mcufinder/ => C:\Users\nikan\.stmcufinder\plugins\mcufinder
2024-04-03 11:00:16,683 [INFO] ApiDb:250 - Set database path to: C:\Users\nikan\.stmcufinder\plugins\mcufinder//mcu/
2024-04-03 11:00:16,683 [WARN] DbFile:41 - Overriding database path with different value: C:\Users\nikan\.stmcufinder\plugins\mcufinder/ => C:\Users\nikan\.stmcufinder\plugins\mcufinder
2024-04-03 11:00:16,684 [INFO] DbMcusAds:125 - Set database path to: C:\Users\nikan\.stmcufinder\plugins\mcufinder//mcu/
2024-04-03 11:00:16,684 [WARN] DbFile:41 - Overriding database path with different value: C:\Users\nikan\.stmcufinder\plugins\mcufinder/ => C:\Users\nikan\.stmcufinder\plugins\mcufinder
2024-04-03 11:00:16,684 [WARN] DbFile:41 - Overriding database path with different value: C:\Users\nikan\.stmcufinder\plugins\mcufinder/ => C:\Users\nikan\.stmcufinder\plugins\mcufinder
2024-04-03 11:00:16,684 [INFO] CrossReferenceDbSqlite:203 - Set database path to: C:\Users\nikan\.stmcufinder\plugins\mcufinder//mcu/cs/
2024-04-03 11:00:16,751 [INFO] MainPanel:264 - HeapMemory: 268435456
2024-04-03 11:00:16,827 [INFO] DbMcusXml:78 - Set database path to: C:\ST\STM32CubeIDE_1.14.1\STM32CubeIDE\plugins\com.st.stm32cube.common.mx_6.10.0.202311202037\\db\/mcu/
2024-04-03 11:00:16,827 [INFO] ApiDb:274 - Set plugin database path to: C:\ST\STM32CubeIDE_1.14.1\STM32CubeIDE\plugins\com.st.stm32cube.common.mx_6.10.0.202311202037\\db\/plugins/boardmanager/
2024-04-03 11:00:16,827 [INFO] ApiDb:261 - Set plugin images path to: C:\ST\STM32CubeIDE_1.14.1\STM32CubeIDE\plugins\com.st.stm32cube.common.mx_6.10.0.202311202037\\db\/plugins/mcufinder/images/
2024-04-03 11:00:16,827 [WARN] DbFile:41 - Overriding database path with different value: C:\Users\nikan\.stmcufinder\plugins\mcufinder/ => C:\Users\nikan\.stmcufinder\plugins\mcufinder
2024-04-03 11:00:16,827 [INFO] ApiDb:250 - Set database path to: C:\Users\nikan\.stmcufinder\plugins\mcufinder//mcu/
2024-04-03 11:00:16,827 [WARN] DbFile:41 - Overriding database path with different value: C:\Users\nikan\.stmcufinder\plugins\mcufinder/ => C:\Users\nikan\.stmcufinder\plugins\mcufinder
2024-04-03 11:00:16,827 [INFO] DbMcusAds:125 - Set database path to: C:\Users\nikan\.stmcufinder\plugins\mcufinder//mcu/
2024-04-03 11:00:16,828 [WARN] DbFile:41 - Overriding database path with different value: C:\Users\nikan\.stmcufinder\plugins\mcufinder/ => C:\Users\nikan\.stmcufinder\plugins\mcufinder
2024-04-03 11:00:16,828 [WARN] DbFile:41 - Overriding database path with different value: C:\Users\nikan\.stmcufinder\plugins\mcufinder/ => C:\Users\nikan\.stmcufinder\plugins\mcufinder
2024-04-03 11:00:16,828 [INFO] CrossReferenceDbSqlite:203 - Set database path to: C:\Users\nikan\.stmcufinder\plugins\mcufinder//mcu/cs/
2024-04-03 11:00:16,845 [INFO] ApplicationProperties:184 - Using Application install path: C:\ST\STM32CubeIDE_1.14.1\STM32CubeIDE\plugins\com.st.stm32cube.common.mx_6.10.0.202311202037
2024-04-03 11:00:16,846 [INFO] PluginManage:196 - Search for loadable plugins [exclusion list=, ]
2024-04-03 11:00:16,847 [INFO] PluginManage:310 - Check plugin analytics
2024-04-03 11:00:16,971 [INFO] AnalyticsPlugin:253 - Accepted Software Licenses: 
2024-04-03 11:00:16,971 [INFO] AnalyticsPlugin:255 - Accepted CMSIS Pack Licenses: 
2024-04-03 11:00:16,971 [INFO] AnalyticsPlugin:257 - Accepted Firmware Licenses: FW.WB.1.18.0
2024-04-03 11:00:16,974 [INFO] PluginManage:359 - Loaded plugin analytics (category:tool,tabindex:-1)
2024-04-03 11:00:16,974 [INFO] PluginManage:310 - Check plugin cadmodel
2024-04-03 11:00:16,986 [INFO] CADModel:105 - Init CAD model plugin
2024-04-03 11:00:16,987 [INFO] PluginManage:359 - Loaded plugin cadmodel (category:power,tabindex:5)
2024-04-03 11:00:16,987 [INFO] PluginManage:310 - Check plugin clock
2024-04-03 11:00:17,004 [INFO] PluginManage:359 - Loaded plugin clock (category:base,tabindex:2)
2024-04-03 11:00:17,004 [INFO] PluginManage:310 - Check plugin ddr
2024-04-03 11:00:17,006 [INFO] PluginManage:359 - Loaded plugin ddr (category:tool,tabindex:6)
2024-04-03 11:00:17,006 [INFO] PluginManage:310 - Check plugin filemanager
2024-04-03 11:00:17,121 [INFO] PluginManage:359 - Loaded plugin filemanager (category:base,tabindex:10)
2024-04-03 11:00:17,121 [INFO] PluginManage:310 - Check plugin ipmanager
2024-04-03 11:00:17,128 [INFO] PluginManage:359 - Loaded plugin ipmanager (category:base,tabindex:5)
2024-04-03 11:00:17,129 [INFO] PluginManage:310 - Check plugin lpbam
2024-04-03 11:00:17,143 [INFO] PluginManage:359 - Loaded plugin lpbam (category:base,tabindex:0)
2024-04-03 11:00:17,144 [INFO] PluginManage:310 - Check plugin memorymap
2024-04-03 11:00:17,163 [INFO] PluginManage:359 - Loaded plugin memorymap (category:base,tabindex:4)
2024-04-03 11:00:17,163 [INFO] PluginManage:310 - Check plugin pinoutandconfiguration
2024-04-03 11:00:17,177 [INFO] PluginManage:359 - Loaded plugin pinoutandconfiguration (category:base,tabindex:1)
2024-04-03 11:00:17,177 [INFO] PluginManage:310 - Check plugin pinoutconfig
2024-04-03 11:00:17,253 [WARN] SupportedApi:132 - Cannot load RTOS API schema: s4s-elt-must-match.1: The content of 'definitions' must match (annotation?, (simpleType | complexType)?, (unique | key | keyref)*)). A problem was found starting at: attribute.
2024-04-03 11:00:17,362 [INFO] PluginManage:359 - Loaded plugin pinoutconfig (category:base,tabindex:0)
2024-04-03 11:00:17,362 [INFO] PluginManage:310 - Check plugin power
2024-04-03 11:00:17,380 [INFO] PluginManage:359 - Loaded plugin power (category:power,tabindex:4)
2024-04-03 11:00:17,380 [INFO] PluginManage:310 - Check plugin projectmanager
2024-04-03 11:00:17,394 [INFO] PluginManage:359 - Loaded plugin projectmanager (category:projectmanager,tabindex:3)
2024-04-03 11:00:17,394 [INFO] PluginManage:310 - Check plugin thirdparty
2024-04-03 11:00:17,619 [INFO] PluginManage:359 - Loaded plugin thirdparty (category:base,tabindex:-1)
2024-04-03 11:00:17,619 [INFO] PluginManage:310 - Check plugin tools
2024-04-03 11:00:17,619 [WARN] IntegrityCheckThread:84 - waiting for thirdparty lock release [integrity check]
2024-04-03 11:00:17,619 [INFO] IntegrityCheckThread:86 - entering critical section [integrity check]
2024-04-03 11:00:17,620 [INFO] ThirdPartyUpdaterWithRetryManager:70 - Updater plugin not ready yet. [1/15]
2024-04-03 11:00:17,647 [INFO] PluginManage:359 - Loaded plugin tools (category:base,tabindex:7)
2024-04-03 11:00:17,647 [INFO] PluginManage:310 - Check plugin tutovideos
2024-04-03 11:00:17,813 [INFO] PluginManage:359 - Loaded plugin tutovideos (category:base,tabindex:-1)
2024-04-03 11:00:17,813 [INFO] PluginManage:310 - Check plugin updater
2024-04-03 11:00:17,823 [INFO] PluginManage:359 - Loaded plugin updater (category:base,tabindex:12)
2024-04-03 11:00:17,823 [INFO] PluginManage:310 - Check plugin userauth
2024-04-03 11:00:17,828 [INFO] UserAuth:114 - Init User Auth plugin
2024-04-03 11:00:17,828 [INFO] PluginManage:359 - Loaded plugin userauth (category:base,tabindex:14)
2024-04-03 11:00:17,828 [INFO] PluginManage:283 - PluginManage : Loaded plugins [17]
2024-04-03 11:00:18,021 [INFO] PinOutPanel:1499 - setPackage(No Configuration,No Configuration)
2024-04-03 11:00:18,095 [INFO] CADModel:165 - CPN selected for project level
2024-04-03 11:00:18,095 [INFO] CADModel:114 - Register for checkConnection events
2024-04-03 11:00:18,119 [INFO] IPUIPlugin:80 - create IPUIPlugin
2024-04-03 11:00:18,119 [INFO] PluginManager:220 - loadIPPluginJar : add adc
2024-04-03 11:00:18,147 [INFO] IPUIPlugin:80 - create IPUIPlugin
2024-04-03 11:00:18,147 [INFO] PluginManager:220 - loadIPPluginJar : add aes
2024-04-03 11:00:18,178 [INFO] IPUIPlugin:80 - create IPUIPlugin
2024-04-03 11:00:18,178 [INFO] PluginManager:220 - loadIPPluginJar : add can
2024-04-03 11:00:18,197 [INFO] IPUIPlugin:80 - create IPUIPlugin
2024-04-03 11:00:18,197 [INFO] PluginManager:220 - loadIPPluginJar : add comp
2024-04-03 11:00:18,222 [INFO] IPUIPlugin:80 - create IPUIPlugin
2024-04-03 11:00:18,222 [INFO] PluginManager:220 - loadIPPluginJar : add cryp
2024-04-03 11:00:18,246 [INFO] IPUIPlugin:80 - create IPUIPlugin
2024-04-03 11:00:18,246 [INFO] PluginManager:220 - loadIPPluginJar : add dfsdm
2024-04-03 11:00:18,259 [INFO] IPUIPlugin:80 - create IPUIPlugin
2024-04-03 11:00:18,260 [INFO] PluginManager:220 - loadIPPluginJar : add dma
2024-04-03 11:00:18,293 [INFO] IPUIPlugin:80 - create IPUIPlugin
2024-04-03 11:00:18,293 [INFO] PluginManager:220 - loadIPPluginJar : add dma3
2024-04-03 11:00:18,309 [INFO] IPUIPlugin:80 - create IPUIPlugin
2024-04-03 11:00:18,309 [INFO] PluginManager:220 - loadIPPluginJar : add fatfs
2024-04-03 11:00:18,344 [INFO] IPUIPlugin:80 - create IPUIPlugin
2024-04-03 11:00:18,344 [INFO] PluginManager:220 - loadIPPluginJar : add fmc
2024-04-03 11:00:18,357 [INFO] IPUIPlugin:80 - create IPUIPlugin
2024-04-03 11:00:18,358 [INFO] PluginManager:220 - loadIPPluginJar : add freertos
2024-04-03 11:00:18,373 [INFO] IPUIPlugin:80 - create IPUIPlugin
2024-04-03 11:00:18,374 [INFO] PluginManager:220 - loadIPPluginJar : add genericplugin
2024-04-03 11:00:18,436 [INFO] IPUIPlugin:80 - create IPUIPlugin
2024-04-03 11:00:18,436 [INFO] PluginManager:220 - loadIPPluginJar : add gfxmmu
2024-04-03 11:00:18,525 [INFO] IPUIPlugin:80 - create IPUIPlugin
2024-04-03 11:00:18,525 [INFO] PluginManager:220 - loadIPPluginJar : add gic
2024-04-03 11:00:18,536 [INFO] IPUIPlugin:80 - create IPUIPlugin
2024-04-03 11:00:18,536 [INFO] PluginManager:220 - loadIPPluginJar : add gpio
2024-04-03 11:00:18,601 [INFO] IPUIPlugin:80 - create IPUIPlugin
2024-04-03 11:00:18,602 [INFO] PluginManager:220 - loadIPPluginJar : add gtzc
2024-04-03 11:00:18,625 [INFO] IPUIPlugin:80 - create IPUIPlugin
2024-04-03 11:00:18,625 [INFO] PluginManager:220 - loadIPPluginJar : add hash
2024-04-03 11:00:18,664 [INFO] IPUIPlugin:80 - create IPUIPlugin
2024-04-03 11:00:18,664 [INFO] PluginManager:220 - loadIPPluginJar : add i2c
2024-04-03 11:00:18,694 [INFO] IPUIPlugin:80 - create IPUIPlugin
2024-04-03 11:00:18,694 [INFO] PluginManager:220 - loadIPPluginJar : add i2s
2024-04-03 11:00:18,725 [INFO] IPUIPlugin:80 - create IPUIPlugin
2024-04-03 11:00:18,725 [INFO] PluginManager:220 - loadIPPluginJar : add i3c
2024-04-03 11:00:18,809 [INFO] IPUIPlugin:80 - create IPUIPlugin
2024-04-03 11:00:18,809 [INFO] PluginManager:220 - loadIPPluginJar : add ipddr
2024-04-03 11:00:18,896 [INFO] IPUIPlugin:80 - create IPUIPlugin
2024-04-03 11:00:18,896 [INFO] PluginManager:220 - loadIPPluginJar : add linkedlist
2024-04-03 11:00:18,927 [INFO] IPUIPlugin:80 - create IPUIPlugin
2024-04-03 11:00:18,927 [INFO] PluginManager:220 - loadIPPluginJar : add lorawan
2024-04-03 11:00:18,957 [INFO] IPUIPlugin:80 - create IPUIPlugin
2024-04-03 11:00:18,958 [INFO] PluginManager:220 - loadIPPluginJar : add ltdc
2024-04-03 11:00:18,971 [INFO] IPUIPlugin:80 - create IPUIPlugin
2024-04-03 11:00:18,972 [INFO] PluginManager:220 - loadIPPluginJar : add mdma
2024-04-03 11:00:18,983 [INFO] IPUIPlugin:80 - create IPUIPlugin
2024-04-03 11:00:18,983 [INFO] PluginManager:220 - loadIPPluginJar : add nvic
2024-04-03 11:00:19,015 [INFO] IPUIPlugin:80 - create IPUIPlugin
2024-04-03 11:00:19,015 [INFO] PluginManager:220 - loadIPPluginJar : add opamp
2024-04-03 11:00:19,065 [INFO] IPUIPlugin:80 - create IPUIPlugin
2024-04-03 11:00:19,066 [INFO] PluginManager:220 - loadIPPluginJar : add openamp
2024-04-03 11:00:19,099 [INFO] IPUIPlugin:80 - create IPUIPlugin
2024-04-03 11:00:19,099 [INFO] PluginManager:220 - loadIPPluginJar : add pdm2pcm
2024-04-03 11:00:19,111 [INFO] IPUIPlugin:80 - create IPUIPlugin
2024-04-03 11:00:19,124 [INFO] PluginManager:220 - loadIPPluginJar : add plateformsettings
2024-04-03 11:00:19,142 [INFO] IPUIPlugin:80 - create IPUIPlugin
2024-04-03 11:00:19,142 [INFO] PluginManager:220 - loadIPPluginJar : add quadspi
2024-04-03 11:00:19,154 [INFO] IPUIPlugin:80 - create IPUIPlugin
2024-04-03 11:00:19,154 [INFO] PluginManager:220 - loadIPPluginJar : add resmgrutility
2024-04-03 11:00:19,194 [INFO] IPUIPlugin:80 - create IPUIPlugin
2024-04-03 11:00:19,194 [INFO] PluginManager:220 - loadIPPluginJar : add sai
2024-04-03 11:00:19,225 [INFO] IPUIPlugin:80 - create IPUIPlugin
2024-04-03 11:00:19,225 [INFO] PluginManager:220 - loadIPPluginJar : add spi
2024-04-03 11:00:19,280 [INFO] IPUIPlugin:80 - create IPUIPlugin
2024-04-03 11:00:19,280 [INFO] PluginManager:220 - loadIPPluginJar : add stm32_wpan
2024-04-03 11:00:19,298 [INFO] IPUIPlugin:80 - create IPUIPlugin
2024-04-03 11:00:19,299 [INFO] PluginManager:220 - loadIPPluginJar : add tim
2024-04-03 11:00:19,338 [INFO] IPUIPlugin:80 - create IPUIPlugin
2024-04-03 11:00:19,338 [INFO] PluginManager:220 - loadIPPluginJar : add touchsensing
2024-04-03 11:00:19,356 [INFO] IPUIPlugin:80 - create IPUIPlugin
2024-04-03 11:00:19,356 [INFO] PluginManager:220 - loadIPPluginJar : add tracer_emb
2024-04-03 11:00:19,373 [INFO] IPUIPlugin:80 - create IPUIPlugin
2024-04-03 11:00:19,373 [INFO] PluginManager:220 - loadIPPluginJar : add ts
2024-04-03 11:00:19,389 [INFO] IPUIPlugin:80 - create IPUIPlugin
2024-04-03 11:00:19,389 [INFO] PluginManager:220 - loadIPPluginJar : add tsc
2024-04-03 11:00:19,405 [INFO] IPUIPlugin:80 - create IPUIPlugin
2024-04-03 11:00:19,405 [INFO] PluginManager:220 - loadIPPluginJar : add ucpd
2024-04-03 11:00:19,436 [INFO] IPUIPlugin:80 - create IPUIPlugin
2024-04-03 11:00:19,436 [INFO] PluginManager:220 - loadIPPluginJar : add usart
2024-04-03 11:00:19,467 [INFO] IPUIPlugin:80 - create IPUIPlugin
2024-04-03 11:00:19,467 [INFO] PluginManager:220 - loadIPPluginJar : add usbx
2024-04-03 11:00:19,590 [INFO] CADModel:165 - CPN selected for project level
2024-04-03 11:00:19,590 [INFO] CADModel:114 - Register for checkConnection events
2024-04-03 11:00:19,590 [FATAL] Updater:308 - Updater called before beeing initialized
2024-04-03 11:00:19,590 [ERROR] CADModel:125 - Updater not yet initialized, retry later 
2024-04-03 11:00:19,729 [INFO] CADModel:165 - CPN selected for project level
2024-04-03 11:00:19,730 [INFO] CADModel:114 - Register for checkConnection events
2024-04-03 11:00:19,730 [FATAL] Updater:308 - Updater called before beeing initialized
2024-04-03 11:00:19,730 [ERROR] CADModel:125 - Updater not yet initialized, retry later 
2024-04-03 11:00:19,733 [FATAL] Updater:308 - Updater called before beeing initialized
2024-04-03 11:00:19,851 [FATAL] Updater:308 - Updater called before beeing initialized
2024-04-03 11:00:19,860 [INFO] DbMcusAds:53 - JSON generation date=Wed Nov 29 05:52:27 EST 2023 (1701255147349)
2024-04-03 11:00:19,861 [FATAL] Updater:308 - Updater called before beeing initialized
2024-04-03 11:00:19,929 [WARN] DetailPanel:346 - Failed to get advertising image, set to default
2024-04-03 11:00:20,020 [FATAL] Updater:308 - Updater called before beeing initialized
2024-04-03 11:00:20,023 [FATAL] Updater:308 - Updater called before beeing initialized
2024-04-03 11:00:20,023 [FATAL] Updater:308 - Updater called before beeing initialized
2024-04-03 11:00:20,023 [WARN] DetailPanel:346 - Failed to get advertising image, set to default
2024-04-03 11:00:20,024 [FATAL] Updater:308 - Updater called before beeing initialized
2024-04-03 11:00:20,094 [ERROR] Updater:1120 - MainUpdater not yet initialized. External WinMGr cannot be set.
2024-04-03 11:00:20,103 [INFO] Updater:1056 - Updater Version found : 6.10.0
2024-04-03 11:00:20,121 [INFO] ApplicationProperties:184 - Using Application install path: C:\ST\STM32CubeIDE_1.14.1\STM32CubeIDE\plugins\com.st.stm32cube.common.mx_6.10.0.202311202037
2024-04-03 11:00:20,380 [INFO] McuFinderGlobals:63 - Set McuFinder mode to 2 (CubeIDE integrated)
2024-04-03 11:00:20,450 [INFO] MainUpdater:2873 - connection check result : 10
2024-04-03 11:00:20,451 [INFO] MainUpdater:290 - Updater Check For Update Now.
2024-04-03 11:00:20,451 [INFO] MicroXplorer:498 - Change Database Version : DB.6.0.100
2024-04-03 11:00:20,466 [INFO] McuFinderGlobals:63 - Set McuFinder mode to 2 (CubeIDE integrated)
2024-04-03 11:00:20,623 [WARN] MainUpdater:1194 - Updater busy. Cannot search thirdparties
2024-04-03 11:00:20,623 [INFO] ThirdPartyUpdaterWithRetryManager:96 - Updater plugin is busy. [1/15]
2024-04-03 11:00:20,646 [INFO] CheckServerUpdateThread:120 - End of CheckServer Thread
2024-04-03 11:00:20,679 [INFO] UserAuth:404 - Internet connection configuration mode: 1
2024-04-03 11:00:20,679 [INFO] MainUpdater:2873 - connection check result : 10
2024-04-03 11:00:20,685 [INFO] MainUpdater:2873 - connection check result : 10
2024-04-03 11:00:20,698 [INFO] JxBrowserEngine:152 - Initiate JxBrowser Engine with user profile folder
2024-04-03 11:00:20,822 [INFO] MicroXplorer:468 - Change Database Path : 
2024-04-03 11:00:20,822 [INFO] MicroXplorer:498 - Change Database Version : DB.6.0.100
2024-04-03 11:00:20,825 [WARN] ThirdParty:871 - waiting for thirdparty lock release [close project]
2024-04-03 11:00:23,086 [INFO] WebApp:161 - Instantiating new browser for Auth
2024-04-03 11:00:23,518 [INFO] WebApp:780 - Register for checkConnection events
2024-04-03 11:00:23,518 [INFO] WebApp:414 - Apply proxy settings
2024-04-03 11:00:23,518 [INFO] WebApp:499 - Chromium requires no authentication
2024-04-03 11:00:23,525 [INFO] WebApp:442 - Direct internet connection detected
2024-04-03 11:00:23,651 [INFO] WebApp:192 - Starting web application
2024-04-03 11:00:23,651 [INFO] WebApp:544 - Web application path used C:\ST\STM32CubeIDE_1.14.1\STM32CubeIDE\plugins\com.st.stm32cube.common.mx_6.10.0.202311202037\db\plugins\mcufinder\reactClient1\index.html
2024-04-03 11:00:23,825 [WARN] PackLoader:240 - Cannot read IP mode file for STMicroelectronics.X-CUBE-SMBUS.2.1.0
2024-04-03 11:00:23,842 [WARN] PackLoader:240 - Cannot read IP mode file for STMicroelectronics.X-CUBE-TOUCHGFX.4.23.0
2024-04-03 11:00:23,855 [WARN] PackLoader:240 - Cannot read IP mode file for STMicroelectronics.X-CUBE-TOUCHGFX.4.23.2
2024-04-03 11:00:23,890 [WARN] PackLoader:240 - Cannot read IP mode file for STMicroelectronics.X-CUBE-AZRTOS-F7.1.1.0
2024-04-03 11:00:23,911 [WARN] PackLoader:240 - Cannot read IP mode file for STMicroelectronics.FP-SNS-MOTENV1.4.3.2
2024-04-03 11:00:23,927 [WARN] PackLoader:240 - Cannot read IP mode file for STMicroelectronics.FP-SNS-FLIGHT1.5.0.2
2024-04-03 11:00:23,944 [WARN] PackLoader:240 - Cannot read IP mode file for STMicroelectronics.X-CUBE-DISPLAY.3.0.0
2024-04-03 11:00:23,962 [WARN] PackLoader:240 - Cannot read IP mode file for STMicroelectronics.X-CUBE-BLE1.7.0.0
2024-04-03 11:00:23,976 [WARN] PackLoader:240 - Cannot read IP mode file for emotas.I-CUBE-CANOPEN.1.3.0
2024-04-03 11:00:23,993 [WARN] PackLoader:240 - Cannot read IP mode file for STMicroelectronics.X-CUBE-BLEMGR.3.1.0
2024-04-03 11:00:24,007 [WARN] PackLoader:240 - Cannot read IP mode file for STMicroelectronics.FP-SNS-SMARTAG2.1.2.0
2024-04-03 11:00:24,024 [INFO] LogOutputStream:77 - [STDOUT_REDIRECT] 1 : Invalid condition id : UX_CORESTACK_Condition cause : null
2024-04-03 11:00:24,025 [INFO] LogOutputStream:77 - [STDOUT_REDIRECT] 1 : Invalid condition id : UX_CORESTACK_Condition cause : null
2024-04-03 11:00:24,026 [INFO] LogOutputStream:77 - [STDOUT_REDIRECT] 1 : Invalid condition id : UX_CORESTACK_Condition cause : null
2024-04-03 11:00:24,026 [INFO] LogOutputStream:77 - [STDOUT_REDIRECT] 1 : Invalid condition id : UX_CORESTACK_Condition cause : null
2024-04-03 11:00:24,027 [INFO] LogOutputStream:77 - [STDOUT_REDIRECT] 1 : Invalid condition id : UX_CORESTACK_Condition cause : null
2024-04-03 11:00:24,029 [WARN] PackLoader:240 - Cannot read IP mode file for STMicroelectronics.X-CUBE-AZRTOS-WL.2.0.0
2024-04-03 11:00:24,040 [WARN] PackLoader:240 - Cannot read IP mode file for STMicroelectronics.FP-SNS-MOTENV1.5.0.0
2024-04-03 11:00:24,055 [WARN] PackLoader:240 - Cannot read IP mode file for WES.I-CUBE-Cesium.1.3.0
2024-04-03 11:00:24,067 [WARN] PackLoader:240 - Cannot read IP mode file for STMicroelectronics.X-CUBE-BLE2.3.3.0
2024-04-03 11:00:24,087 [WARN] PackLoader:240 - Cannot read IP mode file for STMicroelectronics.X-CUBE-ALGOBUILD.1.3.0
2024-04-03 11:00:24,115 [WARN] PackLoader:240 - Cannot read IP mode file for STMicroelectronics.X-CUBE-AZRTOS-G0.1.1.0
2024-04-03 11:00:24,148 [WARN] PackLoader:240 - Cannot read IP mode file for STMicroelectronics.X-CUBE-SAFEA1.1.2.2
2024-04-03 11:00:24,168 [WARN] PackLoader:240 - Cannot read IP mode file for STMicroelectronics.X-CUBE-NFC4.3.0.0
2024-04-03 11:00:24,194 [WARN] PackLoader:240 - Cannot read IP mode file for STMicroelectronics.X-CUBE-BLEMGR.3.0.0
2024-04-03 11:00:24,209 [WARN] PackLoader:240 - Cannot read IP mode file for STMicroelectronics.FP-ATR-SIGFOX1.3.2.0
2024-04-03 11:00:24,224 [WARN] PackLoader:240 - Cannot read IP mode file for STMicroelectronics.X-CUBE-EEPRMA1.5.1.0
2024-04-03 11:00:24,264 [WARN] PackLoader:240 - Cannot read IP mode file for SEGGER.I-CUBE-embOS.1.3.1
2024-04-03 11:00:24,317 [WARN] PackLoader:240 - Cannot read IP mode file for STMicroelectronics.X-CUBE-GNSS1.6.0.0
2024-04-03 11:00:24,348 [WARN] PackLoader:240 - Cannot read IP mode file for STMicroelectronics.X-CUBE-AZRTOS-F4.1.1.0
2024-04-03 11:00:24,366 [WARN] PackLoader:240 - Cannot read IP mode file for wolfSSL.I-CUBE-wolfSSL.5.6.6
2024-04-03 11:00:24,394 [WARN] PackLoader:240 - Cannot read IP mode file for STMicroelectronics.X-CUBE-AZRTOS-L5.2.0.0
2024-04-03 11:00:24,415 [WARN] PackLoader:240 - Cannot read IP mode file for STMicroelectronics.X-CUBE-NFC6.3.1.0
2024-04-03 11:00:24,432 [WARN] PackLoader:240 - Cannot read IP mode file for ITTIA_DB.I-CUBE-ITTIADB.8.8.0
2024-04-03 11:00:24,451 [WARN] PackLoader:240 - Cannot read IP mode file for STMicroelectronics.X-CUBE-NFC7.1.0.1
2024-04-03 11:00:24,464 [WARN] PackLoader:240 - Cannot read IP mode file for STMicroelectronics.X-CUBE-NFC6.3.0.0
2024-04-03 11:00:24,477 [WARN] PackLoader:240 - Cannot read IP mode file for STMicroelectronics.X-CUBE-AI.8.1.0
2024-04-03 11:00:24,512 [WARN] ConditionMgr:438 - getConditionDescription Invalid condition id : LAN8742 Phy interface Condition cause : null
2024-04-03 11:00:24,513 [WARN] PackLoader:240 - Cannot read IP mode file for STMicroelectronics.X-CUBE-AZRTOS-L4.2.0.0
2024-04-03 11:00:24,516 [WARN] ConditionMgr:1039 - genDependencies : Invalid condition id : LAN8742 Phy interface Condition cause : null
2024-04-03 11:00:24,516 [WARN] ConditionMgr:1039 - genDependencies : Invalid condition id : LAN8742 Phy interface Condition cause : null
2024-04-03 11:00:24,516 [WARN] ConditionMgr:1039 - genDependencies : Invalid condition id : LAN8742 Phy interface Condition cause : null
2024-04-03 11:00:24,537 [WARN] PackLoader:240 - Cannot read IP mode file for STMicroelectronics.X-CUBE-SFXS2LP1.4.0.0
2024-04-03 11:00:24,566 [WARN] ConditionMgr:438 - getConditionDescription Invalid condition id : UX DEVICE CLASS RTOS Condition cause : null
2024-04-03 11:00:24,566 [WARN] ConditionMgr:438 - getConditionDescription Invalid condition id : UX DEVICE CLASS RTOS Condition cause : null
2024-04-03 11:00:24,568 [WARN] PackLoader:240 - Cannot read IP mode file for STMicroelectronics.X-CUBE-AZRTOS-WB.2.0.0
2024-04-03 11:00:24,568 [WARN] ConditionMgr:1039 - genDependencies : Invalid condition id : UX DEVICE CLASS RTOS Condition cause : null
2024-04-03 11:00:24,569 [WARN] ConditionMgr:1039 - genDependencies : Invalid condition id : UX DEVICE CLASS RTOS Condition cause : null
2024-04-03 11:00:24,569 [WARN] ConditionMgr:1039 - genDependencies : Invalid condition id : UX DEVICE CLASS RTOS Condition cause : null
2024-04-03 11:00:24,570 [WARN] ConditionMgr:1039 - genDependencies : Invalid condition id : UX DEVICE CLASS RTOS Condition cause : null
2024-04-03 11:00:24,570 [WARN] ConditionMgr:1039 - genDependencies : Invalid condition id : UX DEVICE CLASS RTOS Condition cause : null
2024-04-03 11:00:24,594 [WARN] PackLoader:240 - Cannot read IP mode file for STMicroelectronics.X-CUBE-SUBG2.5.0.0
2024-04-03 11:00:24,623 [WARN] PackLoader:240 - Cannot read IP mode file for STMicroelectronics.X-CUBE-AZRTOS-G4.2.0.0
2024-04-03 11:00:24,646 [WARN] PackLoader:240 - Cannot read IP mode file for Infineon.AIROC-Wi-Fi-Bluetooth-STM32.1.5.1
2024-04-03 11:00:24,664 [WARN] PackLoader:240 - Cannot read IP mode file for STMicroelectronics.FP-SNS-MOTENVWB1.1.3.1
2024-04-03 11:00:24,682 [WARN] PackLoader:240 - Cannot read IP mode file for STMicroelectronics.X-CUBE-ISPU.2.0.0
2024-04-03 11:00:24,736 [WARN] PackLoader:240 - Cannot read IP mode file for STMicroelectronics.X-CUBE-MEMS1.10.0.0
2024-04-03 11:00:24,850 [WARN] PackLoader:240 - Cannot read IP mode file for STMicroelectronics.X-CUBE-FREERTOS.1.1.0
2024-04-03 11:00:24,873 [WARN] PackLoader:240 - Cannot read IP mode file for portGmbH.I-Cube-SoM-uGOAL.1.1.0
2024-04-03 11:00:24,905 [WARN] PackLoader:240 - Cannot read IP mode file for STMicroelectronics.X-CUBE-ALS.1.0.1
2024-04-03 11:00:24,925 [WARN] PackLoader:240 - Cannot read IP mode file for STMicroelectronics.FP-ATR-ASTRA1.2.0.0
2024-04-03 11:00:24,951 [WARN] PackLoader:240 - Cannot read IP mode file for STMicroelectronics.X-CUBE-TOF1.3.4.0
2024-04-03 11:00:24,981 [WARN] PackLoader:240 - Cannot read IP mode file for STMicroelectronics.X-CUBE-TOF1.3.4.1
2024-04-03 11:00:25,026 [WARN] PackLoader:240 - Cannot read IP mode file for STMicroelectronics.X-CUBE-AZRTOS-H7.3.2.0
2024-04-03 11:00:25,030 [INFO] ThirdParty:978 - Integrity check success = true
2024-04-03 11:00:25,030 [INFO] IntegrityCheckThread:100 - exiting critical section [integrity check]
2024-04-03 11:00:25,030 [INFO] IntegrityCheckThread:103 - End integrity checks thread
2024-04-03 11:00:25,030 [INFO] ThirdParty:873 - entering critical section [close project]
2024-04-03 11:00:25,032 [INFO] ThirdParty:883 - exiting critical section [close project]
2024-04-03 11:00:25,034 [INFO] PinOutPanel:1499 - setPackage(No Configuration,No Configuration)
2024-04-03 11:00:25,038 [INFO] UtilMem:75 - Begin LoadConfig() Used Memory: 213339504 Bytes (304087040)
2024-04-03 11:00:25,040 [INFO] MicroXplorer:468 - Change Database Path : 
2024-04-03 11:00:25,040 [INFO] MicroXplorer:498 - Change Database Version : DB.6.0.100
2024-04-03 11:00:25,040 [INFO] OpenFileManager:312 - Change cursor
2024-04-03 11:00:25,083 [INFO] Mcu:2016 - Initializing MCU STM32WB55RGVx STM32WB55RGVx STM32WB55RGV6
2024-04-03 11:00:26,545 [INFO] Context:659 - Trying to add GPIOservice into a context  which must be forbidden
2024-04-03 11:00:27,145 [INFO] RtosManager:555 - Registered RTOS mode: class=CMSIS, group=RTOS, mode=CMSIS_V1, owner=FREERTOS
2024-04-03 11:00:27,146 [INFO] RtosManager:555 - Registered RTOS mode: class=CMSIS, group=RTOS2, mode=CMSIS_V2, owner=FREERTOS
2024-04-03 11:00:27,146 [INFO] RtosManager:555 - Registered RTOS mode: class=RTOS, group=Core, mode=CMSIS_V1, owner=FREERTOS
2024-04-03 11:00:27,146 [INFO] RtosManager:555 - Registered RTOS mode: class=RTOS, group=Core, mode=CMSIS_V2, owner=FREERTOS
2024-04-03 11:00:27,146 [WARN] ModelIntegratedComponent:184 - Missing modes for component STMicroelectronics:FreeRTOS:0.0.1:STMicroelectronics:RTOS:FreeRTOS:Core:::10.2.0:
2024-04-03 11:00:27,160 [WARN] ModelIntegratedComponent:63 - No mode defined for component null
2024-04-03 11:00:27,160 [WARN] ModelIntegratedComponent:63 - No mode defined for component null
2024-04-03 11:00:27,160 [WARN] ModelIntegratedComponent:63 - No mode defined for component null
2024-04-03 11:00:27,160 [WARN] ModelIntegratedComponent:63 - No mode defined for component null
2024-04-03 11:00:27,160 [WARN] ModelIntegratedComponent:63 - No mode defined for component null
2024-04-03 11:00:27,160 [WARN] ModelIntegratedComponent:63 - No mode defined for component null
2024-04-03 11:00:27,160 [WARN] ModelIntegratedComponent:63 - No mode defined for component null
2024-04-03 11:00:27,160 [WARN] ModelIntegratedComponent:63 - No mode defined for component null
2024-04-03 11:00:27,160 [WARN] ModelIntegratedComponent:63 - No mode defined for component null
2024-04-03 11:00:27,160 [WARN] ModelIntegratedComponent:63 - No mode defined for component null
2024-04-03 11:00:27,160 [WARN] ModelIntegratedComponent:63 - No mode defined for component null
2024-04-03 11:00:27,160 [WARN] ModelIntegratedComponent:63 - No mode defined for component null
2024-04-03 11:00:27,160 [WARN] ModelIntegratedComponent:63 - No mode defined for component null
2024-04-03 11:00:27,161 [WARN] ModelIntegratedComponent:63 - No mode defined for component null
2024-04-03 11:00:27,161 [WARN] ModelIntegratedComponent:63 - No mode defined for component null
2024-04-03 11:00:27,161 [WARN] ModelIntegratedComponent:63 - No mode defined for component null
2024-04-03 11:00:27,161 [WARN] ModelIntegratedComponent:63 - No mode defined for component null
2024-04-03 11:00:27,161 [WARN] ModelIntegratedComponent:63 - No mode defined for component null
2024-04-03 11:00:27,161 [WARN] ModelIntegratedComponent:63 - No mode defined for component null
2024-04-03 11:00:27,161 [WARN] ModelIntegratedComponent:63 - No mode defined for component null
2024-04-03 11:00:27,161 [WARN] ModelIntegratedComponent:63 - No mode defined for component null
2024-04-03 11:00:27,161 [WARN] ModelIntegratedComponent:63 - No mode defined for component null
2024-04-03 11:00:27,161 [WARN] ModelIntegratedComponent:63 - No mode defined for component null
2024-04-03 11:00:27,161 [WARN] ModelIntegratedComponent:63 - No mode defined for component null
2024-04-03 11:00:27,161 [WARN] ModelIntegratedComponent:63 - No mode defined for component null
2024-04-03 11:00:27,161 [WARN] ModelIntegratedComponent:63 - No mode defined for component null
2024-04-03 11:00:27,161 [WARN] ModelIntegratedComponent:63 - No mode defined for component null
2024-04-03 11:00:27,161 [WARN] ModelIntegratedComponent:63 - No mode defined for component null
2024-04-03 11:00:27,161 [WARN] ModelIntegratedComponent:63 - No mode defined for component null
2024-04-03 11:00:27,161 [WARN] ModelIntegratedComponent:63 - No mode defined for component null
2024-04-03 11:00:27,161 [WARN] ModelIntegratedComponent:63 - No mode defined for component null
2024-04-03 11:00:27,161 [WARN] ModelIntegratedComponent:63 - No mode defined for component null
2024-04-03 11:00:27,161 [WARN] ModelIntegratedComponent:63 - No mode defined for component null
2024-04-03 11:00:27,260 [INFO] ThirdPartyModel:298 - Start build external matchings
2024-04-03 11:00:27,465 [INFO] ThirdPartyModel:316 - End build external matchings
2024-04-03 11:00:27,477 [INFO] ImportTextPane:194 - (OptionalMessage_ERROR) IP (RCC) : Invalid parameter (FamilyName)
2024-04-03 11:00:27,478 [INFO] ImportTextPane:194 - (OptionalMessage_ERROR) IP (RCC) : Invalid parameter (SMPSCLockSelectionVirtualVirtual)
2024-04-03 11:00:27,671 [INFO] UtilMem:75 - End LoadConfig() Used Memory: 308632424 Bytes (408944640)
2024-04-03 11:00:27,871 [INFO] ApiDb:581 - Connected to CubeFinder SQLite database (C:\Users\nikan\.stmcufinder\plugins\mcufinder\mcu\cube-finder-db.db)
2024-04-03 11:00:27,951 [INFO] ApiDb:668 - CubeFinder database Data Model version=2.1
2024-04-03 11:00:27,951 [INFO] ApiDb:669 - CubeFinder database Configuration version=3.0.39
2024-04-03 11:00:27,951 [INFO] ApiDb:670 - CubeFinder database generation date=2024-03-01 (1709305525)
2024-04-03 11:00:27,951 [INFO] ApiDb:671 - CubeFinder database FW Pack versions=[FP-ATR-ASTRA1_V2.0.0, FP-SNS-FLIGHT1_V5.0.1, FP-SNS-FLIGHT1_V5.0.2, FP-SNS-MOTENV1_V4.3.1, FP-SNS-MOTENV1_V4.3.2, FP-SNS-MOTENVWB1_V1.3.1, FP-SNS-SMARTAG2_V1.2.0, STM32Cube_FW_C0_V1.1.0, STM32Cube_FW_F4_V1.28.0, STM32Cube_FW_F7_V1.17.0, STM32Cube_FW_G0_V1.6.2, STM32Cube_FW_G4_V1.5.2, STM32Cube_FW_H5_V0.5.1, STM32Cube_FW_H5_V1.1.1, STM32Cube_FW_H5_V1.2.0, STM32Cube_FW_H5_V1.2.0RC4, STM32Cube_FW_H7RS_V1.0.0, STM32Cube_FW_H7RS_V1.0.0RC4, STM32Cube_FW_H7_V1.11.0, STM32Cube_FW_L0_V1.12.2, STM32Cube_FW_L5_V1.5.1, STM32Cube_FW_U0_V1.0.0, STM32Cube_FW_U0_V1.0.0RC1, STM32Cube_FW_U5_V1.3.0RC4, STM32Cube_FW_U5_V1.5.0, STM32Cube_FW_U5_V1.5.0RC1, STM32Cube_FW_WBA_V1.0.0RC1, STM32Cube_FW_WBA_V1.2.0, STM32Cube_FW_WBA_V1.2.0RC2, STM32Cube_FW_WBA_V1.3.0, STM32Cube_FW_WBA_V1.3.0RC1, STM32Cube_FW_WB_V1.15.0RC1, STM32Cube_FW_WB_V1.16.0, STM32Cube_FW_WB_V1.16.0RC2, STM32Cube_FW_WB_V1.18.0, STM32Cube_FW_WB_V1.19.0, STM32Cube_FW_WL_V1.3.0, X-CUBE-ALGOBUILD_V1.3.0, X-CUBE-ALS_V1.0.1, X-CUBE-AZRTOS-F4_V1.1.0, X-CUBE-AZRTOS-F7_V1.1.0, X-CUBE-AZRTOS-G0_V1.1.0, X-CUBE-AZRTOS-G4_V2.0.0, X-CUBE-AZRTOS-H7_V3.2.0, X-CUBE-AZRTOS-L4_V1.0.0, X-CUBE-AZRTOS-L4_V2.0.0, X-CUBE-AZRTOS-L5_V1.1.0, X-CUBE-AZRTOS-WB_V2.0.0, X-CUBE-AZRTOS-WL_V2.0.0, X-CUBE-BLE1_V7.0.0, X-CUBE-BLE2_V3.3.0, X-CUBE-BLEMGR_V3.1.0, X-CUBE-EEPRMA1_V4.1.0, X-CUBE-EEPRMA1_V5.1.0, X-CUBE-FREERTOS_V1.1.0, X-CUBE-GNSS1_V6.0.0, X-CUBE-MEMS1_V10.0.0, X-CUBE-MEMS1_V9.1.0, X-CUBE-MEMS1_V9.4.0, X-CUBE-MEMS1_V9.6.0, X-CUBE-NFC4_V3.0.0, X-CUBE-NFC7_V1.0.1, X-CUBE-SFXS2LP1_V4.0.0, X-CUBE-SUBG2_V5.0.0, X-CUBE-TOF1_V3.4.0]
2024-04-03 11:00:29,918 [INFO] ApiDb:240 - Found 371 in-development CPN: [B-G473E-ZEST1S, B-WB1M-WPAN1, B-WL5M-SUBG1, NUCLEO-C031C6, NUCLEO-H503RB, NUCLEO-H563ZI, NUCLEO-U545RE-Q, NUCLEO-U5A5ZJ-Q, NUCLEO-WBA52CG, NUCLEO-WBA55CG, STEVAL-MKBOXPRO, STEVAL-PROTEUS1, STEVAL-STWINBX1, STM320518-EVAL, STM32C0116-DK, STM32C011D6Y3TR, STM32C011D6Y6TR, STM32C011F4P3, STM32C011F4P6, STM32C011F4U3, STM32C011F4U6TR, STM32C011F6P3, STM32C011F6P6, STM32C011F6U3, STM32C011F6U6TR, STM32C011J4M3, STM32C011J4M6, STM32C011J6M3, STM32C011J6M6, STM32C0316-DK, STM32C031C4T3, STM32C031C4T6, STM32C031C4U3, STM32C031C4U6, STM32C031C6T3, STM32C031C6T6, STM32C031C6U3, STM32C031C6U6, STM32C031F4P3, STM32C031F4P6, STM32C031F6P3, STM32C031F6P6, STM32C031G4U3, STM32C031G4U6, STM32C031G6U3, STM32C031G6U6, STM32C031K4T3, STM32C031K4T6, STM32C031K4U3, STM32C031K4U6, STM32C031K6T3, STM32C031K6T6, STM32C031K6U3, STM32C031K6U6, STM32G071K8TXN, STM32G071K8UXN, STM32G081GBU6N, STM32G081KBT6N, STM32G081KBUXN, STM32G0B1CCT6N, STM32G0B1KCT6, STM32G0B1NEY6TR, STM32G0B1RCT6N, STM32G0C1CCT6, STM32G0C1CCT6N, STM32G0C1CCU6N, STM32G0C1CET6N, STM32G0C1CEU6N, STM32G0C1KCT6, STM32G0C1NEY6TR, STM32G0C1RCI6N, STM32G0C1RCT6N, STM32G0C1REI6N, STM32G0C1RET6N, STM32G0C1VCI6, STM32G0C1VEI6, STM32G471CCT6, STM32G471CCU6, STM32G471CET3, STM32G471CET6, STM32G471CEU3, STM32G471CEU6, STM32G471MCT6, STM32G471MET3, STM32G471MET6, STM32G471MEY6TR, STM32G471QCT6, STM32G471QET3, STM32G471RCT6, STM32G471RET3, STM32G471RET6, STM32G471VCH6, STM32G471VCI6, STM32G471VCT6, STM32G471VEH3, STM32G471VEH6, STM32G471VEI3, STM32G471VEI6, STM32G471VET3, STM32G471VET6, STM32G474CCT6, STM32H503CBT6, STM32H503CBU6, STM32H503EBY6TR, STM32H503KBU6, STM32H503RBT6, STM32H562AGI6, STM32H562AII6, STM32H562IGK6, STM32H562IGT6, STM32H562IIK6, STM32H562IIT6, STM32H562RGT6, STM32H562RGV6, STM32H562RIT6, STM32H562RIV6, STM32H562VGT6, STM32H562VIT6, STM32H562ZGT6, STM32H562ZIT6, STM32H563AGI6, STM32H563AII3Q, STM32H563AII6, STM32H563IGK6, STM32H563IGT6, STM32H563IIK3Q, STM32H563IIK6, STM32H563IIT3Q, STM32H563IIT6, STM32H563MIY3QTR, STM32H563RGT6, STM32H563RGV6, STM32H563RIT6, STM32H563RIV6, STM32H563VGT6, STM32H563VIT3Q, STM32H563VIT6, STM32H563ZGT6, STM32H563ZIT3Q, STM32H563ZIT6, STM32H573AII3Q, STM32H573AII6, STM32H573I-DK, STM32H573IIK3Q, STM32H573IIK6, STM32H573IIT3Q, STM32H573IIT6, STM32H573MIY3QTR, STM32H573RIT6, STM32H573RIV6, STM32H573VIT3Q, STM32H573VIT6, STM32H573ZIT3Q, STM32H573ZIT6, STM32L4R5QGI6STR, STM32MP131AAE3, STM32MP131AAF3, STM32MP131AAG3, STM32MP131CAE3, STM32MP131CAF3, STM32MP131CAG3, STM32MP131DAE7, STM32MP131DAF7, STM32MP131DAG7, STM32MP131FAE7, STM32MP131FAF7, STM32MP131FAG7, STM32MP133AAE3, STM32MP133AAF3, STM32MP133AAG3, STM32MP133CAE3, STM32MP133CAF3, STM32MP133CAG3, STM32MP133DAE7, STM32MP133DAF7, STM32MP133DAG7, STM32MP133FAE7, STM32MP133FAF7, STM32MP133FAG7, STM32MP135AAE3, STM32MP135AAF3, STM32MP135AAG3, STM32MP135CAE3, STM32MP135CAF3, STM32MP135CAG3, STM32MP135DAE7, STM32MP135DAF7, STM32MP135DAG7, STM32MP135F-DK, STM32MP135FAE7, STM32MP135FAF7, STM32MP135FAF7T, STM32MP135FAF7U, STM32MP135FAG7, STM32U535CBT6, STM32U535CBT6Q, STM32U535CBU6, STM32U535CBU6Q, STM32U535CCT6, STM32U535CCT6Q, STM32U535CCU6, STM32U535CCU6Q, STM32U535CET6, STM32U535CET6Q, STM32U535CEU6, STM32U535CEU6Q, STM32U535JEY6QTR, STM32U535NCY6QTR, STM32U535NEY6QTR, STM32U535RBI6, STM32U535RBI6Q, STM32U535RBT6, STM32U535RBT6Q, STM32U535RCI6, STM32U535RCI6Q, STM32U535RCT6, STM32U535RCT6Q, STM32U535REI6, STM32U535REI6Q, STM32U535RET6, STM32U535RET6Q, STM32U535VCI6, STM32U535VCI6Q, STM32U535VCT6, STM32U535VCT6Q, STM32U535VEI6, STM32U535VEI6Q, STM32U535VET6, STM32U535VET6Q, STM32U545CET6, STM32U545CET6Q, STM32U545CEU6, STM32U545CEU6Q, STM32U545JEY6QTR, STM32U545NEY6QTR, STM32U545REI6, STM32U545REI6Q, STM32U545RET6, STM32U545RET6Q, STM32U545VEI6, STM32U545VEI6Q, STM32U545VET6, STM32U545VET6Q, STM32U595AIH6, STM32U595AIH6Q, STM32U595AJH6, STM32U595AJH6Q, STM32U595QII6, STM32U595QII6Q, STM32U595QJI6, STM32U595QJI6Q, STM32U595RIT6, STM32U595RIT6Q, STM32U595RJT6, STM32U595RJT6Q, STM32U595VIT6, STM32U595VIT6Q, STM32U595VJT6, STM32U595VJT6Q, STM32U595ZIT6, STM32U595ZIT6Q, STM32U595ZIY6QTR, STM32U595ZJT6, STM32U595ZJT6Q, STM32U595ZJY6QTR, STM32U599BJY6QTR, STM32U599NIH6Q, STM32U599NJH6Q, STM32U599VIT6Q, STM32U599VJT6, STM32U599VJT6Q, STM32U599ZIT6Q, STM32U599ZIY6QTR, STM32U599ZJT6Q, STM32U599ZJY6QTR, STM32U5A5AJH6, STM32U5A5AJH6Q, STM32U5A5QJI6, STM32U5A5QJI6Q, STM32U5A5RJT6, STM32U5A5RJT6Q, STM32U5A5VJT6, STM32U5A5VJT6Q, STM32U5A5ZJT6, STM32U5A5ZJT6Q, STM32U5A5ZJY6QTR, STM32U5A9BJY6QTR, STM32U5A9J-DK, STM32U5A9NJH6Q, STM32U5A9VJT6Q, STM32U5A9ZJT6Q, STM32U5A9ZJY6QTR, STM32U5F7VIT6, STM32U5F7VIT6Q, STM32U5F7VJT6, STM32U5F7VJT6Q, STM32U5F9BJY6QTR, STM32U5F9NJH6Q, STM32U5F9VIT6Q, STM32U5F9VJT6Q, STM32U5F9ZIJ6QTR, STM32U5F9ZIT6Q, STM32U5F9ZJJ6QTR, STM32U5F9ZJT6Q, STM32U5G7VJT6, STM32U5G7VJT6Q, STM32U5G9BJY6QTR, STM32U5G9J-DK1, STM32U5G9J-DK2, STM32U5G9NJH6Q, STM32U5G9VJT6Q, STM32U5G9ZJJ6QTR, STM32U5G9ZJT6Q, STM32WB1MMCH6, STM32WBA50KEU6, STM32WBA50KEU6TR, STM32WBA50KGU6, STM32WBA50KGU6TR, STM32WBA52CEU6, STM32WBA52CEU6TR, STM32WBA52CEU7, STM32WBA52CEU7TR, STM32WBA52CGU6, STM32WBA52CGU6TR, STM32WBA52CGU6U, STM32WBA52CGU7, STM32WBA52CGU7TR, STM32WBA52KEU6, STM32WBA52KEU6TR, STM32WBA52KGU6, STM32WBA52KGU6TR, STM32WBA54CEU6, STM32WBA54CEU6TR, STM32WBA54CEU7, STM32WBA54CEU7TR, STM32WBA54CGU6, STM32WBA54CGU6TR, STM32WBA54CGU7, STM32WBA54CGU7TR, STM32WBA54KEU6, STM32WBA54KEU6TR, STM32WBA54KEU7, STM32WBA54KEU7TR, STM32WBA54KGU6, STM32WBA54KGU6TR, STM32WBA54KGU7, STM32WBA54KGU7TR, STM32WBA55CEU6, STM32WBA55CEU6TR, STM32WBA55CEU7, STM32WBA55CEU7TR, STM32WBA55CGU6, STM32WBA55CGU6TR, STM32WBA55CGU6U, STM32WBA55CGU7, STM32WBA55CGU7TR, STM32WBA55G-DK1, STM32WBA55HEF6, STM32WBA55HEF7, STM32WBA55HGF6, STM32WBA55HGF7, STM32WBA55UEI6, STM32WBA55UEI6TR, STM32WBA55UEI7, STM32WBA55UEI7TR, STM32WBA55UGI6, STM32WBA55UGI6TR, STM32WBA55UGI7, STM32WBA55UGI7TR, STM32WL5MOCH6, STM32WL5MOCH6TR]
2024-04-03 11:00:29,922 [INFO] DbMcus:218 - Found 3986 MCUs, 3986 are supported
2024-04-03 11:00:29,923 [INFO] ApiDb:423 - Load user favorites file C:\Users\nikan/.stm32cubeide/favorites.mcus.txt: 0 item(s)
2024-04-03 11:00:29,923 [INFO] ApiDb:427 - User favorites MCUs=[]
2024-04-03 11:00:29,923 [INFO] DbMcus:224 - Set 0 / 0 favorites MCUs
2024-04-03 11:00:30,215 [INFO] MicroXplorer:468 - Change Database Path : 
2024-04-03 11:00:30,215 [INFO] MicroXplorer:498 - Change Database Version : DB.6.0.100
2024-04-03 11:00:30,215 [WARN] ThirdParty:833 - waiting for thirdparty lock release [change project]
2024-04-03 11:00:30,216 [INFO] ThirdParty:835 - entering critical section [change project]
2024-04-03 11:00:30,216 [INFO] ThirdParty:1030 - CMSIS Pack Vendor :STMicroelectronics USBPD 4.1
2024-04-03 11:00:30,216 [INFO] ThirdParty:1030 - CMSIS Pack Vendor :STMicroelectronics X-CUBE-GNSS1 6.0.0
2024-04-03 11:00:30,216 [INFO] ThirdParty:1030 - CMSIS Pack Vendor :STMicroelectronics USB_HOST 2.0.0
2024-04-03 11:00:30,216 [INFO] ThirdParty:1030 - CMSIS Pack Vendor :STMicroelectronics X-CUBE-AZRTOS-F4 1.1.0
2024-04-03 11:00:30,216 [INFO] ThirdParty:1030 - CMSIS Pack Vendor :STMicroelectronics LIBJPEG 8.0.0
2024-04-03 11:00:30,216 [INFO] ThirdParty:1030 - CMSIS Pack Vendor :STMicroelectronics X-CUBE-SMBUS 2.1.0
2024-04-03 11:00:30,216 [INFO] ThirdParty:1030 - CMSIS Pack Vendor :STMicroelectronics USB_DEVICE 3.0.0
2024-04-03 11:00:30,216 [INFO] ThirdParty:1030 - CMSIS Pack Vendor :STMicroelectronics X-CUBE-AZRTOS-WB 2.0.0
2024-04-03 11:00:30,216 [INFO] ThirdParty:1030 - CMSIS Pack Vendor :wolfSSL I-CUBE-wolfSSL 5.6.6
2024-04-03 11:00:30,216 [INFO] ThirdParty:1030 - CMSIS Pack Vendor :STMicroelectronics X-CUBE-TOUCHGFX 4.23.0
2024-04-03 11:00:30,216 [INFO] ThirdParty:1030 - CMSIS Pack Vendor :STMicroelectronics X-CUBE-TOUCHGFX 4.23.2
2024-04-03 11:00:30,216 [INFO] ThirdParty:1030 - CMSIS Pack Vendor :STMicroelectronics X-CUBE-AZRTOS-F7 1.1.0
2024-04-03 11:00:30,216 [INFO] ThirdParty:1030 - CMSIS Pack Vendor :STMicroelectronics X-CUBE-AZRTOS-L5 2.0.0
2024-04-03 11:00:30,216 [INFO] ThirdParty:1030 - CMSIS Pack Vendor :STMicroelectronics USB_DEVICE 2.0.0
2024-04-03 11:00:30,216 [INFO] ThirdParty:1030 - CMSIS Pack Vendor :STMicroelectronics X-CUBE-NFC6 3.1.0
2024-04-03 11:00:30,216 [INFO] ThirdParty:1030 - CMSIS Pack Vendor :ITTIA_DB I-CUBE-ITTIADB 8.8.0
2024-04-03 11:00:30,216 [INFO] ThirdParty:1030 - CMSIS Pack Vendor :STMicroelectronics FP-SNS-MOTENV1 4.3.2
2024-04-03 11:00:30,216 [INFO] ThirdParty:1030 - CMSIS Pack Vendor :STMicroelectronics X-CUBE-ALGOBUILD 1.3.0
2024-04-03 11:00:30,216 [INFO] ThirdParty:1030 - CMSIS Pack Vendor :STMicroelectronics FreeRTOS 0.0.1
2024-04-03 11:00:30,216 [INFO] ThirdParty:1030 - CMSIS Pack Vendor :STMicroelectronics X-CUBE-AZRTOS-G0 1.1.0
2024-04-03 11:00:30,216 [INFO] ThirdParty:1030 - CMSIS Pack Vendor :STMicroelectronics X-CUBE-SAFEA1 1.2.2
2024-04-03 11:00:30,216 [INFO] ThirdParty:1030 - CMSIS Pack Vendor :STMicroelectronics X-CUBE-NFC4 3.0.0
2024-04-03 11:00:30,216 [INFO] ThirdParty:1030 - CMSIS Pack Vendor :STMicroelectronics X-CUBE-SUBG2 5.0.0
2024-04-03 11:00:30,216 [INFO] ThirdParty:1030 - CMSIS Pack Vendor :STMicroelectronics STM32_WPAN 1.0.0
2024-04-03 11:00:30,216 [INFO] ThirdParty:1030 - CMSIS Pack Vendor :STMicroelectronics lwIP 2.0.3
2024-04-03 11:00:30,217 [INFO] ThirdParty:1030 - CMSIS Pack Vendor :STMicroelectronics FP-SNS-FLIGHT1 5.0.2
2024-04-03 11:00:30,217 [INFO] ThirdParty:1030 - CMSIS Pack Vendor :STMicroelectronics USB_HOST 1.0.0
2024-04-03 11:00:30,217 [INFO] ThirdParty:1030 - CMSIS Pack Vendor :STMicroelectronics X-CUBE-AZRTOS-G4 2.0.0
2024-04-03 11:00:30,217 [INFO] ThirdParty:1030 - CMSIS Pack Vendor :STMicroelectronics PDM2PCM 3.1.0
2024-04-03 11:00:30,217 [INFO] ThirdParty:1030 - CMSIS Pack Vendor :Infineon AIROC-Wi-Fi-Bluetooth-STM32 1.5.1
2024-04-03 11:00:30,217 [INFO] ThirdParty:1030 - CMSIS Pack Vendor :STMicroelectronics X-CUBE-BLEMGR 3.0.0
2024-04-03 11:00:30,217 [INFO] ThirdParty:1030 - CMSIS Pack Vendor :STMicroelectronics PDM2PCM 3.3.0
2024-04-03 11:00:30,217 [INFO] ThirdParty:1030 - CMSIS Pack Vendor :STMicroelectronics X-CUBE-DISPLAY 3.0.0
2024-04-03 11:00:30,217 [INFO] ThirdParty:1030 - CMSIS Pack Vendor :STMicroelectronics FP-SNS-MOTENVWB1 1.3.1
2024-04-03 11:00:30,217 [INFO] ThirdParty:1030 - CMSIS Pack Vendor :STMicroelectronics X-CUBE-BLE1 7.0.0
2024-04-03 11:00:30,217 [INFO] ThirdParty:1030 - CMSIS Pack Vendor :STMicroelectronics FP-ATR-SIGFOX1 3.2.0
2024-04-03 11:00:30,217 [INFO] ThirdParty:1030 - CMSIS Pack Vendor :STMicroelectronics X-CUBE-ISPU 2.0.0
2024-04-03 11:00:30,217 [INFO] ThirdParty:1030 - CMSIS Pack Vendor :STMicroelectronics X-CUBE-EEPRMA1 5.1.0
2024-04-03 11:00:30,217 [INFO] ThirdParty:1030 - CMSIS Pack Vendor :STMicroelectronics HAL Drivers 0.0.0
2024-04-03 11:00:30,217 [INFO] ThirdParty:1030 - CMSIS Pack Vendor :STMicroelectronics MBEDTLS 2.16.2
2024-04-03 11:00:30,217 [INFO] ThirdParty:1030 - CMSIS Pack Vendor :emotas I-CUBE-CANOPEN 1.3.0
2024-04-03 11:00:30,217 [INFO] ThirdParty:1030 - CMSIS Pack Vendor :STMicroelectronics X-CUBE-MEMS1 10.0.0
2024-04-03 11:00:30,217 [INFO] ThirdParty:1030 - CMSIS Pack Vendor :STMicroelectronics X-CUBE-FREERTOS 1.1.0
2024-04-03 11:00:30,217 [INFO] ThirdParty:1030 - CMSIS Pack Vendor :STMicroelectronics X-CUBE-NFC7 1.0.1
2024-04-03 11:00:30,217 [INFO] ThirdParty:1030 - CMSIS Pack Vendor :STMicroelectronics MBEDTLS 2.14.1
2024-04-03 11:00:30,217 [INFO] ThirdParty:1030 - CMSIS Pack Vendor :STMicroelectronics X-CUBE-NFC6 3.0.0
2024-04-03 11:00:30,217 [INFO] ThirdParty:1030 - CMSIS Pack Vendor :portGmbH I-Cube-SoM-uGOAL 1.1.0
2024-04-03 11:00:30,217 [INFO] ThirdParty:1030 - CMSIS Pack Vendor :STMicroelectronics X-CUBE-ALS 1.0.1
2024-04-03 11:00:30,218 [INFO] ThirdParty:1030 - CMSIS Pack Vendor :STMicroelectronics X-CUBE-BLEMGR 3.1.0
2024-04-03 11:00:30,218 [INFO] ThirdParty:1030 - CMSIS Pack Vendor :STMicroelectronics ThreadX 1.0.0
2024-04-03 11:00:30,218 [INFO] ThirdParty:1030 - CMSIS Pack Vendor :STMicroelectronics FP-SNS-SMARTAG2 1.2.0
2024-04-03 11:00:30,218 [INFO] ThirdParty:1030 - CMSIS Pack Vendor :STMicroelectronics X-CUBE-AZRTOS-WL 2.0.0
2024-04-03 11:00:30,218 [INFO] ThirdParty:1030 - CMSIS Pack Vendor :SEGGER I-CUBE-embOS 1.3.1
2024-04-03 11:00:30,218 [INFO] ThirdParty:1030 - CMSIS Pack Vendor :STMicroelectronics FP-SNS-MOTENV1 5.0.0
2024-04-03 11:00:30,218 [INFO] ThirdParty:1030 - CMSIS Pack Vendor :STMicroelectronics USB_DEVICE 1.0.0
2024-04-03 11:00:30,218 [INFO] ThirdParty:1030 - CMSIS Pack Vendor :STMicroelectronics X-CUBE-AI 8.1.0
2024-04-03 11:00:30,218 [INFO] ThirdParty:1030 - CMSIS Pack Vendor :STMicroelectronics X-CUBE-AZRTOS-L4 2.0.0
2024-04-03 11:00:30,218 [INFO] ThirdParty:1030 - CMSIS Pack Vendor :STMicroelectronics ThreadX 0.0.2
2024-04-03 11:00:30,218 [INFO] ThirdParty:1030 - CMSIS Pack Vendor :WES I-CUBE-Cesium 1.3.0
2024-04-03 11:00:30,218 [INFO] ThirdParty:1030 - CMSIS Pack Vendor :STMicroelectronics FP-ATR-ASTRA1 2.0.0
2024-04-03 11:00:30,218 [INFO] ThirdParty:1030 - CMSIS Pack Vendor :STMicroelectronics lwIP 2.1.2
2024-04-03 11:00:30,218 [INFO] ThirdParty:1030 - CMSIS Pack Vendor :STMicroelectronics X-CUBE-SFXS2LP1 4.0.0
2024-04-03 11:00:30,218 [INFO] ThirdParty:1030 - CMSIS Pack Vendor :STMicroelectronics X-CUBE-BLE2 3.3.0
2024-04-03 11:00:30,218 [INFO] ThirdParty:1030 - CMSIS Pack Vendor :STMicroelectronics X-CUBE-TOF1 3.4.0
2024-04-03 11:00:30,218 [INFO] ThirdParty:1030 - CMSIS Pack Vendor :STMicroelectronics X-CUBE-TOF1 3.4.1
2024-04-03 11:00:30,218 [INFO] ThirdParty:1030 - CMSIS Pack Vendor :STMicroelectronics X-CUBE-AZRTOS-H7 3.2.0
2024-04-03 11:00:30,218 [INFO] ThirdParty:1030 - CMSIS Pack Vendor :STMicroelectronics PDM2PCM 3.2.0
2024-04-03 11:00:30,218 [INFO] ThirdParty:841 - exiting critical section [change project]
2024-04-03 11:00:30,507 [INFO] PinOutPanel:1499 - setPackage(No Configuration,No Configuration)
2024-04-03 11:00:30,509 [INFO] PinOutPanel:1499 - setPackage(STM32WB55RGVx,VFQFPN68)
2024-04-03 11:00:31,075 [INFO] UtilMem:75 - Before build in PCC Used Memory: 346189824 Bytes (408944640)
2024-04-03 11:00:31,651 [INFO] LogOutputStream:77 - [STDOUT_REDIRECT] Sleepy End Device Min <200 3.3
2024-04-03 11:00:31,652 [INFO] LogOutputStream:77 - [STDOUT_REDIRECT] Sleepy End Device Min <200 3.3
2024-04-03 11:00:31,653 [INFO] LogOutputStream:77 - [STDOUT_REDIRECT] Sleepy End Device Min <200 3.3
2024-04-03 11:00:31,653 [INFO] LogOutputStream:77 - [STDOUT_REDIRECT] Sleepy End Device Min <200 3.3
2024-04-03 11:00:31,654 [INFO] LogOutputStream:77 - [STDOUT_REDIRECT] Sleepy End Device Min <200 3.3
2024-04-03 11:00:31,667 [INFO] LogOutputStream:77 - [STDOUT_REDIRECT] Sleepy End Device Min <200 3.3
2024-04-03 11:00:31,668 [INFO] LogOutputStream:77 - [STDOUT_REDIRECT] Sleepy End Device Min <200 3.3
2024-04-03 11:00:31,669 [INFO] LogOutputStream:77 - [STDOUT_REDIRECT] Sleepy End Device Min <200 3.3
2024-04-03 11:00:31,669 [INFO] LogOutputStream:77 - [STDOUT_REDIRECT] Sleepy End Device Min <200 3.3
2024-04-03 11:00:31,670 [INFO] LogOutputStream:77 - [STDOUT_REDIRECT] Sleepy End Device Min <200 3.3
2024-04-03 11:00:31,671 [INFO] LogOutputStream:77 - [STDOUT_REDIRECT] Sleepy End Device Min <200 3.3
2024-04-03 11:00:31,672 [INFO] LogOutputStream:77 - [STDOUT_REDIRECT] Sleepy End Device Min <200 3.3
2024-04-03 11:00:31,673 [INFO] LogOutputStream:77 - [STDOUT_REDIRECT] Sleepy End Device Min <200 3.3
2024-04-03 11:00:31,674 [INFO] LogOutputStream:77 - [STDOUT_REDIRECT] Sleepy End Device Min <200 3.3
2024-04-03 11:00:31,674 [INFO] LogOutputStream:77 - [STDOUT_REDIRECT] Sleepy End Device Min <200 3.3
2024-04-03 11:00:31,676 [INFO] LogOutputStream:77 - [STDOUT_REDIRECT] Sleepy End Device Min <200 3.3
2024-04-03 11:00:31,677 [INFO] LogOutputStream:77 - [STDOUT_REDIRECT] Sleepy End Device Min <200 3.3
2024-04-03 11:00:31,678 [INFO] LogOutputStream:77 - [STDOUT_REDIRECT] Sleepy End Device Min <200 3.3
2024-04-03 11:00:31,678 [INFO] LogOutputStream:77 - [STDOUT_REDIRECT] Sleepy End Device Min <200 3.3
2024-04-03 11:00:31,679 [INFO] LogOutputStream:77 - [STDOUT_REDIRECT] Sleepy End Device Min <200 3.3
2024-04-03 11:00:31,681 [INFO] LogOutputStream:77 - [STDOUT_REDIRECT] Sleepy End Device Min <200 3.3
2024-04-03 11:00:31,682 [INFO] LogOutputStream:77 - [STDOUT_REDIRECT] Sleepy End Device Min <200 3.3
2024-04-03 11:00:31,682 [INFO] LogOutputStream:77 - [STDOUT_REDIRECT] Sleepy End Device Min <200 3.3
2024-04-03 11:00:31,683 [INFO] LogOutputStream:77 - [STDOUT_REDIRECT] Sleepy End Device Min <200 3.3
2024-04-03 11:00:31,684 [INFO] LogOutputStream:77 - [STDOUT_REDIRECT] Sleepy End Device Min <200 3.3
2024-04-03 11:00:31,686 [INFO] LogOutputStream:77 - [STDOUT_REDIRECT] Sleepy End Device Min <200 3.3
2024-04-03 11:00:31,686 [INFO] LogOutputStream:77 - [STDOUT_REDIRECT] Sleepy End Device Min <200 3.3
2024-04-03 11:00:31,687 [INFO] LogOutputStream:77 - [STDOUT_REDIRECT] Sleepy End Device Min <200 3.3
2024-04-03 11:00:31,688 [INFO] LogOutputStream:77 - [STDOUT_REDIRECT] Sleepy End Device Min <200 3.3
2024-04-03 11:00:31,688 [INFO] LogOutputStream:77 - [STDOUT_REDIRECT] Sleepy End Device Min <200 3.3
2024-04-03 11:00:31,876 [INFO] LogOutputStream:77 - [STDOUT_REDIRECT] Sleepy End Device Min <200 3.3
2024-04-03 11:00:31,876 [INFO] LogOutputStream:77 - [STDOUT_REDIRECT] Sleepy End Device Min <200 3.3
2024-04-03 11:00:31,877 [INFO] LogOutputStream:77 - [STDOUT_REDIRECT] Sleepy End Device Min <200 3.3
2024-04-03 11:00:31,878 [INFO] LogOutputStream:77 - [STDOUT_REDIRECT] Sleepy End Device Min <200 3.3
2024-04-03 11:00:31,880 [INFO] LogOutputStream:77 - [STDOUT_REDIRECT] Sleepy End Device Min <200 3.3
2024-04-03 11:00:32,207 [INFO] UtilMem:75 - After build in PCC Used Memory: 298645800 Bytes (408944640)
2024-04-03 11:00:32,239 [INFO] IPUIPlugin:80 - create IPUIPlugin
2024-04-03 11:00:32,239 [INFO] IPUIPlugin:80 - create IPUIPlugin
2024-04-03 11:00:32,240 [INFO] IPUIPlugin:80 - create IPUIPlugin
2024-04-03 11:00:32,240 [INFO] IPUIPlugin:80 - create IPUIPlugin
2024-04-03 11:00:32,240 [INFO] IPUIPlugin:80 - create IPUIPlugin
2024-04-03 11:00:32,240 [INFO] IPUIPlugin:80 - create IPUIPlugin
2024-04-03 11:00:32,240 [INFO] IPUIPlugin:80 - create IPUIPlugin
2024-04-03 11:00:32,240 [INFO] IPUIPlugin:80 - create IPUIPlugin
2024-04-03 11:00:32,240 [INFO] IPUIPlugin:80 - create IPUIPlugin
2024-04-03 11:00:32,240 [INFO] IPUIPlugin:80 - create IPUIPlugin
2024-04-03 11:00:32,240 [INFO] IPUIPlugin:80 - create IPUIPlugin
2024-04-03 11:00:32,240 [INFO] IPUIPlugin:80 - create IPUIPlugin
2024-04-03 11:00:32,241 [INFO] IPUIPlugin:80 - create IPUIPlugin
2024-04-03 11:00:32,241 [INFO] IPUIPlugin:80 - create IPUIPlugin
2024-04-03 11:00:32,241 [INFO] IPUIPlugin:80 - create IPUIPlugin
2024-04-03 11:00:32,241 [INFO] IPUIPlugin:80 - create IPUIPlugin
2024-04-03 11:00:32,241 [INFO] IPUIPlugin:80 - create IPUIPlugin
2024-04-03 11:00:32,242 [INFO] IPUIPlugin:80 - create IPUIPlugin
2024-04-03 11:00:32,242 [INFO] IPUIPlugin:80 - create IPUIPlugin
2024-04-03 11:00:32,242 [INFO] IPUIPlugin:80 - create IPUIPlugin
2024-04-03 11:00:32,243 [INFO] IPUIPlugin:80 - create IPUIPlugin
2024-04-03 11:00:32,243 [INFO] IPUIPlugin:80 - create IPUIPlugin
2024-04-03 11:00:32,243 [INFO] IPUIPlugin:80 - create IPUIPlugin
2024-04-03 11:00:32,243 [INFO] IPUIPlugin:80 - create IPUIPlugin
2024-04-03 11:00:32,243 [INFO] IPUIPlugin:80 - create IPUIPlugin
2024-04-03 11:00:32,244 [INFO] IPUIPlugin:80 - create IPUIPlugin
2024-04-03 11:00:32,244 [INFO] IPUIPlugin:80 - create IPUIPlugin
2024-04-03 11:00:32,244 [INFO] IPUIPlugin:80 - create IPUIPlugin
2024-04-03 11:00:32,244 [INFO] IPUIPlugin:80 - create IPUIPlugin
2024-04-03 11:00:32,245 [INFO] IPUIPlugin:80 - create IPUIPlugin
2024-04-03 11:00:32,245 [INFO] IPUIPlugin:80 - create IPUIPlugin
2024-04-03 11:00:32,245 [INFO] IPUIPlugin:80 - create IPUIPlugin
2024-04-03 11:00:32,245 [INFO] IPUIPlugin:80 - create IPUIPlugin
2024-04-03 11:00:32,245 [INFO] IPUIPlugin:80 - create IPUIPlugin
2024-04-03 11:00:32,246 [INFO] IPUIPlugin:80 - create IPUIPlugin
2024-04-03 11:00:32,246 [INFO] IPUIPlugin:80 - create IPUIPlugin
2024-04-03 11:00:32,246 [INFO] IPUIPlugin:80 - create IPUIPlugin
2024-04-03 11:00:32,246 [INFO] IPUIPlugin:80 - create IPUIPlugin
2024-04-03 11:00:32,246 [INFO] IPUIPlugin:80 - create IPUIPlugin
2024-04-03 11:00:32,246 [INFO] IPUIPlugin:80 - create IPUIPlugin
2024-04-03 11:00:32,247 [INFO] IPUIPlugin:80 - create IPUIPlugin
2024-04-03 11:00:32,247 [INFO] IPUIPlugin:80 - create IPUIPlugin
2024-04-03 11:00:32,247 [INFO] IPUIPlugin:80 - create IPUIPlugin
2024-04-03 11:00:32,247 [INFO] IPUIPlugin:80 - create IPUIPlugin
2024-04-03 11:00:32,247 [INFO] IPUIPlugin:80 - create IPUIPlugin
2024-04-03 11:00:32,506 [INFO] CADModel:165 - CPN selected for project levelSTM32WB55RGV6
2024-04-03 11:00:32,506 [INFO] CADModel:114 - Register for checkConnection events
2024-04-03 11:00:32,559 [INFO] OpenFileManager:343 - Restore cursor
2024-04-03 11:00:44,476 [ERROR] LogOutputStream:75 - [STDERR_REDIRECT] SLF4J: Failed to load class "org.slf4j.impl.StaticLoggerBinder".
2024-04-03 11:00:44,476 [ERROR] LogOutputStream:75 - [STDERR_REDIRECT] SLF4J: Defaulting to no-operation (NOP) logger implementation
2024-04-03 11:00:44,477 [ERROR] LogOutputStream:75 - [STDERR_REDIRECT] SLF4J: See http://www.slf4j.org/codes.html#StaticLoggerBinder for further details.
2024-04-03 11:01:03,561 [INFO] NvicIntPanel:101 - NVIC parent = com.st.microxplorer.plugins.ip.nvic.MultiNvicIntPanel[,0,0,0x0,invalid,layout=javax.swing.BoxLayout,alignmentX=0.0,alignmentY=0.0,border=,flags=9,maximumSize=,minimumSize=,preferredSize=]
2024-04-03 11:01:10,840 [INFO] NvicIntPanel:101 - NVIC parent = com.st.microxplorer.plugins.ip.nvic.MultiNvicIntPanel[,0,0,0x0,invalid,layout=javax.swing.BoxLayout,alignmentX=0.0,alignmentY=0.0,border=,flags=9,maximumSize=,minimumSize=,preferredSize=]
2024-04-03 11:01:18,514 [INFO] NvicIntPanel:101 - NVIC parent = com.st.microxplorer.plugins.ip.nvic.MultiNvicIntPanel[,0,0,0x0,invalid,layout=javax.swing.BoxLayout,alignmentX=0.0,alignmentY=0.0,border=,flags=9,maximumSize=,minimumSize=,preferredSize=]
2024-04-03 11:01:34,928 [ERROR] LogOutputStream:75 - [STDERR_REDIRECT] Exception in thread "AWT-EventQueue-0" java.lang.ClassCastException: class sun.awt.windows.WEmbeddedFrame cannot be cast to class javax.swing.JFrame (sun.awt.windows.WEmbeddedFrame and javax.swing.JFrame are in module java.desktop of loader 'bootstrap')
2024-04-03 11:01:34,929 [ERROR] LogOutputStream:75 - [STDERR_REDIRECT] 	at com.st.microxplorer.plugins.clock.ClockConfigurationView.activatePlugin(ClockConfigurationView.java:425)
2024-04-03 11:01:34,929 [ERROR] LogOutputStream:75 - [STDERR_REDIRECT] 	at com.st.microxplorer.maingui.MainPanel$1.stateChanged(MainPanel.java:369)
2024-04-03 11:01:34,930 [ERROR] LogOutputStream:75 - [STDERR_REDIRECT] 	at java.desktop/javax.swing.JTabbedPane.fireStateChanged(JTabbedPane.java:444)
2024-04-03 11:01:34,931 [ERROR] LogOutputStream:75 - [STDERR_REDIRECT] 	at java.desktop/javax.swing.JTabbedPane$ModelListener.stateChanged(JTabbedPane.java:295)
2024-04-03 11:01:34,932 [ERROR] LogOutputStream:75 - [STDERR_REDIRECT] 	at java.desktop/javax.swing.DefaultSingleSelectionModel.fireStateChanged(DefaultSingleSelectionModel.java:148)
2024-04-03 11:01:34,933 [ERROR] LogOutputStream:75 - [STDERR_REDIRECT] 	at java.desktop/javax.swing.DefaultSingleSelectionModel.setSelectedIndex(DefaultSingleSelectionModel.java:79)
2024-04-03 11:01:34,934 [ERROR] LogOutputStream:75 - [STDERR_REDIRECT] 	at java.desktop/javax.swing.JTabbedPane.setSelectedIndexImpl(JTabbedPane.java:648)
2024-04-03 11:01:34,934 [ERROR] LogOutputStream:75 - [STDERR_REDIRECT] 	at java.desktop/javax.swing.JTabbedPane.setSelectedIndex(JTabbedPane.java:623)
2024-04-03 11:01:34,935 [ERROR] LogOutputStream:75 - [STDERR_REDIRECT] 	at java.desktop/javax.swing.plaf.basic.BasicTabbedPaneUI$Handler.mousePressed(BasicTabbedPaneUI.java:4101)
2024-04-03 11:01:34,936 [ERROR] LogOutputStream:75 - [STDERR_REDIRECT] 	at java.desktop/java.awt.Component.processMouseEvent(Component.java:6623)
2024-04-03 11:01:34,936 [ERROR] LogOutputStream:75 - [STDERR_REDIRECT] 	at java.desktop/javax.swing.JComponent.processMouseEvent(JComponent.java:3389)
2024-04-03 11:01:34,937 [ERROR] LogOutputStream:75 - [STDERR_REDIRECT] 	at java.desktop/java.awt.Component.processEvent(Component.java:6391)
2024-04-03 11:01:34,937 [ERROR] LogOutputStream:75 - [STDERR_REDIRECT] 	at java.desktop/java.awt.Container.processEvent(Container.java:2266)
2024-04-03 11:01:34,938 [ERROR] LogOutputStream:75 - [STDERR_REDIRECT] 	at java.desktop/java.awt.Component.dispatchEventImpl(Component.java:5001)
2024-04-03 11:01:34,939 [ERROR] LogOutputStream:75 - [STDERR_REDIRECT] 	at java.desktop/java.awt.Container.dispatchEventImpl(Container.java:2324)
2024-04-03 11:01:34,939 [ERROR] LogOutputStream:75 - [STDERR_REDIRECT] 	at java.desktop/java.awt.Component.dispatchEvent(Component.java:4833)
2024-04-03 11:01:34,940 [ERROR] LogOutputStream:75 - [STDERR_REDIRECT] 	at java.desktop/java.awt.LightweightDispatcher.retargetMouseEvent(Container.java:4948)
2024-04-03 11:01:34,941 [ERROR] LogOutputStream:75 - [STDERR_REDIRECT] 	at java.desktop/java.awt.LightweightDispatcher.processMouseEvent(Container.java:4572)
2024-04-03 11:01:34,942 [ERROR] LogOutputStream:75 - [STDERR_REDIRECT] 	at java.desktop/java.awt.LightweightDispatcher.dispatchEvent(Container.java:4516)
2024-04-03 11:01:34,943 [ERROR] LogOutputStream:75 - [STDERR_REDIRECT] 	at java.desktop/java.awt.Container.dispatchEventImpl(Container.java:2310)
2024-04-03 11:01:34,943 [ERROR] LogOutputStream:75 - [STDERR_REDIRECT] 	at java.desktop/java.awt.Component.dispatchEvent(Component.java:4833)
2024-04-03 11:01:34,944 [ERROR] LogOutputStream:75 - [STDERR_REDIRECT] 	at java.desktop/java.awt.EventQueue.dispatchEventImpl(EventQueue.java:775)
2024-04-03 11:01:34,945 [ERROR] LogOutputStream:75 - [STDERR_REDIRECT] 	at java.desktop/java.awt.EventQueue$4.run(EventQueue.java:720)
2024-04-03 11:01:34,945 [ERROR] LogOutputStream:75 - [STDERR_REDIRECT] 	at java.desktop/java.awt.EventQueue$4.run(EventQueue.java:714)
2024-04-03 11:01:34,946 [ERROR] LogOutputStream:75 - [STDERR_REDIRECT] 	at java.base/java.security.AccessController.doPrivileged(AccessController.java:399)
2024-04-03 11:01:34,947 [ERROR] LogOutputStream:75 - [STDERR_REDIRECT] 	at java.base/java.security.ProtectionDomain$JavaSecurityAccessImpl.doIntersectionPrivilege(ProtectionDomain.java:86)
2024-04-03 11:01:34,948 [ERROR] LogOutputStream:75 - [STDERR_REDIRECT] 	at java.base/java.security.ProtectionDomain$JavaSecurityAccessImpl.doIntersectionPrivilege(ProtectionDomain.java:97)
2024-04-03 11:01:34,949 [ERROR] LogOutputStream:75 - [STDERR_REDIRECT] 	at java.desktop/java.awt.EventQueue$5.run(EventQueue.java:747)
2024-04-03 11:01:34,949 [ERROR] LogOutputStream:75 - [STDERR_REDIRECT] 	at java.desktop/java.awt.EventQueue$5.run(EventQueue.java:745)
2024-04-03 11:01:34,950 [ERROR] LogOutputStream:75 - [STDERR_REDIRECT] 	at java.base/java.security.AccessController.doPrivileged(AccessController.java:399)
2024-04-03 11:01:34,951 [ERROR] LogOutputStream:75 - [STDERR_REDIRECT] 	at java.base/java.security.ProtectionDomain$JavaSecurityAccessImpl.doIntersectionPrivilege(ProtectionDomain.java:86)
2024-04-03 11:01:34,951 [ERROR] LogOutputStream:75 - [STDERR_REDIRECT] 	at java.desktop/java.awt.EventQueue.dispatchEvent(EventQueue.java:744)
2024-04-03 11:01:34,952 [ERROR] LogOutputStream:75 - [STDERR_REDIRECT] 	at java.desktop/java.awt.EventDispatchThread.pumpOneEventForFilters(EventDispatchThread.java:203)
2024-04-03 11:01:34,953 [ERROR] LogOutputStream:75 - [STDERR_REDIRECT] 	at java.desktop/java.awt.EventDispatchThread.pumpEventsForFilter(EventDispatchThread.java:124)
2024-04-03 11:01:34,954 [ERROR] LogOutputStream:75 - [STDERR_REDIRECT] 	at java.desktop/java.awt.EventDispatchThread.pumpEventsForHierarchy(EventDispatchThread.java:113)
2024-04-03 11:01:34,954 [ERROR] LogOutputStream:75 - [STDERR_REDIRECT] 	at java.desktop/java.awt.EventDispatchThread.pumpEvents(EventDispatchThread.java:109)
2024-04-03 11:01:34,955 [ERROR] LogOutputStream:75 - [STDERR_REDIRECT] 	at java.desktop/java.awt.EventDispatchThread.pumpEvents(EventDispatchThread.java:101)
2024-04-03 11:01:34,956 [ERROR] LogOutputStream:75 - [STDERR_REDIRECT] 	at java.desktop/java.awt.EventDispatchThread.run(EventDispatchThread.java:90)
2024-04-03 11:02:21,749 [INFO] UtilMem:75 - End SaveConfig() Used Memory: 738002624 Bytes (969932800)
2024-04-03 11:02:27,723 [INFO] UtilMem:75 - End SaveConfig() Used Memory: 761470896 Bytes (969932800)
2024-04-03 11:02:27,912 [INFO] UtilMem:75 - End SaveConfig() Used Memory: 782964656 Bytes (969932800)
2024-04-03 11:02:28,286 [INFO] BlockDiagram:2759 - set Specific Code input for plugin: RTC
2024-04-03 11:02:28,287 [INFO] BlockDiagram:2759 - set Specific Code input for plugin: NVIC
2024-04-03 11:02:28,287 [INFO] BlockDiagram:2759 - set Specific Code input for plugin: MEMORYMAP
2024-04-03 11:02:28,287 [INFO] BlockDiagram:2759 - set Specific Code input for plugin: USB
2024-04-03 11:02:28,287 [INFO] BlockDiagram:2759 - set Specific Code input for plugin: SYS
2024-04-03 11:02:28,287 [INFO] BlockDiagram:2759 - set Specific Code input for plugin: GPIO
2024-04-03 11:02:28,287 [INFO] BlockDiagram:2759 - set Specific Code input for plugin: RCC
2024-04-03 11:02:28,290 [INFO] CodeGenerator:807 - code generatio: config db path: C:\ST\STM32CubeIDE_1.14.1\STM32CubeIDE\plugins\com.st.stm32cube.common.mx_6.10.0.202311202037\\db\
2024-04-03 11:02:28,468 [INFO] CodeEngine:255 - oldGeneratedFile, C:\Users\nikan\Documents\ReceiverUnit\ReceiverUnit\MXTmpFiles\license.tmp_save
2024-04-03 11:02:28,775 [INFO] CodeEngine:279 - Generated code: C:\Users\nikan\Documents\ReceiverUnit\ReceiverUnit\MXTmpFiles\license.tmp
2024-04-03 11:02:28,895 [INFO] CodeEngine:255 - oldGeneratedFile, C:\Users\nikan\Documents\ReceiverUnit\ReceiverUnit\MXTmpFiles\gpio.tmp_save
2024-04-03 11:02:29,030 [INFO] CodeEngine:279 - Generated code: C:\Users\nikan\Documents\ReceiverUnit\ReceiverUnit\MXTmpFiles\gpio.tmp
2024-04-03 11:02:29,036 [WARN] IPConfigManager:99 - WARNING: Missing Config File for MEMORYMAP ip!!
2024-04-03 11:02:29,037 [WARN] IP:2119 - DefaultDataRegion not found: check if there is a RefParameter without a condition.
2024-04-03 11:02:29,295 [INFO] CodeEngine:255 - oldGeneratedFile, C:\Users\nikan\Documents\ReceiverUnit\ReceiverUnit\Core\Src\stm32wbxx_it.c_save
2024-04-03 11:02:29,447 [INFO] CodeEngine:279 - Generated code: C:\Users\nikan\Documents\ReceiverUnit\ReceiverUnit\Core\Src\stm32wbxx_it.c
2024-04-03 11:02:29,471 [INFO] CodeEngine:255 - oldGeneratedFile, C:\Users\nikan\Documents\ReceiverUnit\ReceiverUnit\Core\Inc\stm32wbxx_it.h_save
2024-04-03 11:02:29,576 [INFO] CodeEngine:279 - Generated code: C:\Users\nikan\Documents\ReceiverUnit\ReceiverUnit\Core\Inc\stm32wbxx_it.h
2024-04-03 11:02:29,607 [INFO] CodeEngine:255 - oldGeneratedFile, C:\Users\nikan\Documents\ReceiverUnit\ReceiverUnit\Core\Src\stm32wbxx_hal_msp.c_save
2024-04-03 11:02:29,747 [INFO] CodeEngine:279 - Generated code: C:\Users\nikan\Documents\ReceiverUnit\ReceiverUnit\Core\Src\stm32wbxx_hal_msp.c
2024-04-03 11:02:29,761 [INFO] CodeEngine:255 - oldGeneratedFile, C:\Users\nikan\Documents\ReceiverUnit\ReceiverUnit\MXTmpFiles\system.tmp_save
2024-04-03 11:02:29,826 [INFO] CodeEngine:279 - Generated code: C:\Users\nikan\Documents\ReceiverUnit\ReceiverUnit\MXTmpFiles\system.tmp
2024-04-03 11:02:29,853 [INFO] CodeEngine:311 - oldGeneratedFile, C:\Users\nikan\Documents\ReceiverUnit\ReceiverUnit\Core\Inc\stm32wbxx_hal_conf.h_save
2024-04-03 11:02:29,956 [INFO] CodeEngine:335 - Generated code: C:\Users\nikan\Documents\ReceiverUnit\ReceiverUnit\Core\Inc\stm32wbxx_hal_conf.h
2024-04-03 11:02:29,978 [WARN] IPConfigManager:2946 - Warning: the RefConfig RCC_PClockConfig is not available in your config.xml file
2024-04-03 11:02:30,013 [INFO] CodeEngine:255 - oldGeneratedFile, C:\Users\nikan\Documents\ReceiverUnit\ReceiverUnit\Core\Inc\main.h_save
2024-04-03 11:02:30,100 [INFO] CodeEngine:279 - Generated code: C:\Users\nikan\Documents\ReceiverUnit\ReceiverUnit\Core\Inc\main.h
2024-04-03 11:02:30,120 [INFO] CodeEngine:255 - oldGeneratedFile, C:\Users\nikan\Documents\ReceiverUnit\ReceiverUnit\Core\Src\main.c_save
2024-04-03 11:02:30,273 [INFO] CodeEngine:279 - Generated code: C:\Users\nikan\Documents\ReceiverUnit\ReceiverUnit\Core\Src\main.c
2024-04-03 11:02:30,872 [INFO] ProjectBuilder:3076 - Time for Copy HAL[1] : 272mS.
2024-04-03 11:02:30,879 [INFO] ProjectBuilder:4485 - Project Generator version: 4.2.0-B44
2024-04-03 11:02:31,113 [INFO] ConfigFileManager:1495 - The Die is : DIE495
2024-04-03 11:02:31,129 [INFO] ApiDbMcu:508 - Load IP Config File for FATFS
2024-04-03 11:02:31,144 [INFO] ApiDbMcu:508 - Load IP Config File for FREERTOS
2024-04-03 11:02:31,172 [INFO] ApiDbMcu:508 - Load IP Config File for STM32_WPAN
2024-04-03 11:02:31,190 [INFO] ApiDbMcu:508 - Load IP Config File for TOUCHSENSING
2024-04-03 11:02:31,206 [INFO] ApiDbMcu:508 - Load IP Config File for USB_Device
2024-04-03 11:02:32,052 [INFO] LogOutputStream:77 - [STDOUT_REDIRECT] 
2024-04-03 11:02:33,971 [INFO] ProjectBuilder:4747 - Time for Generating toolchain IDE Files: 3092mS.
2024-04-03 11:02:33,974 [INFO] ProjectBuilder:2947 - Time for Copy CMSIS : 2mS.
2024-04-03 11:02:33,978 [INFO] ProjectBuilder:2947 - Time for Copy CMSIS : 0mS.
2024-04-03 11:17:25,596 [ERROR] LogOutputStream:75 - [STDERR_REDIRECT] 
