2024-03-27 11:54:09,054 [INFO] Activator:176 - 


2024-03-27 11:54:09,065 [INFO] Activator:177 - !SESSION log4j initialized
2024-03-27 11:54:19,461 [INFO] LogOutputStream:77 - [STDOUT_REDIRECT] 
2024-03-27 11:54:23,591 [INFO] ApplicationProperties:184 - Using Application install path: C:\ST\STM32CubeIDE_1.14.1\STM32CubeIDE\plugins\com.st.stm32cube.common.mx_6.10.0.202311202037
2024-03-27 11:54:23,619 [INFO] DbMcusXml:78 - Set database path to: C:\ST\STM32CubeIDE_1.14.1\STM32CubeIDE\plugins\com.st.stm32cube.common.mx_6.10.0.202311202037\\db\/mcu/
2024-03-27 11:54:23,619 [INFO] ApiDb:274 - Set plugin database path to: C:\ST\STM32CubeIDE_1.14.1\STM32CubeIDE\plugins\com.st.stm32cube.common.mx_6.10.0.202311202037\\db\/plugins/boardmanager/
2024-03-27 11:54:23,620 [WARN] ApiDb:259 - Overriding images path with different value:  => C:\ST\STM32CubeIDE_1.14.1\STM32CubeIDE\plugins\com.st.stm32cube.common.mx_6.10.0.202311202037\\db\/plugins/mcufinder/images/
2024-03-27 11:54:23,635 [INFO] ApiDb:250 - Set database path to: C:\Users\nikan\.stmcufinder\plugins\mcufinder//mcu/
2024-03-27 11:54:23,637 [INFO] DbMcusAds:125 - Set database path to: C:\Users\nikan\.stmcufinder\plugins\mcufinder//mcu/
2024-03-27 11:54:23,640 [INFO] CrossReferenceDbSqlite:203 - Set database path to: C:\Users\nikan\.stmcufinder\plugins\mcufinder//mcu/cs/
2024-03-27 11:54:23,885 [INFO] RulesReader:64 - Compatibility file has been processed (297 Rules)
2024-03-27 11:54:24,165 [INFO] DbMcusXml:78 - Set database path to: C:\ST\STM32CubeIDE_1.14.1\STM32CubeIDE\plugins\com.st.stm32cube.common.mx_6.10.0.202311202037\\db\/mcu/
2024-03-27 11:54:24,165 [INFO] ApiDb:274 - Set plugin database path to: C:\ST\STM32CubeIDE_1.14.1\STM32CubeIDE\plugins\com.st.stm32cube.common.mx_6.10.0.202311202037\\db\/plugins/boardmanager/
2024-03-27 11:54:24,165 [INFO] ApiDb:261 - Set plugin images path to: C:\ST\STM32CubeIDE_1.14.1\STM32CubeIDE\plugins\com.st.stm32cube.common.mx_6.10.0.202311202037\\db\/plugins/mcufinder/images/
2024-03-27 11:54:24,166 [WARN] DbFile:41 - Overriding database path with different value: C:\Users\nikan\.stmcufinder\plugins\mcufinder/ => C:\Users\nikan\.stmcufinder\plugins\mcufinder
2024-03-27 11:54:24,166 [INFO] ApiDb:250 - Set database path to: C:\Users\nikan\.stmcufinder\plugins\mcufinder//mcu/
2024-03-27 11:54:24,166 [WARN] DbFile:41 - Overriding database path with different value: C:\Users\nikan\.stmcufinder\plugins\mcufinder/ => C:\Users\nikan\.stmcufinder\plugins\mcufinder
2024-03-27 11:54:24,166 [INFO] DbMcusAds:125 - Set database path to: C:\Users\nikan\.stmcufinder\plugins\mcufinder//mcu/
2024-03-27 11:54:24,167 [WARN] DbFile:41 - Overriding database path with different value: C:\Users\nikan\.stmcufinder\plugins\mcufinder/ => C:\Users\nikan\.stmcufinder\plugins\mcufinder
2024-03-27 11:54:24,167 [WARN] DbFile:41 - Overriding database path with different value: C:\Users\nikan\.stmcufinder\plugins\mcufinder/ => C:\Users\nikan\.stmcufinder\plugins\mcufinder
2024-03-27 11:54:24,167 [INFO] CrossReferenceDbSqlite:203 - Set database path to: C:\Users\nikan\.stmcufinder\plugins\mcufinder//mcu/cs/
2024-03-27 11:54:24,299 [INFO] MainPanel:264 - HeapMemory: 268435456
2024-03-27 11:54:24,434 [INFO] DbMcusXml:78 - Set database path to: C:\ST\STM32CubeIDE_1.14.1\STM32CubeIDE\plugins\com.st.stm32cube.common.mx_6.10.0.202311202037\\db\/mcu/
2024-03-27 11:54:24,434 [INFO] ApiDb:274 - Set plugin database path to: C:\ST\STM32CubeIDE_1.14.1\STM32CubeIDE\plugins\com.st.stm32cube.common.mx_6.10.0.202311202037\\db\/plugins/boardmanager/
2024-03-27 11:54:24,434 [INFO] ApiDb:261 - Set plugin images path to: C:\ST\STM32CubeIDE_1.14.1\STM32CubeIDE\plugins\com.st.stm32cube.common.mx_6.10.0.202311202037\\db\/plugins/mcufinder/images/
2024-03-27 11:54:24,435 [WARN] DbFile:41 - Overriding database path with different value: C:\Users\nikan\.stmcufinder\plugins\mcufinder/ => C:\Users\nikan\.stmcufinder\plugins\mcufinder
2024-03-27 11:54:24,435 [INFO] ApiDb:250 - Set database path to: C:\Users\nikan\.stmcufinder\plugins\mcufinder//mcu/
2024-03-27 11:54:24,435 [WARN] DbFile:41 - Overriding database path with different value: C:\Users\nikan\.stmcufinder\plugins\mcufinder/ => C:\Users\nikan\.stmcufinder\plugins\mcufinder
2024-03-27 11:54:24,436 [INFO] DbMcusAds:125 - Set database path to: C:\Users\nikan\.stmcufinder\plugins\mcufinder//mcu/
2024-03-27 11:54:24,436 [WARN] DbFile:41 - Overriding database path with different value: C:\Users\nikan\.stmcufinder\plugins\mcufinder/ => C:\Users\nikan\.stmcufinder\plugins\mcufinder
2024-03-27 11:54:24,436 [WARN] DbFile:41 - Overriding database path with different value: C:\Users\nikan\.stmcufinder\plugins\mcufinder/ => C:\Users\nikan\.stmcufinder\plugins\mcufinder
2024-03-27 11:54:24,436 [INFO] CrossReferenceDbSqlite:203 - Set database path to: C:\Users\nikan\.stmcufinder\plugins\mcufinder//mcu/cs/
2024-03-27 11:54:24,470 [INFO] ApplicationProperties:184 - Using Application install path: C:\ST\STM32CubeIDE_1.14.1\STM32CubeIDE\plugins\com.st.stm32cube.common.mx_6.10.0.202311202037
2024-03-27 11:54:24,473 [INFO] PluginManage:196 - Search for loadable plugins [exclusion list=, ]
2024-03-27 11:54:24,475 [INFO] PluginManage:310 - Check plugin analytics
2024-03-27 11:54:24,802 [INFO] AnalyticsPlugin:253 - Accepted Software Licenses: 
2024-03-27 11:54:24,803 [INFO] AnalyticsPlugin:255 - Accepted CMSIS Pack Licenses: 
2024-03-27 11:54:24,803 [INFO] AnalyticsPlugin:257 - Accepted Firmware Licenses: FW.WB.1.18.0
2024-03-27 11:54:24,814 [INFO] PluginManage:359 - Loaded plugin analytics (category:tool,tabindex:-1)
2024-03-27 11:54:24,816 [INFO] PluginManage:310 - Check plugin cadmodel
2024-03-27 11:54:24,847 [INFO] CADModel:105 - Init CAD model plugin
2024-03-27 11:54:24,848 [INFO] PluginManage:359 - Loaded plugin cadmodel (category:power,tabindex:5)
2024-03-27 11:54:24,848 [INFO] PluginManage:310 - Check plugin clock
2024-03-27 11:54:24,879 [INFO] PluginManage:359 - Loaded plugin clock (category:base,tabindex:2)
2024-03-27 11:54:24,880 [INFO] PluginManage:310 - Check plugin ddr
2024-03-27 11:54:24,883 [INFO] PluginManage:359 - Loaded plugin ddr (category:tool,tabindex:6)
2024-03-27 11:54:24,883 [INFO] PluginManage:310 - Check plugin filemanager
2024-03-27 11:54:25,109 [INFO] PluginManage:359 - Loaded plugin filemanager (category:base,tabindex:10)
2024-03-27 11:54:25,110 [INFO] PluginManage:310 - Check plugin ipmanager
2024-03-27 11:54:25,124 [INFO] PluginManage:359 - Loaded plugin ipmanager (category:base,tabindex:5)
2024-03-27 11:54:25,124 [INFO] PluginManage:310 - Check plugin lpbam
2024-03-27 11:54:25,152 [INFO] PluginManage:359 - Loaded plugin lpbam (category:base,tabindex:0)
2024-03-27 11:54:25,152 [INFO] PluginManage:310 - Check plugin memorymap
2024-03-27 11:54:25,191 [INFO] PluginManage:359 - Loaded plugin memorymap (category:base,tabindex:4)
2024-03-27 11:54:25,191 [INFO] PluginManage:310 - Check plugin pinoutandconfiguration
2024-03-27 11:54:25,220 [INFO] PluginManage:359 - Loaded plugin pinoutandconfiguration (category:base,tabindex:1)
2024-03-27 11:54:25,220 [INFO] PluginManage:310 - Check plugin pinoutconfig
2024-03-27 11:54:25,383 [WARN] SupportedApi:132 - Cannot load RTOS API schema: s4s-elt-must-match.1: The content of 'definitions' must match (annotation?, (simpleType | complexType)?, (unique | key | keyref)*)). A problem was found starting at: attribute.
2024-03-27 11:54:25,594 [INFO] PluginManage:359 - Loaded plugin pinoutconfig (category:base,tabindex:0)
2024-03-27 11:54:25,594 [INFO] PluginManage:310 - Check plugin power
2024-03-27 11:54:25,624 [INFO] PluginManage:359 - Loaded plugin power (category:power,tabindex:4)
2024-03-27 11:54:25,624 [INFO] PluginManage:310 - Check plugin projectmanager
2024-03-27 11:54:25,653 [INFO] PluginManage:359 - Loaded plugin projectmanager (category:projectmanager,tabindex:3)
2024-03-27 11:54:25,654 [INFO] PluginManage:310 - Check plugin thirdparty
2024-03-27 11:54:26,149 [INFO] PluginManage:359 - Loaded plugin thirdparty (category:base,tabindex:-1)
2024-03-27 11:54:26,149 [WARN] IntegrityCheckThread:84 - waiting for thirdparty lock release [integrity check]
2024-03-27 11:54:26,149 [INFO] PluginManage:310 - Check plugin tools
2024-03-27 11:54:26,150 [INFO] IntegrityCheckThread:86 - entering critical section [integrity check]
2024-03-27 11:54:26,150 [INFO] ThirdPartyUpdaterWithRetryManager:70 - Updater plugin not ready yet. [1/15]
2024-03-27 11:54:26,202 [INFO] PluginManage:359 - Loaded plugin tools (category:base,tabindex:7)
2024-03-27 11:54:26,202 [INFO] PluginManage:310 - Check plugin tutovideos
2024-03-27 11:54:26,512 [INFO] PluginManage:359 - Loaded plugin tutovideos (category:base,tabindex:-1)
2024-03-27 11:54:26,513 [INFO] PluginManage:310 - Check plugin updater
2024-03-27 11:54:26,534 [INFO] PluginManage:359 - Loaded plugin updater (category:base,tabindex:12)
2024-03-27 11:54:26,535 [INFO] PluginManage:310 - Check plugin userauth
2024-03-27 11:54:26,544 [INFO] UserAuth:114 - Init User Auth plugin
2024-03-27 11:54:26,544 [INFO] PluginManage:359 - Loaded plugin userauth (category:base,tabindex:14)
2024-03-27 11:54:26,545 [INFO] PluginManage:283 - PluginManage : Loaded plugins [17]
2024-03-27 11:54:26,987 [INFO] PinOutPanel:1499 - setPackage(No Configuration,No Configuration)
2024-03-27 11:54:27,145 [INFO] CADModel:165 - CPN selected for project level
2024-03-27 11:54:27,145 [INFO] CADModel:114 - Register for checkConnection events
2024-03-27 11:54:27,186 [INFO] IPUIPlugin:80 - create IPUIPlugin
2024-03-27 11:54:27,186 [INFO] PluginManager:220 - loadIPPluginJar : add adc
2024-03-27 11:54:27,242 [INFO] IPUIPlugin:80 - create IPUIPlugin
2024-03-27 11:54:27,243 [INFO] PluginManager:220 - loadIPPluginJar : add aes
2024-03-27 11:54:27,304 [INFO] IPUIPlugin:80 - create IPUIPlugin
2024-03-27 11:54:27,304 [INFO] PluginManager:220 - loadIPPluginJar : add can
2024-03-27 11:54:27,338 [INFO] IPUIPlugin:80 - create IPUIPlugin
2024-03-27 11:54:27,338 [INFO] PluginManager:220 - loadIPPluginJar : add comp
2024-03-27 11:54:27,390 [INFO] IPUIPlugin:80 - create IPUIPlugin
2024-03-27 11:54:27,390 [INFO] PluginManager:220 - loadIPPluginJar : add cryp
2024-03-27 11:54:27,436 [INFO] IPUIPlugin:80 - create IPUIPlugin
2024-03-27 11:54:27,436 [INFO] PluginManager:220 - loadIPPluginJar : add dfsdm
2024-03-27 11:54:27,458 [INFO] IPUIPlugin:80 - create IPUIPlugin
2024-03-27 11:54:27,459 [INFO] PluginManager:220 - loadIPPluginJar : add dma
2024-03-27 11:54:27,525 [INFO] IPUIPlugin:80 - create IPUIPlugin
2024-03-27 11:54:27,525 [INFO] PluginManager:220 - loadIPPluginJar : add dma3
2024-03-27 11:54:27,557 [INFO] IPUIPlugin:80 - create IPUIPlugin
2024-03-27 11:54:27,557 [INFO] PluginManager:220 - loadIPPluginJar : add fatfs
2024-03-27 11:54:27,636 [INFO] IPUIPlugin:80 - create IPUIPlugin
2024-03-27 11:54:27,637 [INFO] PluginManager:220 - loadIPPluginJar : add fmc
2024-03-27 11:54:27,662 [INFO] IPUIPlugin:80 - create IPUIPlugin
2024-03-27 11:54:27,663 [INFO] PluginManager:220 - loadIPPluginJar : add freertos
2024-03-27 11:54:27,698 [INFO] IPUIPlugin:80 - create IPUIPlugin
2024-03-27 11:54:27,699 [INFO] PluginManager:220 - loadIPPluginJar : add genericplugin
2024-03-27 11:54:27,859 [INFO] IPUIPlugin:80 - create IPUIPlugin
2024-03-27 11:54:27,859 [INFO] PluginManager:220 - loadIPPluginJar : add gfxmmu
2024-03-27 11:54:28,116 [INFO] IPUIPlugin:80 - create IPUIPlugin
2024-03-27 11:54:28,117 [INFO] PluginManager:220 - loadIPPluginJar : add gic
2024-03-27 11:54:28,150 [INFO] IPUIPlugin:80 - create IPUIPlugin
2024-03-27 11:54:28,150 [INFO] PluginManager:220 - loadIPPluginJar : add gpio
2024-03-27 11:54:28,328 [INFO] IPUIPlugin:80 - create IPUIPlugin
2024-03-27 11:54:28,328 [INFO] PluginManager:220 - loadIPPluginJar : add gtzc
2024-03-27 11:54:28,391 [INFO] IPUIPlugin:80 - create IPUIPlugin
2024-03-27 11:54:28,392 [INFO] PluginManager:220 - loadIPPluginJar : add hash
2024-03-27 11:54:28,479 [INFO] IPUIPlugin:80 - create IPUIPlugin
2024-03-27 11:54:28,479 [INFO] PluginManager:220 - loadIPPluginJar : add i2c
2024-03-27 11:54:28,556 [INFO] IPUIPlugin:80 - create IPUIPlugin
2024-03-27 11:54:28,556 [INFO] PluginManager:220 - loadIPPluginJar : add i2s
2024-03-27 11:54:28,641 [INFO] IPUIPlugin:80 - create IPUIPlugin
2024-03-27 11:54:28,642 [INFO] PluginManager:220 - loadIPPluginJar : add i3c
2024-03-27 11:54:28,834 [INFO] IPUIPlugin:80 - create IPUIPlugin
2024-03-27 11:54:28,835 [INFO] PluginManager:220 - loadIPPluginJar : add ipddr
2024-03-27 11:54:28,987 [INFO] IPUIPlugin:80 - create IPUIPlugin
2024-03-27 11:54:28,987 [INFO] PluginManager:220 - loadIPPluginJar : add linkedlist
2024-03-27 11:54:29,041 [INFO] IPUIPlugin:80 - create IPUIPlugin
2024-03-27 11:54:29,042 [INFO] PluginManager:220 - loadIPPluginJar : add lorawan
2024-03-27 11:54:29,100 [INFO] IPUIPlugin:80 - create IPUIPlugin
2024-03-27 11:54:29,101 [INFO] PluginManager:220 - loadIPPluginJar : add ltdc
2024-03-27 11:54:29,125 [INFO] IPUIPlugin:80 - create IPUIPlugin
2024-03-27 11:54:29,125 [INFO] PluginManager:220 - loadIPPluginJar : add mdma
2024-03-27 11:54:29,146 [INFO] IPUIPlugin:80 - create IPUIPlugin
2024-03-27 11:54:29,147 [INFO] PluginManager:220 - loadIPPluginJar : add nvic
2024-03-27 11:54:29,152 [INFO] ThirdPartyUpdaterWithRetryManager:70 - Updater plugin not ready yet. [2/15]
2024-03-27 11:54:29,206 [INFO] IPUIPlugin:80 - create IPUIPlugin
2024-03-27 11:54:29,206 [INFO] PluginManager:220 - loadIPPluginJar : add opamp
2024-03-27 11:54:29,297 [INFO] IPUIPlugin:80 - create IPUIPlugin
2024-03-27 11:54:29,297 [INFO] PluginManager:220 - loadIPPluginJar : add openamp
2024-03-27 11:54:29,393 [INFO] IPUIPlugin:80 - create IPUIPlugin
2024-03-27 11:54:29,394 [INFO] PluginManager:220 - loadIPPluginJar : add pdm2pcm
2024-03-27 11:54:29,421 [INFO] IPUIPlugin:80 - create IPUIPlugin
2024-03-27 11:54:29,426 [INFO] PluginManager:220 - loadIPPluginJar : add plateformsettings
2024-03-27 11:54:29,463 [INFO] IPUIPlugin:80 - create IPUIPlugin
2024-03-27 11:54:29,464 [INFO] PluginManager:220 - loadIPPluginJar : add quadspi
2024-03-27 11:54:29,484 [INFO] IPUIPlugin:80 - create IPUIPlugin
2024-03-27 11:54:29,485 [INFO] PluginManager:220 - loadIPPluginJar : add resmgrutility
2024-03-27 11:54:29,563 [INFO] IPUIPlugin:80 - create IPUIPlugin
2024-03-27 11:54:29,563 [INFO] PluginManager:220 - loadIPPluginJar : add sai
2024-03-27 11:54:29,622 [INFO] IPUIPlugin:80 - create IPUIPlugin
2024-03-27 11:54:29,622 [INFO] PluginManager:220 - loadIPPluginJar : add spi
2024-03-27 11:54:29,733 [INFO] IPUIPlugin:80 - create IPUIPlugin
2024-03-27 11:54:29,733 [INFO] PluginManager:220 - loadIPPluginJar : add stm32_wpan
2024-03-27 11:54:29,771 [INFO] IPUIPlugin:80 - create IPUIPlugin
2024-03-27 11:54:29,771 [INFO] PluginManager:220 - loadIPPluginJar : add tim
2024-03-27 11:54:29,857 [INFO] IPUIPlugin:80 - create IPUIPlugin
2024-03-27 11:54:29,858 [INFO] PluginManager:220 - loadIPPluginJar : add touchsensing
2024-03-27 11:54:29,892 [INFO] IPUIPlugin:80 - create IPUIPlugin
2024-03-27 11:54:29,892 [INFO] PluginManager:220 - loadIPPluginJar : add tracer_emb
2024-03-27 11:54:29,929 [INFO] IPUIPlugin:80 - create IPUIPlugin
2024-03-27 11:54:29,929 [INFO] PluginManager:220 - loadIPPluginJar : add ts
2024-03-27 11:54:29,962 [INFO] IPUIPlugin:80 - create IPUIPlugin
2024-03-27 11:54:29,963 [INFO] PluginManager:220 - loadIPPluginJar : add tsc
2024-03-27 11:54:29,995 [INFO] IPUIPlugin:80 - create IPUIPlugin
2024-03-27 11:54:29,995 [INFO] PluginManager:220 - loadIPPluginJar : add ucpd
2024-03-27 11:54:30,062 [INFO] IPUIPlugin:80 - create IPUIPlugin
2024-03-27 11:54:30,062 [INFO] PluginManager:220 - loadIPPluginJar : add usart
2024-03-27 11:54:30,132 [INFO] IPUIPlugin:80 - create IPUIPlugin
2024-03-27 11:54:30,132 [INFO] PluginManager:220 - loadIPPluginJar : add usbx
2024-03-27 11:54:30,328 [INFO] CADModel:165 - CPN selected for project level
2024-03-27 11:54:30,328 [INFO] CADModel:114 - Register for checkConnection events
2024-03-27 11:54:30,328 [FATAL] Updater:308 - Updater called before beeing initialized
2024-03-27 11:54:30,328 [ERROR] CADModel:125 - Updater not yet initialized, retry later 
2024-03-27 11:54:30,588 [INFO] CADModel:165 - CPN selected for project level
2024-03-27 11:54:30,588 [INFO] CADModel:114 - Register for checkConnection events
2024-03-27 11:54:30,588 [FATAL] Updater:308 - Updater called before beeing initialized
2024-03-27 11:54:30,589 [ERROR] CADModel:125 - Updater not yet initialized, retry later 
2024-03-27 11:54:30,593 [FATAL] Updater:308 - Updater called before beeing initialized
2024-03-27 11:54:30,865 [FATAL] Updater:308 - Updater called before beeing initialized
2024-03-27 11:54:30,880 [INFO] DbMcusAds:53 - JSON generation date=Wed Nov 29 05:52:27 EST 2023 (1701255147349)
2024-03-27 11:54:30,880 [FATAL] Updater:308 - Updater called before beeing initialized
2024-03-27 11:54:31,007 [WARN] DetailPanel:346 - Failed to get advertising image, set to default
2024-03-27 11:54:31,204 [FATAL] Updater:308 - Updater called before beeing initialized
2024-03-27 11:54:31,207 [FATAL] Updater:308 - Updater called before beeing initialized
2024-03-27 11:54:31,207 [FATAL] Updater:308 - Updater called before beeing initialized
2024-03-27 11:54:31,208 [WARN] DetailPanel:346 - Failed to get advertising image, set to default
2024-03-27 11:54:31,209 [FATAL] Updater:308 - Updater called before beeing initialized
2024-03-27 11:54:31,378 [ERROR] Updater:1120 - MainUpdater not yet initialized. External WinMGr cannot be set.
2024-03-27 11:54:31,396 [INFO] Updater:1056 - Updater Version found : 6.10.0
2024-03-27 11:54:31,433 [INFO] ApplicationProperties:184 - Using Application install path: C:\ST\STM32CubeIDE_1.14.1\STM32CubeIDE\plugins\com.st.stm32cube.common.mx_6.10.0.202311202037
2024-03-27 11:54:32,153 [INFO] ThirdPartyUpdaterWithRetryManager:70 - Updater plugin not ready yet. [3/15]
2024-03-27 11:54:32,576 [INFO] MainUpdater:2873 - connection check result : 10
2024-03-27 11:54:32,577 [INFO] MainUpdater:290 - Updater Check For Update Now.
2024-03-27 11:54:32,577 [INFO] MicroXplorer:498 - Change Database Version : DB.6.0.100
2024-03-27 11:54:32,612 [INFO] McuFinderGlobals:63 - Set McuFinder mode to 2 (CubeIDE integrated)
2024-03-27 11:54:32,904 [INFO] CheckServerUpdateThread:120 - End of CheckServer Thread
2024-03-27 11:54:33,062 [INFO] UserAuth:404 - Internet connection configuration mode: 1
2024-03-27 11:54:33,126 [INFO] JxBrowserEngine:152 - Initiate JxBrowser Engine with user profile folder
2024-03-27 11:54:35,541 [WARN] PackLoader:240 - Cannot read IP mode file for STMicroelectronics.X-CUBE-SMBUS.2.1.0
2024-03-27 11:54:35,564 [WARN] PackLoader:240 - Cannot read IP mode file for STMicroelectronics.X-CUBE-TOUCHGFX.4.23.0
2024-03-27 11:54:35,635 [WARN] PackLoader:240 - Cannot read IP mode file for STMicroelectronics.X-CUBE-AZRTOS-F7.1.1.0
2024-03-27 11:54:35,673 [WARN] PackLoader:240 - Cannot read IP mode file for STMicroelectronics.FP-SNS-MOTENV1.4.3.2
2024-03-27 11:54:35,700 [WARN] PackLoader:240 - Cannot read IP mode file for STMicroelectronics.FP-SNS-FLIGHT1.5.0.2
2024-03-27 11:54:35,740 [WARN] PackLoader:240 - Cannot read IP mode file for STMicroelectronics.X-CUBE-DISPLAY.3.0.0
2024-03-27 11:54:35,806 [WARN] PackLoader:240 - Cannot read IP mode file for STMicroelectronics.X-CUBE-BLE1.7.0.0
2024-03-27 11:54:35,837 [WARN] PackLoader:240 - Cannot read IP mode file for emotas.I-CUBE-CANOPEN.1.3.0
2024-03-27 11:54:35,876 [WARN] PackLoader:240 - Cannot read IP mode file for STMicroelectronics.X-CUBE-BLEMGR.3.1.0
2024-03-27 11:54:35,905 [WARN] PackLoader:240 - Cannot read IP mode file for STMicroelectronics.FP-SNS-SMARTAG2.1.2.0
2024-03-27 11:54:35,947 [INFO] LogOutputStream:77 - [STDOUT_REDIRECT] 1 : Invalid condition id : UX_CORESTACK_Condition cause : null
2024-03-27 11:54:35,949 [INFO] LogOutputStream:77 - [STDOUT_REDIRECT] 1 : Invalid condition id : UX_CORESTACK_Condition cause : null
2024-03-27 11:54:35,952 [INFO] LogOutputStream:77 - [STDOUT_REDIRECT] 1 : Invalid condition id : UX_CORESTACK_Condition cause : null
2024-03-27 11:54:35,954 [INFO] LogOutputStream:77 - [STDOUT_REDIRECT] 1 : Invalid condition id : UX_CORESTACK_Condition cause : null
2024-03-27 11:54:35,957 [INFO] LogOutputStream:77 - [STDOUT_REDIRECT] 1 : Invalid condition id : UX_CORESTACK_Condition cause : null
2024-03-27 11:54:35,961 [WARN] PackLoader:240 - Cannot read IP mode file for STMicroelectronics.X-CUBE-AZRTOS-WL.2.0.0
2024-03-27 11:54:35,996 [WARN] PackLoader:240 - Cannot read IP mode file for WES.I-CUBE-Cesium.1.3.0
2024-03-27 11:54:36,019 [WARN] PackLoader:240 - Cannot read IP mode file for STMicroelectronics.X-CUBE-BLE2.3.3.0
2024-03-27 11:54:36,052 [WARN] PackLoader:240 - Cannot read IP mode file for STMicroelectronics.X-CUBE-ALGOBUILD.1.3.0
2024-03-27 11:54:36,114 [WARN] PackLoader:240 - Cannot read IP mode file for STMicroelectronics.X-CUBE-AZRTOS-G0.1.1.0
2024-03-27 11:54:36,145 [WARN] PackLoader:240 - Cannot read IP mode file for STMicroelectronics.X-CUBE-NFC4.3.0.0
2024-03-27 11:54:36,180 [WARN] PackLoader:240 - Cannot read IP mode file for STMicroelectronics.X-CUBE-BLEMGR.3.0.0
2024-03-27 11:54:36,206 [WARN] PackLoader:240 - Cannot read IP mode file for STMicroelectronics.FP-ATR-SIGFOX1.3.2.0
2024-03-27 11:54:36,235 [WARN] PackLoader:240 - Cannot read IP mode file for STMicroelectronics.X-CUBE-EEPRMA1.5.1.0
2024-03-27 11:54:36,304 [WARN] PackLoader:240 - Cannot read IP mode file for SEGGER.I-CUBE-embOS.1.3.1
2024-03-27 11:54:36,387 [WARN] PackLoader:240 - Cannot read IP mode file for STMicroelectronics.X-CUBE-GNSS1.6.0.0
2024-03-27 11:54:36,439 [WARN] PackLoader:240 - Cannot read IP mode file for STMicroelectronics.X-CUBE-AZRTOS-F4.1.1.0
2024-03-27 11:54:36,470 [WARN] PackLoader:240 - Cannot read IP mode file for wolfSSL.I-CUBE-wolfSSL.5.6.6
2024-03-27 11:54:36,517 [WARN] PackLoader:240 - Cannot read IP mode file for STMicroelectronics.X-CUBE-AZRTOS-L5.2.0.0
2024-03-27 11:54:36,552 [WARN] PackLoader:240 - Cannot read IP mode file for STMicroelectronics.X-CUBE-NFC6.3.1.0
2024-03-27 11:54:36,583 [WARN] PackLoader:240 - Cannot read IP mode file for ITTIA_DB.I-CUBE-ITTIADB.8.8.0
2024-03-27 11:54:36,606 [WARN] PackLoader:240 - Cannot read IP mode file for STMicroelectronics.X-CUBE-NFC7.1.0.1
2024-03-27 11:54:36,633 [WARN] PackLoader:240 - Cannot read IP mode file for STMicroelectronics.X-CUBE-NFC6.3.0.0
2024-03-27 11:54:36,662 [WARN] PackLoader:240 - Cannot read IP mode file for STMicroelectronics.X-CUBE-AI.8.1.0
2024-03-27 11:54:36,723 [WARN] ConditionMgr:438 - getConditionDescription Invalid condition id : LAN8742 Phy interface Condition cause : null
2024-03-27 11:54:36,725 [WARN] PackLoader:240 - Cannot read IP mode file for STMicroelectronics.X-CUBE-AZRTOS-L4.2.0.0
2024-03-27 11:54:36,727 [WARN] ConditionMgr:1039 - genDependencies : Invalid condition id : LAN8742 Phy interface Condition cause : null
2024-03-27 11:54:36,728 [WARN] ConditionMgr:1039 - genDependencies : Invalid condition id : LAN8742 Phy interface Condition cause : null
2024-03-27 11:54:36,730 [WARN] ConditionMgr:1039 - genDependencies : Invalid condition id : LAN8742 Phy interface Condition cause : null
2024-03-27 11:54:36,786 [WARN] PackLoader:240 - Cannot read IP mode file for STMicroelectronics.X-CUBE-SFXS2LP1.4.0.0
2024-03-27 11:54:36,839 [WARN] ConditionMgr:438 - getConditionDescription Invalid condition id : UX DEVICE CLASS RTOS Condition cause : null
2024-03-27 11:54:36,840 [WARN] ConditionMgr:438 - getConditionDescription Invalid condition id : UX DEVICE CLASS RTOS Condition cause : null
2024-03-27 11:54:36,844 [WARN] PackLoader:240 - Cannot read IP mode file for STMicroelectronics.X-CUBE-AZRTOS-WB.2.0.0
2024-03-27 11:54:36,846 [WARN] ConditionMgr:1039 - genDependencies : Invalid condition id : UX DEVICE CLASS RTOS Condition cause : null
2024-03-27 11:54:36,846 [WARN] ConditionMgr:1039 - genDependencies : Invalid condition id : UX DEVICE CLASS RTOS Condition cause : null
2024-03-27 11:54:36,847 [WARN] ConditionMgr:1039 - genDependencies : Invalid condition id : UX DEVICE CLASS RTOS Condition cause : null
2024-03-27 11:54:36,847 [WARN] ConditionMgr:1039 - genDependencies : Invalid condition id : UX DEVICE CLASS RTOS Condition cause : null
2024-03-27 11:54:36,847 [WARN] ConditionMgr:1039 - genDependencies : Invalid condition id : UX DEVICE CLASS RTOS Condition cause : null
2024-03-27 11:54:36,888 [WARN] PackLoader:240 - Cannot read IP mode file for STMicroelectronics.X-CUBE-SUBG2.5.0.0
2024-03-27 11:54:36,946 [WARN] PackLoader:240 - Cannot read IP mode file for STMicroelectronics.X-CUBE-AZRTOS-G4.2.0.0
2024-03-27 11:54:36,990 [WARN] PackLoader:240 - Cannot read IP mode file for Infineon.AIROC-Wi-Fi-Bluetooth-STM32.1.5.1
2024-03-27 11:54:37,020 [WARN] PackLoader:240 - Cannot read IP mode file for STMicroelectronics.FP-SNS-MOTENVWB1.1.3.1
2024-03-27 11:54:37,048 [WARN] PackLoader:240 - Cannot read IP mode file for STMicroelectronics.X-CUBE-ISPU.2.0.0
2024-03-27 11:54:37,132 [WARN] PackLoader:240 - Cannot read IP mode file for STMicroelectronics.X-CUBE-MEMS1.10.0.0
2024-03-27 11:54:37,380 [WARN] PackLoader:240 - Cannot read IP mode file for STMicroelectronics.X-CUBE-FREERTOS.1.1.0
2024-03-27 11:54:37,412 [WARN] PackLoader:240 - Cannot read IP mode file for portGmbH.I-Cube-SoM-uGOAL.1.1.0
2024-03-27 11:54:37,438 [WARN] PackLoader:240 - Cannot read IP mode file for STMicroelectronics.X-CUBE-ALS.1.0.1
2024-03-27 11:54:37,465 [WARN] PackLoader:240 - Cannot read IP mode file for STMicroelectronics.FP-ATR-ASTRA1.2.0.0
2024-03-27 11:54:37,508 [WARN] PackLoader:240 - Cannot read IP mode file for STMicroelectronics.X-CUBE-TOF1.3.4.0
2024-03-27 11:54:37,597 [WARN] PackLoader:240 - Cannot read IP mode file for STMicroelectronics.X-CUBE-TOF1.3.4.1
2024-03-27 11:54:37,673 [WARN] PackLoader:240 - Cannot read IP mode file for STMicroelectronics.X-CUBE-AZRTOS-H7.3.2.0
2024-03-27 11:54:37,680 [INFO] ThirdParty:978 - Integrity check success = true
2024-03-27 11:54:37,681 [INFO] IntegrityCheckThread:100 - exiting critical section [integrity check]
2024-03-27 11:54:37,681 [INFO] IntegrityCheckThread:103 - End integrity checks thread
2024-03-27 11:54:38,562 [INFO] WebApp:161 - Instantiating new browser for Auth
2024-03-27 11:54:39,539 [INFO] WebApp:780 - Register for checkConnection events
2024-03-27 11:54:39,540 [INFO] WebApp:414 - Apply proxy settings
2024-03-27 11:54:39,540 [INFO] WebApp:499 - Chromium requires no authentication
2024-03-27 11:54:39,552 [INFO] WebApp:442 - Direct internet connection detected
2024-03-27 11:54:39,801 [INFO] WebApp:192 - Starting web application
2024-03-27 11:54:39,801 [INFO] WebApp:544 - Web application path used C:\ST\STM32CubeIDE_1.14.1\STM32CubeIDE\plugins\com.st.stm32cube.common.mx_6.10.0.202311202037\db\plugins\mcufinder\reactClient1\index.html
2024-03-27 11:55:01,503 [ERROR] LogOutputStream:75 - [STDERR_REDIRECT] SLF4J: Failed to load class "org.slf4j.impl.StaticLoggerBinder".
2024-03-27 11:55:01,504 [ERROR] LogOutputStream:75 - [STDERR_REDIRECT] SLF4J: Defaulting to no-operation (NOP) logger implementation
2024-03-27 11:55:01,505 [ERROR] LogOutputStream:75 - [STDERR_REDIRECT] SLF4J: See http://www.slf4j.org/codes.html#StaticLoggerBinder for further details.
2024-03-27 12:17:17,956 [INFO] McuFinderGlobals:63 - Set McuFinder mode to 2 (CubeIDE integrated)
2024-03-27 12:17:18,012 [INFO] MainUpdater:2873 - connection check result : 10
2024-03-27 12:17:18,026 [INFO] MainUpdater:2873 - connection check result : 10
2024-03-27 12:17:18,358 [INFO] MicroXplorer:468 - Change Database Path : 
2024-03-27 12:17:18,358 [INFO] MicroXplorer:498 - Change Database Version : DB.6.0.100
2024-03-27 12:17:18,365 [WARN] ThirdParty:871 - waiting for thirdparty lock release [close project]
2024-03-27 12:17:18,365 [INFO] ThirdParty:873 - entering critical section [close project]
2024-03-27 12:17:18,368 [INFO] ThirdParty:883 - exiting critical section [close project]
2024-03-27 12:17:18,370 [INFO] PinOutPanel:1499 - setPackage(No Configuration,No Configuration)
2024-03-27 12:17:18,378 [INFO] UtilMem:75 - Begin LoadConfig() Used Memory: 755091216 Bytes (1059061760)
2024-03-27 12:17:18,380 [INFO] MicroXplorer:468 - Change Database Path : 
2024-03-27 12:17:18,380 [INFO] MicroXplorer:498 - Change Database Version : DB.6.0.100
2024-03-27 12:17:18,381 [INFO] OpenFileManager:312 - Change cursor
2024-03-27 12:17:18,458 [INFO] Mcu:2016 - Initializing MCU STM32WB55RGVx STM32WB55RGVx STM32WB55RGV6
2024-03-27 12:17:21,529 [INFO] Context:659 - Trying to add GPIOservice into a context  which must be forbidden
2024-03-27 12:17:22,801 [INFO] RtosManager:555 - Registered RTOS mode: class=CMSIS, group=RTOS, mode=CMSIS_V1, owner=FREERTOS
2024-03-27 12:17:22,802 [INFO] RtosManager:555 - Registered RTOS mode: class=CMSIS, group=RTOS2, mode=CMSIS_V2, owner=FREERTOS
2024-03-27 12:17:22,802 [INFO] RtosManager:555 - Registered RTOS mode: class=RTOS, group=Core, mode=CMSIS_V1, owner=FREERTOS
2024-03-27 12:17:22,802 [INFO] RtosManager:555 - Registered RTOS mode: class=RTOS, group=Core, mode=CMSIS_V2, owner=FREERTOS
2024-03-27 12:17:22,802 [WARN] ModelIntegratedComponent:184 - Missing modes for component STMicroelectronics:FreeRTOS:0.0.1:STMicroelectronics:RTOS:FreeRTOS:Core:::10.2.0:
2024-03-27 12:17:22,833 [WARN] ModelIntegratedComponent:63 - No mode defined for component null
2024-03-27 12:17:22,834 [WARN] ModelIntegratedComponent:63 - No mode defined for component null
2024-03-27 12:17:22,834 [WARN] ModelIntegratedComponent:63 - No mode defined for component null
2024-03-27 12:17:22,834 [WARN] ModelIntegratedComponent:63 - No mode defined for component null
2024-03-27 12:17:22,834 [WARN] ModelIntegratedComponent:63 - No mode defined for component null
2024-03-27 12:17:22,834 [WARN] ModelIntegratedComponent:63 - No mode defined for component null
2024-03-27 12:17:22,834 [WARN] ModelIntegratedComponent:63 - No mode defined for component null
2024-03-27 12:17:22,834 [WARN] ModelIntegratedComponent:63 - No mode defined for component null
2024-03-27 12:17:22,834 [WARN] ModelIntegratedComponent:63 - No mode defined for component null
2024-03-27 12:17:22,835 [WARN] ModelIntegratedComponent:63 - No mode defined for component null
2024-03-27 12:17:22,835 [WARN] ModelIntegratedComponent:63 - No mode defined for component null
2024-03-27 12:17:22,835 [WARN] ModelIntegratedComponent:63 - No mode defined for component null
2024-03-27 12:17:22,835 [WARN] ModelIntegratedComponent:63 - No mode defined for component null
2024-03-27 12:17:22,835 [WARN] ModelIntegratedComponent:63 - No mode defined for component null
2024-03-27 12:17:22,835 [WARN] ModelIntegratedComponent:63 - No mode defined for component null
2024-03-27 12:17:22,835 [WARN] ModelIntegratedComponent:63 - No mode defined for component null
2024-03-27 12:17:22,835 [WARN] ModelIntegratedComponent:63 - No mode defined for component null
2024-03-27 12:17:22,835 [WARN] ModelIntegratedComponent:63 - No mode defined for component null
2024-03-27 12:17:22,836 [WARN] ModelIntegratedComponent:63 - No mode defined for component null
2024-03-27 12:17:22,836 [WARN] ModelIntegratedComponent:63 - No mode defined for component null
2024-03-27 12:17:22,836 [WARN] ModelIntegratedComponent:63 - No mode defined for component null
2024-03-27 12:17:22,836 [WARN] ModelIntegratedComponent:63 - No mode defined for component null
2024-03-27 12:17:22,836 [WARN] ModelIntegratedComponent:63 - No mode defined for component null
2024-03-27 12:17:22,836 [WARN] ModelIntegratedComponent:63 - No mode defined for component null
2024-03-27 12:17:22,836 [WARN] ModelIntegratedComponent:63 - No mode defined for component null
2024-03-27 12:17:22,836 [WARN] ModelIntegratedComponent:63 - No mode defined for component null
2024-03-27 12:17:22,836 [WARN] ModelIntegratedComponent:63 - No mode defined for component null
2024-03-27 12:17:22,836 [WARN] ModelIntegratedComponent:63 - No mode defined for component null
2024-03-27 12:17:22,836 [WARN] ModelIntegratedComponent:63 - No mode defined for component null
2024-03-27 12:17:22,836 [WARN] ModelIntegratedComponent:63 - No mode defined for component null
2024-03-27 12:17:22,837 [WARN] ModelIntegratedComponent:63 - No mode defined for component null
2024-03-27 12:17:22,837 [WARN] ModelIntegratedComponent:63 - No mode defined for component null
2024-03-27 12:17:22,837 [WARN] ModelIntegratedComponent:63 - No mode defined for component null
2024-03-27 12:17:22,996 [INFO] ThirdPartyModel:298 - Start build external matchings
2024-03-27 12:17:23,550 [INFO] ThirdPartyModel:316 - End build external matchings
2024-03-27 12:17:23,584 [INFO] ImportTextPane:194 - (OptionalMessage_ERROR) IP (RCC) : Invalid parameter (FamilyName)
2024-03-27 12:17:23,587 [INFO] ImportTextPane:194 - (OptionalMessage_ERROR) IP (RCC) : Invalid parameter (SMPSCLockSelectionVirtualVirtual)
2024-03-27 12:17:23,999 [INFO] UtilMem:75 - End LoadConfig() Used Memory: 600790040 Bytes (1073741824)
2024-03-27 12:17:24,221 [INFO] ApiDb:581 - Connected to CubeFinder SQLite database (C:\Users\nikan\.stmcufinder\plugins\mcufinder\mcu\cube-finder-db.db)
2024-03-27 12:17:24,421 [INFO] ApiDb:668 - CubeFinder database Data Model version=2.1
2024-03-27 12:17:24,421 [INFO] ApiDb:669 - CubeFinder database Configuration version=3.0.39
2024-03-27 12:17:24,423 [INFO] ApiDb:670 - CubeFinder database generation date=2024-03-01 (1709305525)
2024-03-27 12:17:24,424 [INFO] ApiDb:671 - CubeFinder database FW Pack versions=[FP-ATR-ASTRA1_V2.0.0, FP-SNS-FLIGHT1_V5.0.1, FP-SNS-FLIGHT1_V5.0.2, FP-SNS-MOTENV1_V4.3.1, FP-SNS-MOTENV1_V4.3.2, FP-SNS-MOTENVWB1_V1.3.1, FP-SNS-SMARTAG2_V1.2.0, STM32Cube_FW_C0_V1.1.0, STM32Cube_FW_F4_V1.28.0, STM32Cube_FW_F7_V1.17.0, STM32Cube_FW_G0_V1.6.2, STM32Cube_FW_G4_V1.5.2, STM32Cube_FW_H5_V0.5.1, STM32Cube_FW_H5_V1.1.1, STM32Cube_FW_H5_V1.2.0, STM32Cube_FW_H5_V1.2.0RC4, STM32Cube_FW_H7RS_V1.0.0, STM32Cube_FW_H7RS_V1.0.0RC4, STM32Cube_FW_H7_V1.11.0, STM32Cube_FW_L0_V1.12.2, STM32Cube_FW_L5_V1.5.1, STM32Cube_FW_U0_V1.0.0, STM32Cube_FW_U0_V1.0.0RC1, STM32Cube_FW_U5_V1.3.0RC4, STM32Cube_FW_U5_V1.5.0, STM32Cube_FW_U5_V1.5.0RC1, STM32Cube_FW_WBA_V1.0.0RC1, STM32Cube_FW_WBA_V1.2.0, STM32Cube_FW_WBA_V1.2.0RC2, STM32Cube_FW_WBA_V1.3.0, STM32Cube_FW_WBA_V1.3.0RC1, STM32Cube_FW_WB_V1.15.0RC1, STM32Cube_FW_WB_V1.16.0, STM32Cube_FW_WB_V1.16.0RC2, STM32Cube_FW_WB_V1.18.0, STM32Cube_FW_WB_V1.19.0, STM32Cube_FW_WL_V1.3.0, X-CUBE-ALGOBUILD_V1.3.0, X-CUBE-ALS_V1.0.1, X-CUBE-AZRTOS-F4_V1.1.0, X-CUBE-AZRTOS-F7_V1.1.0, X-CUBE-AZRTOS-G0_V1.1.0, X-CUBE-AZRTOS-G4_V2.0.0, X-CUBE-AZRTOS-H7_V3.2.0, X-CUBE-AZRTOS-L4_V1.0.0, X-CUBE-AZRTOS-L4_V2.0.0, X-CUBE-AZRTOS-L5_V1.1.0, X-CUBE-AZRTOS-WB_V2.0.0, X-CUBE-AZRTOS-WL_V2.0.0, X-CUBE-BLE1_V7.0.0, X-CUBE-BLE2_V3.3.0, X-CUBE-BLEMGR_V3.1.0, X-CUBE-EEPRMA1_V4.1.0, X-CUBE-EEPRMA1_V5.1.0, X-CUBE-FREERTOS_V1.1.0, X-CUBE-GNSS1_V6.0.0, X-CUBE-MEMS1_V10.0.0, X-CUBE-MEMS1_V9.1.0, X-CUBE-MEMS1_V9.4.0, X-CUBE-MEMS1_V9.6.0, X-CUBE-NFC4_V3.0.0, X-CUBE-NFC7_V1.0.1, X-CUBE-SFXS2LP1_V4.0.0, X-CUBE-SUBG2_V5.0.0, X-CUBE-TOF1_V3.4.0]
2024-03-27 12:17:29,579 [INFO] ApiDb:240 - Found 371 in-development CPN: [B-G473E-ZEST1S, B-WB1M-WPAN1, B-WL5M-SUBG1, NUCLEO-C031C6, NUCLEO-H503RB, NUCLEO-H563ZI, NUCLEO-U545RE-Q, NUCLEO-U5A5ZJ-Q, NUCLEO-WBA52CG, NUCLEO-WBA55CG, STEVAL-MKBOXPRO, STEVAL-PROTEUS1, STEVAL-STWINBX1, STM320518-EVAL, STM32C0116-DK, STM32C011D6Y3TR, STM32C011D6Y6TR, STM32C011F4P3, STM32C011F4P6, STM32C011F4U3, STM32C011F4U6TR, STM32C011F6P3, STM32C011F6P6, STM32C011F6U3, STM32C011F6U6TR, STM32C011J4M3, STM32C011J4M6, STM32C011J6M3, STM32C011J6M6, STM32C0316-DK, STM32C031C4T3, STM32C031C4T6, STM32C031C4U3, STM32C031C4U6, STM32C031C6T3, STM32C031C6T6, STM32C031C6U3, STM32C031C6U6, STM32C031F4P3, STM32C031F4P6, STM32C031F6P3, STM32C031F6P6, STM32C031G4U3, STM32C031G4U6, STM32C031G6U3, STM32C031G6U6, STM32C031K4T3, STM32C031K4T6, STM32C031K4U3, STM32C031K4U6, STM32C031K6T3, STM32C031K6T6, STM32C031K6U3, STM32C031K6U6, STM32G071K8TXN, STM32G071K8UXN, STM32G081GBU6N, STM32G081KBT6N, STM32G081KBUXN, STM32G0B1CCT6N, STM32G0B1KCT6, STM32G0B1NEY6TR, STM32G0B1RCT6N, STM32G0C1CCT6, STM32G0C1CCT6N, STM32G0C1CCU6N, STM32G0C1CET6N, STM32G0C1CEU6N, STM32G0C1KCT6, STM32G0C1NEY6TR, STM32G0C1RCI6N, STM32G0C1RCT6N, STM32G0C1REI6N, STM32G0C1RET6N, STM32G0C1VCI6, STM32G0C1VEI6, STM32G471CCT6, STM32G471CCU6, STM32G471CET3, STM32G471CET6, STM32G471CEU3, STM32G471CEU6, STM32G471MCT6, STM32G471MET3, STM32G471MET6, STM32G471MEY6TR, STM32G471QCT6, STM32G471QET3, STM32G471RCT6, STM32G471RET3, STM32G471RET6, STM32G471VCH6, STM32G471VCI6, STM32G471VCT6, STM32G471VEH3, STM32G471VEH6, STM32G471VEI3, STM32G471VEI6, STM32G471VET3, STM32G471VET6, STM32G474CCT6, STM32H503CBT6, STM32H503CBU6, STM32H503EBY6TR, STM32H503KBU6, STM32H503RBT6, STM32H562AGI6, STM32H562AII6, STM32H562IGK6, STM32H562IGT6, STM32H562IIK6, STM32H562IIT6, STM32H562RGT6, STM32H562RGV6, STM32H562RIT6, STM32H562RIV6, STM32H562VGT6, STM32H562VIT6, STM32H562ZGT6, STM32H562ZIT6, STM32H563AGI6, STM32H563AII3Q, STM32H563AII6, STM32H563IGK6, STM32H563IGT6, STM32H563IIK3Q, STM32H563IIK6, STM32H563IIT3Q, STM32H563IIT6, STM32H563MIY3QTR, STM32H563RGT6, STM32H563RGV6, STM32H563RIT6, STM32H563RIV6, STM32H563VGT6, STM32H563VIT3Q, STM32H563VIT6, STM32H563ZGT6, STM32H563ZIT3Q, STM32H563ZIT6, STM32H573AII3Q, STM32H573AII6, STM32H573I-DK, STM32H573IIK3Q, STM32H573IIK6, STM32H573IIT3Q, STM32H573IIT6, STM32H573MIY3QTR, STM32H573RIT6, STM32H573RIV6, STM32H573VIT3Q, STM32H573VIT6, STM32H573ZIT3Q, STM32H573ZIT6, STM32L4R5QGI6STR, STM32MP131AAE3, STM32MP131AAF3, STM32MP131AAG3, STM32MP131CAE3, STM32MP131CAF3, STM32MP131CAG3, STM32MP131DAE7, STM32MP131DAF7, STM32MP131DAG7, STM32MP131FAE7, STM32MP131FAF7, STM32MP131FAG7, STM32MP133AAE3, STM32MP133AAF3, STM32MP133AAG3, STM32MP133CAE3, STM32MP133CAF3, STM32MP133CAG3, STM32MP133DAE7, STM32MP133DAF7, STM32MP133DAG7, STM32MP133FAE7, STM32MP133FAF7, STM32MP133FAG7, STM32MP135AAE3, STM32MP135AAF3, STM32MP135AAG3, STM32MP135CAE3, STM32MP135CAF3, STM32MP135CAG3, STM32MP135DAE7, STM32MP135DAF7, STM32MP135DAG7, STM32MP135F-DK, STM32MP135FAE7, STM32MP135FAF7, STM32MP135FAF7T, STM32MP135FAF7U, STM32MP135FAG7, STM32U535CBT6, STM32U535CBT6Q, STM32U535CBU6, STM32U535CBU6Q, STM32U535CCT6, STM32U535CCT6Q, STM32U535CCU6, STM32U535CCU6Q, STM32U535CET6, STM32U535CET6Q, STM32U535CEU6, STM32U535CEU6Q, STM32U535JEY6QTR, STM32U535NCY6QTR, STM32U535NEY6QTR, STM32U535RBI6, STM32U535RBI6Q, STM32U535RBT6, STM32U535RBT6Q, STM32U535RCI6, STM32U535RCI6Q, STM32U535RCT6, STM32U535RCT6Q, STM32U535REI6, STM32U535REI6Q, STM32U535RET6, STM32U535RET6Q, STM32U535VCI6, STM32U535VCI6Q, STM32U535VCT6, STM32U535VCT6Q, STM32U535VEI6, STM32U535VEI6Q, STM32U535VET6, STM32U535VET6Q, STM32U545CET6, STM32U545CET6Q, STM32U545CEU6, STM32U545CEU6Q, STM32U545JEY6QTR, STM32U545NEY6QTR, STM32U545REI6, STM32U545REI6Q, STM32U545RET6, STM32U545RET6Q, STM32U545VEI6, STM32U545VEI6Q, STM32U545VET6, STM32U545VET6Q, STM32U595AIH6, STM32U595AIH6Q, STM32U595AJH6, STM32U595AJH6Q, STM32U595QII6, STM32U595QII6Q, STM32U595QJI6, STM32U595QJI6Q, STM32U595RIT6, STM32U595RIT6Q, STM32U595RJT6, STM32U595RJT6Q, STM32U595VIT6, STM32U595VIT6Q, STM32U595VJT6, STM32U595VJT6Q, STM32U595ZIT6, STM32U595ZIT6Q, STM32U595ZIY6QTR, STM32U595ZJT6, STM32U595ZJT6Q, STM32U595ZJY6QTR, STM32U599BJY6QTR, STM32U599NIH6Q, STM32U599NJH6Q, STM32U599VIT6Q, STM32U599VJT6, STM32U599VJT6Q, STM32U599ZIT6Q, STM32U599ZIY6QTR, STM32U599ZJT6Q, STM32U599ZJY6QTR, STM32U5A5AJH6, STM32U5A5AJH6Q, STM32U5A5QJI6, STM32U5A5QJI6Q, STM32U5A5RJT6, STM32U5A5RJT6Q, STM32U5A5VJT6, STM32U5A5VJT6Q, STM32U5A5ZJT6, STM32U5A5ZJT6Q, STM32U5A5ZJY6QTR, STM32U5A9BJY6QTR, STM32U5A9J-DK, STM32U5A9NJH6Q, STM32U5A9VJT6Q, STM32U5A9ZJT6Q, STM32U5A9ZJY6QTR, STM32U5F7VIT6, STM32U5F7VIT6Q, STM32U5F7VJT6, STM32U5F7VJT6Q, STM32U5F9BJY6QTR, STM32U5F9NJH6Q, STM32U5F9VIT6Q, STM32U5F9VJT6Q, STM32U5F9ZIJ6QTR, STM32U5F9ZIT6Q, STM32U5F9ZJJ6QTR, STM32U5F9ZJT6Q, STM32U5G7VJT6, STM32U5G7VJT6Q, STM32U5G9BJY6QTR, STM32U5G9J-DK1, STM32U5G9J-DK2, STM32U5G9NJH6Q, STM32U5G9VJT6Q, STM32U5G9ZJJ6QTR, STM32U5G9ZJT6Q, STM32WB1MMCH6, STM32WBA50KEU6, STM32WBA50KEU6TR, STM32WBA50KGU6, STM32WBA50KGU6TR, STM32WBA52CEU6, STM32WBA52CEU6TR, STM32WBA52CEU7, STM32WBA52CEU7TR, STM32WBA52CGU6, STM32WBA52CGU6TR, STM32WBA52CGU6U, STM32WBA52CGU7, STM32WBA52CGU7TR, STM32WBA52KEU6, STM32WBA52KEU6TR, STM32WBA52KGU6, STM32WBA52KGU6TR, STM32WBA54CEU6, STM32WBA54CEU6TR, STM32WBA54CEU7, STM32WBA54CEU7TR, STM32WBA54CGU6, STM32WBA54CGU6TR, STM32WBA54CGU7, STM32WBA54CGU7TR, STM32WBA54KEU6, STM32WBA54KEU6TR, STM32WBA54KEU7, STM32WBA54KEU7TR, STM32WBA54KGU6, STM32WBA54KGU6TR, STM32WBA54KGU7, STM32WBA54KGU7TR, STM32WBA55CEU6, STM32WBA55CEU6TR, STM32WBA55CEU7, STM32WBA55CEU7TR, STM32WBA55CGU6, STM32WBA55CGU6TR, STM32WBA55CGU6U, STM32WBA55CGU7, STM32WBA55CGU7TR, STM32WBA55G-DK1, STM32WBA55HEF6, STM32WBA55HEF7, STM32WBA55HGF6, STM32WBA55HGF7, STM32WBA55UEI6, STM32WBA55UEI6TR, STM32WBA55UEI7, STM32WBA55UEI7TR, STM32WBA55UGI6, STM32WBA55UGI6TR, STM32WBA55UGI7, STM32WBA55UGI7TR, STM32WL5MOCH6, STM32WL5MOCH6TR]
2024-03-27 12:17:29,586 [INFO] DbMcus:218 - Found 3986 MCUs, 3986 are supported
2024-03-27 12:17:29,587 [INFO] ApiDb:423 - Load user favorites file C:\Users\nikan/.stm32cubeide/favorites.mcus.txt: 0 item(s)
2024-03-27 12:17:29,587 [INFO] ApiDb:427 - User favorites MCUs=[]
2024-03-27 12:17:29,588 [INFO] DbMcus:224 - Set 0 / 0 favorites MCUs
2024-03-27 12:17:30,339 [INFO] MicroXplorer:468 - Change Database Path : 
2024-03-27 12:17:30,339 [INFO] MicroXplorer:498 - Change Database Version : DB.6.0.100
2024-03-27 12:17:30,341 [WARN] ThirdParty:833 - waiting for thirdparty lock release [change project]
2024-03-27 12:17:30,341 [INFO] ThirdParty:835 - entering critical section [change project]
2024-03-27 12:17:30,342 [INFO] ThirdParty:1030 - CMSIS Pack Vendor :STMicroelectronics USBPD 4.1
2024-03-27 12:17:30,342 [INFO] ThirdParty:1030 - CMSIS Pack Vendor :STMicroelectronics X-CUBE-GNSS1 6.0.0
2024-03-27 12:17:30,342 [INFO] ThirdParty:1030 - CMSIS Pack Vendor :STMicroelectronics USB_HOST 2.0.0
2024-03-27 12:17:30,342 [INFO] ThirdParty:1030 - CMSIS Pack Vendor :STMicroelectronics X-CUBE-AZRTOS-F4 1.1.0
2024-03-27 12:17:30,342 [INFO] ThirdParty:1030 - CMSIS Pack Vendor :STMicroelectronics LIBJPEG 8.0.0
2024-03-27 12:17:30,342 [INFO] ThirdParty:1030 - CMSIS Pack Vendor :STMicroelectronics X-CUBE-SMBUS 2.1.0
2024-03-27 12:17:30,342 [INFO] ThirdParty:1030 - CMSIS Pack Vendor :STMicroelectronics USB_DEVICE 3.0.0
2024-03-27 12:17:30,342 [INFO] ThirdParty:1030 - CMSIS Pack Vendor :STMicroelectronics X-CUBE-AZRTOS-WB 2.0.0
2024-03-27 12:17:30,342 [INFO] ThirdParty:1030 - CMSIS Pack Vendor :wolfSSL I-CUBE-wolfSSL 5.6.6
2024-03-27 12:17:30,342 [INFO] ThirdParty:1030 - CMSIS Pack Vendor :STMicroelectronics X-CUBE-TOUCHGFX 4.23.0
2024-03-27 12:17:30,342 [INFO] ThirdParty:1030 - CMSIS Pack Vendor :STMicroelectronics X-CUBE-AZRTOS-F7 1.1.0
2024-03-27 12:17:30,342 [INFO] ThirdParty:1030 - CMSIS Pack Vendor :STMicroelectronics X-CUBE-AZRTOS-L5 2.0.0
2024-03-27 12:17:30,342 [INFO] ThirdParty:1030 - CMSIS Pack Vendor :STMicroelectronics USB_DEVICE 2.0.0
2024-03-27 12:17:30,343 [INFO] ThirdParty:1030 - CMSIS Pack Vendor :STMicroelectronics X-CUBE-NFC6 3.1.0
2024-03-27 12:17:30,343 [INFO] ThirdParty:1030 - CMSIS Pack Vendor :ITTIA_DB I-CUBE-ITTIADB 8.8.0
2024-03-27 12:17:30,343 [INFO] ThirdParty:1030 - CMSIS Pack Vendor :STMicroelectronics FP-SNS-MOTENV1 4.3.2
2024-03-27 12:17:30,343 [INFO] ThirdParty:1030 - CMSIS Pack Vendor :STMicroelectronics X-CUBE-ALGOBUILD 1.3.0
2024-03-27 12:17:30,343 [INFO] ThirdParty:1030 - CMSIS Pack Vendor :STMicroelectronics FreeRTOS 0.0.1
2024-03-27 12:17:30,343 [INFO] ThirdParty:1030 - CMSIS Pack Vendor :STMicroelectronics X-CUBE-AZRTOS-G0 1.1.0
2024-03-27 12:17:30,343 [INFO] ThirdParty:1030 - CMSIS Pack Vendor :STMicroelectronics X-CUBE-NFC4 3.0.0
2024-03-27 12:17:30,343 [INFO] ThirdParty:1030 - CMSIS Pack Vendor :STMicroelectronics X-CUBE-SUBG2 5.0.0
2024-03-27 12:17:30,343 [INFO] ThirdParty:1030 - CMSIS Pack Vendor :STMicroelectronics STM32_WPAN 1.0.0
2024-03-27 12:17:30,343 [INFO] ThirdParty:1030 - CMSIS Pack Vendor :STMicroelectronics lwIP 2.0.3
2024-03-27 12:17:30,343 [INFO] ThirdParty:1030 - CMSIS Pack Vendor :STMicroelectronics FP-SNS-FLIGHT1 5.0.2
2024-03-27 12:17:30,343 [INFO] ThirdParty:1030 - CMSIS Pack Vendor :STMicroelectronics USB_HOST 1.0.0
2024-03-27 12:17:30,343 [INFO] ThirdParty:1030 - CMSIS Pack Vendor :STMicroelectronics X-CUBE-AZRTOS-G4 2.0.0
2024-03-27 12:17:30,343 [INFO] ThirdParty:1030 - CMSIS Pack Vendor :STMicroelectronics PDM2PCM 3.1.0
2024-03-27 12:17:30,343 [INFO] ThirdParty:1030 - CMSIS Pack Vendor :Infineon AIROC-Wi-Fi-Bluetooth-STM32 1.5.1
2024-03-27 12:17:30,344 [INFO] ThirdParty:1030 - CMSIS Pack Vendor :STMicroelectronics X-CUBE-BLEMGR 3.0.0
2024-03-27 12:17:30,344 [INFO] ThirdParty:1030 - CMSIS Pack Vendor :STMicroelectronics PDM2PCM 3.3.0
2024-03-27 12:17:30,344 [INFO] ThirdParty:1030 - CMSIS Pack Vendor :STMicroelectronics X-CUBE-DISPLAY 3.0.0
2024-03-27 12:17:30,344 [INFO] ThirdParty:1030 - CMSIS Pack Vendor :STMicroelectronics FP-SNS-MOTENVWB1 1.3.1
2024-03-27 12:17:30,344 [INFO] ThirdParty:1030 - CMSIS Pack Vendor :STMicroelectronics X-CUBE-BLE1 7.0.0
2024-03-27 12:17:30,344 [INFO] ThirdParty:1030 - CMSIS Pack Vendor :STMicroelectronics FP-ATR-SIGFOX1 3.2.0
2024-03-27 12:17:30,344 [INFO] ThirdParty:1030 - CMSIS Pack Vendor :STMicroelectronics X-CUBE-ISPU 2.0.0
2024-03-27 12:17:30,344 [INFO] ThirdParty:1030 - CMSIS Pack Vendor :STMicroelectronics X-CUBE-EEPRMA1 5.1.0
2024-03-27 12:17:30,344 [INFO] ThirdParty:1030 - CMSIS Pack Vendor :STMicroelectronics HAL Drivers 0.0.0
2024-03-27 12:17:30,344 [INFO] ThirdParty:1030 - CMSIS Pack Vendor :STMicroelectronics MBEDTLS 2.16.2
2024-03-27 12:17:30,344 [INFO] ThirdParty:1030 - CMSIS Pack Vendor :emotas I-CUBE-CANOPEN 1.3.0
2024-03-27 12:17:30,344 [INFO] ThirdParty:1030 - CMSIS Pack Vendor :STMicroelectronics X-CUBE-MEMS1 10.0.0
2024-03-27 12:17:30,344 [INFO] ThirdParty:1030 - CMSIS Pack Vendor :STMicroelectronics X-CUBE-FREERTOS 1.1.0
2024-03-27 12:17:30,344 [INFO] ThirdParty:1030 - CMSIS Pack Vendor :STMicroelectronics X-CUBE-NFC7 1.0.1
2024-03-27 12:17:30,344 [INFO] ThirdParty:1030 - CMSIS Pack Vendor :STMicroelectronics MBEDTLS 2.14.1
2024-03-27 12:17:30,345 [INFO] ThirdParty:1030 - CMSIS Pack Vendor :STMicroelectronics X-CUBE-NFC6 3.0.0
2024-03-27 12:17:30,345 [INFO] ThirdParty:1030 - CMSIS Pack Vendor :portGmbH I-Cube-SoM-uGOAL 1.1.0
2024-03-27 12:17:30,345 [INFO] ThirdParty:1030 - CMSIS Pack Vendor :STMicroelectronics X-CUBE-ALS 1.0.1
2024-03-27 12:17:30,345 [INFO] ThirdParty:1030 - CMSIS Pack Vendor :STMicroelectronics X-CUBE-BLEMGR 3.1.0
2024-03-27 12:17:30,345 [INFO] ThirdParty:1030 - CMSIS Pack Vendor :STMicroelectronics ThreadX 1.0.0
2024-03-27 12:17:30,345 [INFO] ThirdParty:1030 - CMSIS Pack Vendor :STMicroelectronics FP-SNS-SMARTAG2 1.2.0
2024-03-27 12:17:30,345 [INFO] ThirdParty:1030 - CMSIS Pack Vendor :STMicroelectronics X-CUBE-AZRTOS-WL 2.0.0
2024-03-27 12:17:30,345 [INFO] ThirdParty:1030 - CMSIS Pack Vendor :SEGGER I-CUBE-embOS 1.3.1
2024-03-27 12:17:30,345 [INFO] ThirdParty:1030 - CMSIS Pack Vendor :STMicroelectronics USB_DEVICE 1.0.0
2024-03-27 12:17:30,345 [INFO] ThirdParty:1030 - CMSIS Pack Vendor :STMicroelectronics X-CUBE-AI 8.1.0
2024-03-27 12:17:30,346 [INFO] ThirdParty:1030 - CMSIS Pack Vendor :STMicroelectronics X-CUBE-AZRTOS-L4 2.0.0
2024-03-27 12:17:30,346 [INFO] ThirdParty:1030 - CMSIS Pack Vendor :STMicroelectronics ThreadX 0.0.2
2024-03-27 12:17:30,346 [INFO] ThirdParty:1030 - CMSIS Pack Vendor :WES I-CUBE-Cesium 1.3.0
2024-03-27 12:17:30,346 [INFO] ThirdParty:1030 - CMSIS Pack Vendor :STMicroelectronics FP-ATR-ASTRA1 2.0.0
2024-03-27 12:17:30,346 [INFO] ThirdParty:1030 - CMSIS Pack Vendor :STMicroelectronics lwIP 2.1.2
2024-03-27 12:17:30,346 [INFO] ThirdParty:1030 - CMSIS Pack Vendor :STMicroelectronics X-CUBE-SFXS2LP1 4.0.0
2024-03-27 12:17:30,347 [INFO] ThirdParty:1030 - CMSIS Pack Vendor :STMicroelectronics X-CUBE-BLE2 3.3.0
2024-03-27 12:17:30,347 [INFO] ThirdParty:1030 - CMSIS Pack Vendor :STMicroelectronics X-CUBE-TOF1 3.4.0
2024-03-27 12:17:30,347 [INFO] ThirdParty:1030 - CMSIS Pack Vendor :STMicroelectronics X-CUBE-TOF1 3.4.1
2024-03-27 12:17:30,347 [INFO] ThirdParty:1030 - CMSIS Pack Vendor :STMicroelectronics X-CUBE-AZRTOS-H7 3.2.0
2024-03-27 12:17:30,348 [INFO] ThirdParty:1030 - CMSIS Pack Vendor :STMicroelectronics PDM2PCM 3.2.0
2024-03-27 12:17:30,348 [INFO] ThirdParty:841 - exiting critical section [change project]
2024-03-27 12:17:31,055 [INFO] PinOutPanel:1499 - setPackage(No Configuration,No Configuration)
2024-03-27 12:17:31,058 [INFO] PinOutPanel:1499 - setPackage(STM32WB55RGVx,VFQFPN68)
2024-03-27 12:17:32,162 [INFO] UtilMem:75 - Before build in PCC Used Memory: 927236736 Bytes (1073741824)
2024-03-27 12:17:33,671 [INFO] LogOutputStream:77 - [STDOUT_REDIRECT] Sleepy End Device Min <200 3.3
2024-03-27 12:17:33,673 [INFO] LogOutputStream:77 - [STDOUT_REDIRECT] Sleepy End Device Min <200 3.3
2024-03-27 12:17:33,675 [INFO] LogOutputStream:77 - [STDOUT_REDIRECT] Sleepy End Device Min <200 3.3
2024-03-27 12:17:33,677 [INFO] LogOutputStream:77 - [STDOUT_REDIRECT] Sleepy End Device Min <200 3.3
2024-03-27 12:17:33,678 [INFO] LogOutputStream:77 - [STDOUT_REDIRECT] Sleepy End Device Min <200 3.3
2024-03-27 12:17:33,715 [INFO] LogOutputStream:77 - [STDOUT_REDIRECT] Sleepy End Device Min <200 3.3
2024-03-27 12:17:33,717 [INFO] LogOutputStream:77 - [STDOUT_REDIRECT] Sleepy End Device Min <200 3.3
2024-03-27 12:17:33,719 [INFO] LogOutputStream:77 - [STDOUT_REDIRECT] Sleepy End Device Min <200 3.3
2024-03-27 12:17:33,721 [INFO] LogOutputStream:77 - [STDOUT_REDIRECT] Sleepy End Device Min <200 3.3
2024-03-27 12:17:33,724 [INFO] LogOutputStream:77 - [STDOUT_REDIRECT] Sleepy End Device Min <200 3.3
2024-03-27 12:17:33,729 [INFO] LogOutputStream:77 - [STDOUT_REDIRECT] Sleepy End Device Min <200 3.3
2024-03-27 12:17:33,731 [INFO] LogOutputStream:77 - [STDOUT_REDIRECT] Sleepy End Device Min <200 3.3
2024-03-27 12:17:33,732 [INFO] LogOutputStream:77 - [STDOUT_REDIRECT] Sleepy End Device Min <200 3.3
2024-03-27 12:17:33,733 [INFO] LogOutputStream:77 - [STDOUT_REDIRECT] Sleepy End Device Min <200 3.3
2024-03-27 12:17:33,734 [INFO] LogOutputStream:77 - [STDOUT_REDIRECT] Sleepy End Device Min <200 3.3
2024-03-27 12:17:33,739 [INFO] LogOutputStream:77 - [STDOUT_REDIRECT] Sleepy End Device Min <200 3.3
2024-03-27 12:17:33,740 [INFO] LogOutputStream:77 - [STDOUT_REDIRECT] Sleepy End Device Min <200 3.3
2024-03-27 12:17:33,742 [INFO] LogOutputStream:77 - [STDOUT_REDIRECT] Sleepy End Device Min <200 3.3
2024-03-27 12:17:33,744 [INFO] LogOutputStream:77 - [STDOUT_REDIRECT] Sleepy End Device Min <200 3.3
2024-03-27 12:17:33,744 [INFO] LogOutputStream:77 - [STDOUT_REDIRECT] Sleepy End Device Min <200 3.3
2024-03-27 12:17:33,769 [INFO] LogOutputStream:77 - [STDOUT_REDIRECT] Sleepy End Device Min <200 3.3
2024-03-27 12:17:33,770 [INFO] LogOutputStream:77 - [STDOUT_REDIRECT] Sleepy End Device Min <200 3.3
2024-03-27 12:17:33,773 [INFO] LogOutputStream:77 - [STDOUT_REDIRECT] Sleepy End Device Min <200 3.3
2024-03-27 12:17:33,774 [INFO] LogOutputStream:77 - [STDOUT_REDIRECT] Sleepy End Device Min <200 3.3
2024-03-27 12:17:33,776 [INFO] LogOutputStream:77 - [STDOUT_REDIRECT] Sleepy End Device Min <200 3.3
2024-03-27 12:17:33,779 [INFO] LogOutputStream:77 - [STDOUT_REDIRECT] Sleepy End Device Min <200 3.3
2024-03-27 12:17:33,780 [INFO] LogOutputStream:77 - [STDOUT_REDIRECT] Sleepy End Device Min <200 3.3
2024-03-27 12:17:33,782 [INFO] LogOutputStream:77 - [STDOUT_REDIRECT] Sleepy End Device Min <200 3.3
2024-03-27 12:17:33,783 [INFO] LogOutputStream:77 - [STDOUT_REDIRECT] Sleepy End Device Min <200 3.3
2024-03-27 12:17:33,785 [INFO] LogOutputStream:77 - [STDOUT_REDIRECT] Sleepy End Device Min <200 3.3
2024-03-27 12:17:34,229 [INFO] LogOutputStream:77 - [STDOUT_REDIRECT] Sleepy End Device Min <200 3.3
2024-03-27 12:17:34,231 [INFO] LogOutputStream:77 - [STDOUT_REDIRECT] Sleepy End Device Min <200 3.3
2024-03-27 12:17:34,233 [INFO] LogOutputStream:77 - [STDOUT_REDIRECT] Sleepy End Device Min <200 3.3
2024-03-27 12:17:34,235 [INFO] LogOutputStream:77 - [STDOUT_REDIRECT] Sleepy End Device Min <200 3.3
2024-03-27 12:17:34,237 [INFO] LogOutputStream:77 - [STDOUT_REDIRECT] Sleepy End Device Min <200 3.3
2024-03-27 12:17:34,973 [INFO] UtilMem:75 - After build in PCC Used Memory: 663204160 Bytes (1073741824)
2024-03-27 12:17:35,026 [INFO] IPUIPlugin:80 - create IPUIPlugin
2024-03-27 12:17:35,026 [INFO] IPUIPlugin:80 - create IPUIPlugin
2024-03-27 12:17:35,027 [INFO] IPUIPlugin:80 - create IPUIPlugin
2024-03-27 12:17:35,027 [INFO] IPUIPlugin:80 - create IPUIPlugin
2024-03-27 12:17:35,027 [INFO] IPUIPlugin:80 - create IPUIPlugin
2024-03-27 12:17:35,027 [INFO] IPUIPlugin:80 - create IPUIPlugin
2024-03-27 12:17:35,028 [INFO] IPUIPlugin:80 - create IPUIPlugin
2024-03-27 12:17:35,028 [INFO] IPUIPlugin:80 - create IPUIPlugin
2024-03-27 12:17:35,028 [INFO] IPUIPlugin:80 - create IPUIPlugin
2024-03-27 12:17:35,028 [INFO] IPUIPlugin:80 - create IPUIPlugin
2024-03-27 12:17:35,029 [INFO] IPUIPlugin:80 - create IPUIPlugin
2024-03-27 12:17:35,029 [INFO] IPUIPlugin:80 - create IPUIPlugin
2024-03-27 12:17:35,029 [INFO] IPUIPlugin:80 - create IPUIPlugin
2024-03-27 12:17:35,029 [INFO] IPUIPlugin:80 - create IPUIPlugin
2024-03-27 12:17:35,030 [INFO] IPUIPlugin:80 - create IPUIPlugin
2024-03-27 12:17:35,030 [INFO] IPUIPlugin:80 - create IPUIPlugin
2024-03-27 12:17:35,030 [INFO] IPUIPlugin:80 - create IPUIPlugin
2024-03-27 12:17:35,031 [INFO] IPUIPlugin:80 - create IPUIPlugin
2024-03-27 12:17:35,032 [INFO] IPUIPlugin:80 - create IPUIPlugin
2024-03-27 12:17:35,032 [INFO] IPUIPlugin:80 - create IPUIPlugin
2024-03-27 12:17:35,033 [INFO] IPUIPlugin:80 - create IPUIPlugin
2024-03-27 12:17:35,033 [INFO] IPUIPlugin:80 - create IPUIPlugin
2024-03-27 12:17:35,034 [INFO] IPUIPlugin:80 - create IPUIPlugin
2024-03-27 12:17:35,034 [INFO] IPUIPlugin:80 - create IPUIPlugin
2024-03-27 12:17:35,034 [INFO] IPUIPlugin:80 - create IPUIPlugin
2024-03-27 12:17:35,035 [INFO] IPUIPlugin:80 - create IPUIPlugin
2024-03-27 12:17:35,035 [INFO] IPUIPlugin:80 - create IPUIPlugin
2024-03-27 12:17:35,036 [INFO] IPUIPlugin:80 - create IPUIPlugin
2024-03-27 12:17:35,036 [INFO] IPUIPlugin:80 - create IPUIPlugin
2024-03-27 12:17:35,036 [INFO] IPUIPlugin:80 - create IPUIPlugin
2024-03-27 12:17:35,037 [INFO] IPUIPlugin:80 - create IPUIPlugin
2024-03-27 12:17:35,037 [INFO] IPUIPlugin:80 - create IPUIPlugin
2024-03-27 12:17:35,038 [INFO] IPUIPlugin:80 - create IPUIPlugin
2024-03-27 12:17:35,039 [INFO] IPUIPlugin:80 - create IPUIPlugin
2024-03-27 12:17:35,039 [INFO] IPUIPlugin:80 - create IPUIPlugin
2024-03-27 12:17:35,040 [INFO] IPUIPlugin:80 - create IPUIPlugin
2024-03-27 12:17:35,040 [INFO] IPUIPlugin:80 - create IPUIPlugin
2024-03-27 12:17:35,040 [INFO] IPUIPlugin:80 - create IPUIPlugin
2024-03-27 12:17:35,041 [INFO] IPUIPlugin:80 - create IPUIPlugin
2024-03-27 12:17:35,041 [INFO] IPUIPlugin:80 - create IPUIPlugin
2024-03-27 12:17:35,042 [INFO] IPUIPlugin:80 - create IPUIPlugin
2024-03-27 12:17:35,042 [INFO] IPUIPlugin:80 - create IPUIPlugin
2024-03-27 12:17:35,043 [INFO] IPUIPlugin:80 - create IPUIPlugin
2024-03-27 12:17:35,045 [INFO] IPUIPlugin:80 - create IPUIPlugin
2024-03-27 12:17:35,045 [INFO] IPUIPlugin:80 - create IPUIPlugin
2024-03-27 12:17:35,541 [INFO] CADModel:165 - CPN selected for project levelSTM32WB55RGV6
2024-03-27 12:17:35,541 [INFO] CADModel:114 - Register for checkConnection events
2024-03-27 12:17:35,584 [INFO] OpenFileManager:343 - Restore cursor
2024-03-27 12:35:53,272 [INFO] DmaTabbedPanel:205 - Cannot restore the selected Tab for DMA
2024-03-27 12:36:00,348 [INFO] Gpio:277 - dependency for GPIO [RCC, SYS, USB]
2024-03-27 12:37:17,044 [INFO] Gpio:277 - dependency for GPIO [RCC, SYS, USB]
2024-03-27 12:37:17,244 [INFO] Gpio:277 - dependency for GPIO [RCC, SYS, USB]
2024-03-27 12:37:19,253 [INFO] Gpio:277 - dependency for GPIO [RCC, SYS, USB]
2024-03-27 12:38:55,539 [INFO] Gpio:277 - dependency for GPIO [RCC, SYS, USB]
2024-03-27 12:38:55,786 [INFO] Gpio:277 - dependency for GPIO [RCC, SYS, USB]
2024-03-27 12:39:07,254 [INFO] Gpio:277 - dependency for GPIO [RCC, SYS, USB]
2024-03-27 12:39:07,500 [INFO] Gpio:277 - dependency for GPIO [RCC, SYS, USB]
2024-03-27 12:39:13,843 [INFO] Gpio:277 - dependency for GPIO [RCC, SYS, USB]
2024-03-27 12:39:18,823 [INFO] Gpio:277 - dependency for GPIO [RCC, SYS, USB]
2024-03-27 12:39:19,091 [INFO] Gpio:277 - dependency for GPIO [RCC, SYS, USB]
2024-03-27 12:39:27,738 [INFO] Gpio:277 - dependency for GPIO [RCC, SYS, USB]
2024-03-27 12:39:31,379 [INFO] Gpio:277 - dependency for GPIO [RCC, SYS, USB]
2024-03-27 12:39:43,208 [INFO] Gpio:277 - dependency for GPIO [RCC, SYS, USB]
2024-03-27 12:39:55,181 [INFO] Gpio:277 - dependency for GPIO [RCC, SYS, USB]
2024-03-27 12:39:55,427 [INFO] Gpio:277 - dependency for GPIO [RCC, SYS, USB]
2024-03-27 12:40:02,744 [INFO] Gpio:277 - dependency for GPIO [RCC, SYS, USB]
2024-03-27 12:40:04,885 [INFO] Gpio:277 - dependency for GPIO [RCC, SYS, USB]
2024-03-27 12:50:42,788 [INFO] Gpio:277 - dependency for GPIO [RCC, SYS, USB]
2024-03-27 12:52:41,853 [INFO] NvicIntPanel:101 - NVIC parent = com.st.microxplorer.plugins.ip.nvic.MultiNvicIntPanel[,0,0,0x0,invalid,layout=javax.swing.BoxLayout,alignmentX=0.0,alignmentY=0.0,border=,flags=9,maximumSize=,minimumSize=,preferredSize=]
2024-03-27 12:52:59,891 [INFO] NvicIntPanel:101 - NVIC parent = com.st.microxplorer.plugins.ip.nvic.MultiNvicIntPanel[,0,0,0x0,invalid,layout=javax.swing.BoxLayout,alignmentX=0.0,alignmentY=0.0,border=,flags=9,maximumSize=,minimumSize=,preferredSize=]
2024-03-27 12:53:16,792 [INFO] NvicIntPanel:101 - NVIC parent = com.st.microxplorer.plugins.ip.nvic.MultiNvicIntPanel[,0,0,0x0,invalid,layout=javax.swing.BoxLayout,alignmentX=0.0,alignmentY=0.0,border=,flags=9,maximumSize=,minimumSize=,preferredSize=]
2024-03-27 12:53:59,075 [INFO] UtilMem:75 - End SaveConfig() Used Memory: 847556880 Bytes (1073741824)
2024-03-27 12:54:00,235 [INFO] UtilMem:75 - End SaveConfig() Used Memory: 867109800 Bytes (1073741824)
2024-03-27 12:54:02,446 [INFO] UtilMem:75 - End SaveConfig() Used Memory: 955712424 Bytes (1073741824)
2024-03-27 12:54:03,237 [INFO] BlockDiagram:2759 - set Specific Code input for plugin: RTC
2024-03-27 12:54:03,237 [INFO] BlockDiagram:2759 - set Specific Code input for plugin: NVIC
2024-03-27 12:54:03,238 [INFO] BlockDiagram:2759 - set Specific Code input for plugin: MEMORYMAP
2024-03-27 12:54:03,238 [INFO] BlockDiagram:2759 - set Specific Code input for plugin: USB
2024-03-27 12:54:03,238 [INFO] BlockDiagram:2759 - set Specific Code input for plugin: SYS
2024-03-27 12:54:03,238 [INFO] BlockDiagram:2759 - set Specific Code input for plugin: GPIO
2024-03-27 12:54:03,239 [INFO] BlockDiagram:2759 - set Specific Code input for plugin: RCC
2024-03-27 12:54:03,242 [INFO] CodeGenerator:807 - code generatio: config db path: C:\ST\STM32CubeIDE_1.14.1\STM32CubeIDE\plugins\com.st.stm32cube.common.mx_6.10.0.202311202037\\db\
2024-03-27 12:54:03,704 [INFO] CodeEngine:255 - oldGeneratedFile, C:\Users\nikan\Documents\ReceiverUnit\ReceiverUnit\MXTmpFiles\license.tmp_save
2024-03-27 12:54:04,311 [INFO] CodeEngine:279 - Generated code: C:\Users\nikan\Documents\ReceiverUnit\ReceiverUnit\MXTmpFiles\license.tmp
2024-03-27 12:54:04,525 [INFO] CodeEngine:255 - oldGeneratedFile, C:\Users\nikan\Documents\ReceiverUnit\ReceiverUnit\MXTmpFiles\gpio.tmp_save
2024-03-27 12:54:04,831 [INFO] CodeEngine:279 - Generated code: C:\Users\nikan\Documents\ReceiverUnit\ReceiverUnit\MXTmpFiles\gpio.tmp
2024-03-27 12:54:04,850 [WARN] IPConfigManager:99 - WARNING: Missing Config File for MEMORYMAP ip!!
2024-03-27 12:54:04,851 [WARN] IP:2119 - DefaultDataRegion not found: check if there is a RefParameter without a condition.
2024-03-27 12:54:05,291 [INFO] CodeEngine:255 - oldGeneratedFile, C:\Users\nikan\Documents\ReceiverUnit\ReceiverUnit\Core\Src\stm32wbxx_it.c_save
2024-03-27 12:54:05,548 [INFO] CodeEngine:279 - Generated code: C:\Users\nikan\Documents\ReceiverUnit\ReceiverUnit\Core\Src\stm32wbxx_it.c
2024-03-27 12:54:05,595 [INFO] CodeEngine:255 - oldGeneratedFile, C:\Users\nikan\Documents\ReceiverUnit\ReceiverUnit\Core\Inc\stm32wbxx_it.h_save
2024-03-27 12:54:05,760 [INFO] CodeEngine:279 - Generated code: C:\Users\nikan\Documents\ReceiverUnit\ReceiverUnit\Core\Inc\stm32wbxx_it.h
2024-03-27 12:54:05,825 [INFO] CodeEngine:255 - oldGeneratedFile, C:\Users\nikan\Documents\ReceiverUnit\ReceiverUnit\Core\Src\stm32wbxx_hal_msp.c_save
2024-03-27 12:54:06,078 [INFO] CodeEngine:279 - Generated code: C:\Users\nikan\Documents\ReceiverUnit\ReceiverUnit\Core\Src\stm32wbxx_hal_msp.c
2024-03-27 12:54:06,110 [INFO] CodeEngine:255 - oldGeneratedFile, C:\Users\nikan\Documents\ReceiverUnit\ReceiverUnit\MXTmpFiles\system.tmp_save
2024-03-27 12:54:06,246 [INFO] CodeEngine:279 - Generated code: C:\Users\nikan\Documents\ReceiverUnit\ReceiverUnit\MXTmpFiles\system.tmp
2024-03-27 12:54:06,309 [INFO] CodeEngine:311 - oldGeneratedFile, C:\Users\nikan\Documents\ReceiverUnit\ReceiverUnit\Core\Inc\stm32wbxx_hal_conf.h_save
2024-03-27 12:54:06,496 [INFO] CodeEngine:335 - Generated code: C:\Users\nikan\Documents\ReceiverUnit\ReceiverUnit\Core\Inc\stm32wbxx_hal_conf.h
2024-03-27 12:54:06,552 [WARN] IPConfigManager:2946 - Warning: the RefConfig RCC_PClockConfig is not available in your config.xml file
2024-03-27 12:54:06,621 [INFO] CodeEngine:255 - oldGeneratedFile, C:\Users\nikan\Documents\ReceiverUnit\ReceiverUnit\Core\Inc\main.h_save
2024-03-27 12:54:06,842 [INFO] CodeEngine:279 - Generated code: C:\Users\nikan\Documents\ReceiverUnit\ReceiverUnit\Core\Inc\main.h
2024-03-27 12:54:06,892 [INFO] CodeEngine:255 - oldGeneratedFile, C:\Users\nikan\Documents\ReceiverUnit\ReceiverUnit\Core\Src\main.c_save
2024-03-27 12:54:07,225 [INFO] CodeEngine:279 - Generated code: C:\Users\nikan\Documents\ReceiverUnit\ReceiverUnit\Core\Src\main.c
2024-03-27 12:54:08,514 [INFO] ProjectBuilder:3076 - Time for Copy HAL[1] : 623mS.
2024-03-27 12:54:08,533 [INFO] ProjectBuilder:4485 - Project Generator version: 4.2.0-B44
2024-03-27 12:54:09,027 [INFO] ConfigFileManager:1495 - The Die is : DIE495
2024-03-27 12:54:09,058 [INFO] ApiDbMcu:508 - Load IP Config File for FATFS
2024-03-27 12:54:09,081 [INFO] ApiDbMcu:508 - Load IP Config File for FREERTOS
2024-03-27 12:54:09,149 [INFO] ApiDbMcu:508 - Load IP Config File for STM32_WPAN
2024-03-27 12:54:09,193 [INFO] ApiDbMcu:508 - Load IP Config File for TOUCHSENSING
2024-03-27 12:54:09,231 [INFO] ApiDbMcu:508 - Load IP Config File for USB_Device
2024-03-27 12:54:11,078 [INFO] LogOutputStream:77 - [STDOUT_REDIRECT] 
2024-03-27 12:54:13,992 [INFO] ProjectBuilder:4747 - Time for Generating toolchain IDE Files: 5460mS.
2024-03-27 12:54:13,995 [INFO] ProjectBuilder:2947 - Time for Copy CMSIS : 1mS.
2024-03-27 12:54:14,002 [INFO] ProjectBuilder:2947 - Time for Copy CMSIS : 0mS.
2024-03-27 12:55:36,410 [INFO] Gpio:277 - dependency for GPIO [RCC, SYS, USB]
2024-03-27 12:55:43,637 [INFO] Gpio:277 - dependency for GPIO [RCC, SYS, USB]
2024-03-27 12:55:59,393 [INFO] Gpio:277 - dependency for GPIO [RCC, SYS, USB]
2024-03-27 12:56:34,271 [INFO] UtilMem:75 - End SaveConfig() Used Memory: 922812400 Bytes (1073741824)
2024-03-27 12:56:35,208 [INFO] UtilMem:75 - End SaveConfig() Used Memory: 942735344 Bytes (1073741824)
2024-03-27 12:56:37,334 [INFO] UtilMem:75 - End SaveConfig() Used Memory: 706324392 Bytes (1073741824)
2024-03-27 12:56:37,679 [INFO] BlockDiagram:2759 - set Specific Code input for plugin: RTC
2024-03-27 12:56:37,679 [INFO] BlockDiagram:2759 - set Specific Code input for plugin: NVIC
2024-03-27 12:56:37,679 [INFO] BlockDiagram:2759 - set Specific Code input for plugin: MEMORYMAP
2024-03-27 12:56:37,679 [INFO] BlockDiagram:2759 - set Specific Code input for plugin: USB
2024-03-27 12:56:37,679 [INFO] BlockDiagram:2759 - set Specific Code input for plugin: SYS
2024-03-27 12:56:37,680 [INFO] BlockDiagram:2759 - set Specific Code input for plugin: GPIO
2024-03-27 12:56:37,680 [INFO] BlockDiagram:2759 - set Specific Code input for plugin: RCC
2024-03-27 12:56:37,682 [INFO] CodeGenerator:807 - code generatio: config db path: C:\ST\STM32CubeIDE_1.14.1\STM32CubeIDE\plugins\com.st.stm32cube.common.mx_6.10.0.202311202037\\db\
2024-03-27 12:56:37,899 [INFO] CodeEngine:255 - oldGeneratedFile, C:\Users\nikan\Documents\ReceiverUnit\ReceiverUnit\MXTmpFiles\license.tmp_save
2024-03-27 12:56:38,064 [INFO] CodeEngine:279 - Generated code: C:\Users\nikan\Documents\ReceiverUnit\ReceiverUnit\MXTmpFiles\license.tmp
2024-03-27 12:56:38,114 [INFO] CodeEngine:255 - oldGeneratedFile, C:\Users\nikan\Documents\ReceiverUnit\ReceiverUnit\MXTmpFiles\gpio.tmp_save
2024-03-27 12:56:38,268 [INFO] CodeEngine:279 - Generated code: C:\Users\nikan\Documents\ReceiverUnit\ReceiverUnit\MXTmpFiles\gpio.tmp
2024-03-27 12:56:38,279 [WARN] IPConfigManager:99 - WARNING: Missing Config File for MEMORYMAP ip!!
2024-03-27 12:56:38,280 [WARN] IP:2119 - DefaultDataRegion not found: check if there is a RefParameter without a condition.
2024-03-27 12:56:38,413 [INFO] CodeEngine:255 - oldGeneratedFile, C:\Users\nikan\Documents\ReceiverUnit\ReceiverUnit\Core\Src\stm32wbxx_it.c_save
2024-03-27 12:56:38,591 [INFO] CodeEngine:279 - Generated code: C:\Users\nikan\Documents\ReceiverUnit\ReceiverUnit\Core\Src\stm32wbxx_it.c
2024-03-27 12:56:38,614 [INFO] CodeEngine:255 - oldGeneratedFile, C:\Users\nikan\Documents\ReceiverUnit\ReceiverUnit\Core\Inc\stm32wbxx_it.h_save
2024-03-27 12:56:38,754 [INFO] CodeEngine:279 - Generated code: C:\Users\nikan\Documents\ReceiverUnit\ReceiverUnit\Core\Inc\stm32wbxx_it.h
2024-03-27 12:56:38,807 [INFO] CodeEngine:255 - oldGeneratedFile, C:\Users\nikan\Documents\ReceiverUnit\ReceiverUnit\Core\Src\stm32wbxx_hal_msp.c_save
2024-03-27 12:56:39,002 [INFO] CodeEngine:279 - Generated code: C:\Users\nikan\Documents\ReceiverUnit\ReceiverUnit\Core\Src\stm32wbxx_hal_msp.c
2024-03-27 12:56:39,018 [INFO] CodeEngine:255 - oldGeneratedFile, C:\Users\nikan\Documents\ReceiverUnit\ReceiverUnit\MXTmpFiles\system.tmp_save
2024-03-27 12:56:39,135 [INFO] CodeEngine:279 - Generated code: C:\Users\nikan\Documents\ReceiverUnit\ReceiverUnit\MXTmpFiles\system.tmp
2024-03-27 12:56:39,177 [INFO] CodeEngine:311 - oldGeneratedFile, C:\Users\nikan\Documents\ReceiverUnit\ReceiverUnit\Core\Inc\stm32wbxx_hal_conf.h_save
2024-03-27 12:56:39,341 [INFO] CodeEngine:335 - Generated code: C:\Users\nikan\Documents\ReceiverUnit\ReceiverUnit\Core\Inc\stm32wbxx_hal_conf.h
2024-03-27 12:56:39,375 [WARN] IPConfigManager:2946 - Warning: the RefConfig RCC_PClockConfig is not available in your config.xml file
2024-03-27 12:56:39,417 [INFO] CodeEngine:255 - oldGeneratedFile, C:\Users\nikan\Documents\ReceiverUnit\ReceiverUnit\Core\Inc\main.h_save
2024-03-27 12:56:39,584 [INFO] CodeEngine:279 - Generated code: C:\Users\nikan\Documents\ReceiverUnit\ReceiverUnit\Core\Inc\main.h
2024-03-27 12:56:39,619 [INFO] CodeEngine:255 - oldGeneratedFile, C:\Users\nikan\Documents\ReceiverUnit\ReceiverUnit\Core\Src\main.c_save
2024-03-27 12:56:39,927 [INFO] CodeEngine:279 - Generated code: C:\Users\nikan\Documents\ReceiverUnit\ReceiverUnit\Core\Src\main.c
2024-03-27 12:56:41,251 [INFO] ProjectBuilder:3076 - Time for Copy HAL[1] : 571mS.
2024-03-27 12:56:41,261 [INFO] ProjectBuilder:4485 - Project Generator version: 4.2.0-B44
2024-03-27 12:56:41,651 [INFO] ConfigFileManager:1495 - The Die is : DIE495
2024-03-27 12:56:44,185 [INFO] ProjectBuilder:4747 - Time for Generating toolchain IDE Files: 2924mS.
2024-03-27 12:56:44,187 [INFO] ProjectBuilder:2947 - Time for Copy CMSIS : 1mS.
2024-03-27 12:56:44,204 [INFO] ProjectBuilder:2947 - Time for Copy CMSIS : 0mS.
2024-03-27 13:33:54,658 [ERROR] LogOutputStream:75 - [STDERR_REDIRECT] 
