2024-04-04 16:18:56,241 [INFO] Activator:176 - 


2024-04-04 16:18:56,247 [INFO] Activator:177 - !SESSION log4j initialized
2024-04-04 16:19:01,155 [INFO] LogOutputStream:77 - [STDOUT_REDIRECT] 
2024-04-04 16:19:02,650 [INFO] ApplicationProperties:184 - Using Application install path: C:\ST\STM32CubeIDE_1.14.1\STM32CubeIDE\plugins\com.st.stm32cube.common.mx_6.10.0.202311202037
2024-04-04 16:19:02,665 [INFO] DbMcusXml:78 - Set database path to: C:\ST\STM32CubeIDE_1.14.1\STM32CubeIDE\plugins\com.st.stm32cube.common.mx_6.10.0.202311202037\\db\/mcu/
2024-04-04 16:19:02,665 [INFO] ApiDb:274 - Set plugin database path to: C:\ST\STM32CubeIDE_1.14.1\STM32CubeIDE\plugins\com.st.stm32cube.common.mx_6.10.0.202311202037\\db\/plugins/boardmanager/
2024-04-04 16:19:02,666 [WARN] ApiDb:259 - Overriding images path with different value:  => C:\ST\STM32CubeIDE_1.14.1\STM32CubeIDE\plugins\com.st.stm32cube.common.mx_6.10.0.202311202037\\db\/plugins/mcufinder/images/
2024-04-04 16:19:02,673 [INFO] ApiDb:250 - Set database path to: C:\Users\nikan\.stmcufinder\plugins\mcufinder//mcu/
2024-04-04 16:19:02,674 [INFO] DbMcusAds:125 - Set database path to: C:\Users\nikan\.stmcufinder\plugins\mcufinder//mcu/
2024-04-04 16:19:02,676 [INFO] CrossReferenceDbSqlite:203 - Set database path to: C:\Users\nikan\.stmcufinder\plugins\mcufinder//mcu/cs/
2024-04-04 16:19:02,766 [INFO] RulesReader:64 - Compatibility file has been processed (297 Rules)
2024-04-04 16:19:02,854 [INFO] DbMcusXml:78 - Set database path to: C:\ST\STM32CubeIDE_1.14.1\STM32CubeIDE\plugins\com.st.stm32cube.common.mx_6.10.0.202311202037\\db\/mcu/
2024-04-04 16:19:02,854 [INFO] ApiDb:274 - Set plugin database path to: C:\ST\STM32CubeIDE_1.14.1\STM32CubeIDE\plugins\com.st.stm32cube.common.mx_6.10.0.202311202037\\db\/plugins/boardmanager/
2024-04-04 16:19:02,855 [INFO] ApiDb:261 - Set plugin images path to: C:\ST\STM32CubeIDE_1.14.1\STM32CubeIDE\plugins\com.st.stm32cube.common.mx_6.10.0.202311202037\\db\/plugins/mcufinder/images/
2024-04-04 16:19:02,855 [WARN] DbFile:41 - Overriding database path with different value: C:\Users\nikan\.stmcufinder\plugins\mcufinder/ => C:\Users\nikan\.stmcufinder\plugins\mcufinder
2024-04-04 16:19:02,855 [INFO] ApiDb:250 - Set database path to: C:\Users\nikan\.stmcufinder\plugins\mcufinder//mcu/
2024-04-04 16:19:02,855 [WARN] DbFile:41 - Overriding database path with different value: C:\Users\nikan\.stmcufinder\plugins\mcufinder/ => C:\Users\nikan\.stmcufinder\plugins\mcufinder
2024-04-04 16:19:02,855 [INFO] DbMcusAds:125 - Set database path to: C:\Users\nikan\.stmcufinder\plugins\mcufinder//mcu/
2024-04-04 16:19:02,855 [WARN] DbFile:41 - Overriding database path with different value: C:\Users\nikan\.stmcufinder\plugins\mcufinder/ => C:\Users\nikan\.stmcufinder\plugins\mcufinder
2024-04-04 16:19:02,855 [WARN] DbFile:41 - Overriding database path with different value: C:\Users\nikan\.stmcufinder\plugins\mcufinder/ => C:\Users\nikan\.stmcufinder\plugins\mcufinder
2024-04-04 16:19:02,855 [INFO] CrossReferenceDbSqlite:203 - Set database path to: C:\Users\nikan\.stmcufinder\plugins\mcufinder//mcu/cs/
2024-04-04 16:19:02,922 [INFO] MainPanel:264 - HeapMemory: 268435456
2024-04-04 16:19:02,994 [INFO] DbMcusXml:78 - Set database path to: C:\ST\STM32CubeIDE_1.14.1\STM32CubeIDE\plugins\com.st.stm32cube.common.mx_6.10.0.202311202037\\db\/mcu/
2024-04-04 16:19:02,995 [INFO] ApiDb:274 - Set plugin database path to: C:\ST\STM32CubeIDE_1.14.1\STM32CubeIDE\plugins\com.st.stm32cube.common.mx_6.10.0.202311202037\\db\/plugins/boardmanager/
2024-04-04 16:19:02,995 [INFO] ApiDb:261 - Set plugin images path to: C:\ST\STM32CubeIDE_1.14.1\STM32CubeIDE\plugins\com.st.stm32cube.common.mx_6.10.0.202311202037\\db\/plugins/mcufinder/images/
2024-04-04 16:19:02,995 [WARN] DbFile:41 - Overriding database path with different value: C:\Users\nikan\.stmcufinder\plugins\mcufinder/ => C:\Users\nikan\.stmcufinder\plugins\mcufinder
2024-04-04 16:19:02,995 [INFO] ApiDb:250 - Set database path to: C:\Users\nikan\.stmcufinder\plugins\mcufinder//mcu/
2024-04-04 16:19:02,995 [WARN] DbFile:41 - Overriding database path with different value: C:\Users\nikan\.stmcufinder\plugins\mcufinder/ => C:\Users\nikan\.stmcufinder\plugins\mcufinder
2024-04-04 16:19:02,995 [INFO] DbMcusAds:125 - Set database path to: C:\Users\nikan\.stmcufinder\plugins\mcufinder//mcu/
2024-04-04 16:19:02,995 [WARN] DbFile:41 - Overriding database path with different value: C:\Users\nikan\.stmcufinder\plugins\mcufinder/ => C:\Users\nikan\.stmcufinder\plugins\mcufinder
2024-04-04 16:19:02,995 [WARN] DbFile:41 - Overriding database path with different value: C:\Users\nikan\.stmcufinder\plugins\mcufinder/ => C:\Users\nikan\.stmcufinder\plugins\mcufinder
2024-04-04 16:19:02,995 [INFO] CrossReferenceDbSqlite:203 - Set database path to: C:\Users\nikan\.stmcufinder\plugins\mcufinder//mcu/cs/
2024-04-04 16:19:03,012 [INFO] ApplicationProperties:184 - Using Application install path: C:\ST\STM32CubeIDE_1.14.1\STM32CubeIDE\plugins\com.st.stm32cube.common.mx_6.10.0.202311202037
2024-04-04 16:19:03,013 [INFO] PluginManage:196 - Search for loadable plugins [exclusion list=, ]
2024-04-04 16:19:03,014 [INFO] PluginManage:310 - Check plugin analytics
2024-04-04 16:19:03,146 [INFO] AnalyticsPlugin:253 - Accepted Software Licenses: 
2024-04-04 16:19:03,146 [INFO] AnalyticsPlugin:255 - Accepted CMSIS Pack Licenses: 
2024-04-04 16:19:03,147 [INFO] AnalyticsPlugin:257 - Accepted Firmware Licenses: FW.WB.1.18.0
2024-04-04 16:19:03,149 [INFO] PluginManage:359 - Loaded plugin analytics (category:tool,tabindex:-1)
2024-04-04 16:19:03,150 [INFO] PluginManage:310 - Check plugin cadmodel
2024-04-04 16:19:03,163 [INFO] CADModel:105 - Init CAD model plugin
2024-04-04 16:19:03,164 [INFO] PluginManage:359 - Loaded plugin cadmodel (category:power,tabindex:5)
2024-04-04 16:19:03,164 [INFO] PluginManage:310 - Check plugin clock
2024-04-04 16:19:03,182 [INFO] PluginManage:359 - Loaded plugin clock (category:base,tabindex:2)
2024-04-04 16:19:03,182 [INFO] PluginManage:310 - Check plugin ddr
2024-04-04 16:19:03,184 [INFO] PluginManage:359 - Loaded plugin ddr (category:tool,tabindex:6)
2024-04-04 16:19:03,184 [INFO] PluginManage:310 - Check plugin filemanager
2024-04-04 16:19:03,298 [INFO] PluginManage:359 - Loaded plugin filemanager (category:base,tabindex:10)
2024-04-04 16:19:03,298 [INFO] PluginManage:310 - Check plugin ipmanager
2024-04-04 16:19:03,310 [INFO] PluginManage:359 - Loaded plugin ipmanager (category:base,tabindex:5)
2024-04-04 16:19:03,310 [INFO] PluginManage:310 - Check plugin lpbam
2024-04-04 16:19:03,326 [INFO] PluginManage:359 - Loaded plugin lpbam (category:base,tabindex:0)
2024-04-04 16:19:03,326 [INFO] PluginManage:310 - Check plugin memorymap
2024-04-04 16:19:03,346 [INFO] PluginManage:359 - Loaded plugin memorymap (category:base,tabindex:4)
2024-04-04 16:19:03,346 [INFO] PluginManage:310 - Check plugin pinoutandconfiguration
2024-04-04 16:19:03,361 [INFO] PluginManage:359 - Loaded plugin pinoutandconfiguration (category:base,tabindex:1)
2024-04-04 16:19:03,361 [INFO] PluginManage:310 - Check plugin pinoutconfig
2024-04-04 16:19:03,441 [WARN] SupportedApi:132 - Cannot load RTOS API schema: s4s-elt-must-match.1: The content of 'definitions' must match (annotation?, (simpleType | complexType)?, (unique | key | keyref)*)). A problem was found starting at: attribute.
2024-04-04 16:19:03,547 [INFO] PluginManage:359 - Loaded plugin pinoutconfig (category:base,tabindex:0)
2024-04-04 16:19:03,547 [INFO] PluginManage:310 - Check plugin power
2024-04-04 16:19:03,564 [INFO] PluginManage:359 - Loaded plugin power (category:power,tabindex:4)
2024-04-04 16:19:03,565 [INFO] PluginManage:310 - Check plugin projectmanager
2024-04-04 16:19:03,579 [INFO] PluginManage:359 - Loaded plugin projectmanager (category:projectmanager,tabindex:3)
2024-04-04 16:19:03,579 [INFO] PluginManage:310 - Check plugin thirdparty
2024-04-04 16:19:03,800 [INFO] PluginManage:359 - Loaded plugin thirdparty (category:base,tabindex:-1)
2024-04-04 16:19:03,800 [WARN] IntegrityCheckThread:84 - waiting for thirdparty lock release [integrity check]
2024-04-04 16:19:03,801 [INFO] PluginManage:310 - Check plugin tools
2024-04-04 16:19:03,801 [INFO] IntegrityCheckThread:86 - entering critical section [integrity check]
2024-04-04 16:19:03,801 [INFO] ThirdPartyUpdaterWithRetryManager:70 - Updater plugin not ready yet. [1/15]
2024-04-04 16:19:03,830 [INFO] PluginManage:359 - Loaded plugin tools (category:base,tabindex:7)
2024-04-04 16:19:03,830 [INFO] PluginManage:310 - Check plugin tutovideos
2024-04-04 16:19:03,996 [INFO] PluginManage:359 - Loaded plugin tutovideos (category:base,tabindex:-1)
2024-04-04 16:19:03,996 [INFO] PluginManage:310 - Check plugin updater
2024-04-04 16:19:04,006 [INFO] PluginManage:359 - Loaded plugin updater (category:base,tabindex:12)
2024-04-04 16:19:04,006 [INFO] PluginManage:310 - Check plugin userauth
2024-04-04 16:19:04,011 [INFO] UserAuth:114 - Init User Auth plugin
2024-04-04 16:19:04,011 [INFO] PluginManage:359 - Loaded plugin userauth (category:base,tabindex:14)
2024-04-04 16:19:04,011 [INFO] PluginManage:283 - PluginManage : Loaded plugins [17]
2024-04-04 16:19:04,206 [INFO] PinOutPanel:1499 - setPackage(No Configuration,No Configuration)
2024-04-04 16:19:04,278 [INFO] CADModel:165 - CPN selected for project level
2024-04-04 16:19:04,278 [INFO] CADModel:114 - Register for checkConnection events
2024-04-04 16:19:04,301 [INFO] IPUIPlugin:80 - create IPUIPlugin
2024-04-04 16:19:04,302 [INFO] PluginManager:220 - loadIPPluginJar : add adc
2024-04-04 16:19:04,330 [INFO] IPUIPlugin:80 - create IPUIPlugin
2024-04-04 16:19:04,330 [INFO] PluginManager:220 - loadIPPluginJar : add aes
2024-04-04 16:19:04,360 [INFO] IPUIPlugin:80 - create IPUIPlugin
2024-04-04 16:19:04,361 [INFO] PluginManager:220 - loadIPPluginJar : add can
2024-04-04 16:19:04,379 [INFO] IPUIPlugin:80 - create IPUIPlugin
2024-04-04 16:19:04,379 [INFO] PluginManager:220 - loadIPPluginJar : add comp
2024-04-04 16:19:04,404 [INFO] IPUIPlugin:80 - create IPUIPlugin
2024-04-04 16:19:04,404 [INFO] PluginManager:220 - loadIPPluginJar : add cryp
2024-04-04 16:19:04,428 [INFO] IPUIPlugin:80 - create IPUIPlugin
2024-04-04 16:19:04,428 [INFO] PluginManager:220 - loadIPPluginJar : add dfsdm
2024-04-04 16:19:04,441 [INFO] IPUIPlugin:80 - create IPUIPlugin
2024-04-04 16:19:04,441 [INFO] PluginManager:220 - loadIPPluginJar : add dma
2024-04-04 16:19:04,474 [INFO] IPUIPlugin:80 - create IPUIPlugin
2024-04-04 16:19:04,474 [INFO] PluginManager:220 - loadIPPluginJar : add dma3
2024-04-04 16:19:04,489 [INFO] IPUIPlugin:80 - create IPUIPlugin
2024-04-04 16:19:04,490 [INFO] PluginManager:220 - loadIPPluginJar : add fatfs
2024-04-04 16:19:04,525 [INFO] IPUIPlugin:80 - create IPUIPlugin
2024-04-04 16:19:04,525 [INFO] PluginManager:220 - loadIPPluginJar : add fmc
2024-04-04 16:19:04,539 [INFO] IPUIPlugin:80 - create IPUIPlugin
2024-04-04 16:19:04,539 [INFO] PluginManager:220 - loadIPPluginJar : add freertos
2024-04-04 16:19:04,556 [INFO] IPUIPlugin:80 - create IPUIPlugin
2024-04-04 16:19:04,556 [INFO] PluginManager:220 - loadIPPluginJar : add genericplugin
2024-04-04 16:19:04,620 [INFO] IPUIPlugin:80 - create IPUIPlugin
2024-04-04 16:19:04,620 [INFO] PluginManager:220 - loadIPPluginJar : add gfxmmu
2024-04-04 16:19:04,712 [INFO] IPUIPlugin:80 - create IPUIPlugin
2024-04-04 16:19:04,713 [INFO] PluginManager:220 - loadIPPluginJar : add gic
2024-04-04 16:19:04,724 [INFO] IPUIPlugin:80 - create IPUIPlugin
2024-04-04 16:19:04,724 [INFO] PluginManager:220 - loadIPPluginJar : add gpio
2024-04-04 16:19:04,790 [INFO] IPUIPlugin:80 - create IPUIPlugin
2024-04-04 16:19:04,790 [INFO] PluginManager:220 - loadIPPluginJar : add gtzc
2024-04-04 16:19:04,814 [INFO] IPUIPlugin:80 - create IPUIPlugin
2024-04-04 16:19:04,815 [INFO] PluginManager:220 - loadIPPluginJar : add hash
2024-04-04 16:19:04,853 [INFO] IPUIPlugin:80 - create IPUIPlugin
2024-04-04 16:19:04,853 [INFO] PluginManager:220 - loadIPPluginJar : add i2c
2024-04-04 16:19:04,882 [INFO] IPUIPlugin:80 - create IPUIPlugin
2024-04-04 16:19:04,882 [INFO] PluginManager:220 - loadIPPluginJar : add i2s
2024-04-04 16:19:04,913 [INFO] IPUIPlugin:80 - create IPUIPlugin
2024-04-04 16:19:04,913 [INFO] PluginManager:220 - loadIPPluginJar : add i3c
2024-04-04 16:19:04,989 [INFO] IPUIPlugin:80 - create IPUIPlugin
2024-04-04 16:19:04,989 [INFO] PluginManager:220 - loadIPPluginJar : add ipddr
2024-04-04 16:19:05,054 [INFO] IPUIPlugin:80 - create IPUIPlugin
2024-04-04 16:19:05,054 [INFO] PluginManager:220 - loadIPPluginJar : add linkedlist
2024-04-04 16:19:05,082 [INFO] IPUIPlugin:80 - create IPUIPlugin
2024-04-04 16:19:05,082 [INFO] PluginManager:220 - loadIPPluginJar : add lorawan
2024-04-04 16:19:05,109 [INFO] IPUIPlugin:80 - create IPUIPlugin
2024-04-04 16:19:05,109 [INFO] PluginManager:220 - loadIPPluginJar : add ltdc
2024-04-04 16:19:05,121 [INFO] IPUIPlugin:80 - create IPUIPlugin
2024-04-04 16:19:05,122 [INFO] PluginManager:220 - loadIPPluginJar : add mdma
2024-04-04 16:19:05,132 [INFO] IPUIPlugin:80 - create IPUIPlugin
2024-04-04 16:19:05,133 [INFO] PluginManager:220 - loadIPPluginJar : add nvic
2024-04-04 16:19:05,160 [INFO] IPUIPlugin:80 - create IPUIPlugin
2024-04-04 16:19:05,160 [INFO] PluginManager:220 - loadIPPluginJar : add opamp
2024-04-04 16:19:05,203 [INFO] IPUIPlugin:80 - create IPUIPlugin
2024-04-04 16:19:05,203 [INFO] PluginManager:220 - loadIPPluginJar : add openamp
2024-04-04 16:19:05,234 [INFO] IPUIPlugin:80 - create IPUIPlugin
2024-04-04 16:19:05,235 [INFO] PluginManager:220 - loadIPPluginJar : add pdm2pcm
2024-04-04 16:19:05,247 [INFO] IPUIPlugin:80 - create IPUIPlugin
2024-04-04 16:19:05,249 [INFO] PluginManager:220 - loadIPPluginJar : add plateformsettings
2024-04-04 16:19:05,267 [INFO] IPUIPlugin:80 - create IPUIPlugin
2024-04-04 16:19:05,267 [INFO] PluginManager:220 - loadIPPluginJar : add quadspi
2024-04-04 16:19:05,279 [INFO] IPUIPlugin:80 - create IPUIPlugin
2024-04-04 16:19:05,279 [INFO] PluginManager:220 - loadIPPluginJar : add resmgrutility
2024-04-04 16:19:05,317 [INFO] IPUIPlugin:80 - create IPUIPlugin
2024-04-04 16:19:05,317 [INFO] PluginManager:220 - loadIPPluginJar : add sai
2024-04-04 16:19:05,348 [INFO] IPUIPlugin:80 - create IPUIPlugin
2024-04-04 16:19:05,349 [INFO] PluginManager:220 - loadIPPluginJar : add spi
2024-04-04 16:19:05,400 [INFO] IPUIPlugin:80 - create IPUIPlugin
2024-04-04 16:19:05,400 [INFO] PluginManager:220 - loadIPPluginJar : add stm32_wpan
2024-04-04 16:19:05,418 [INFO] IPUIPlugin:80 - create IPUIPlugin
2024-04-04 16:19:05,418 [INFO] PluginManager:220 - loadIPPluginJar : add tim
2024-04-04 16:19:05,458 [INFO] IPUIPlugin:80 - create IPUIPlugin
2024-04-04 16:19:05,458 [INFO] PluginManager:220 - loadIPPluginJar : add touchsensing
2024-04-04 16:19:05,476 [INFO] IPUIPlugin:80 - create IPUIPlugin
2024-04-04 16:19:05,476 [INFO] PluginManager:220 - loadIPPluginJar : add tracer_emb
2024-04-04 16:19:05,494 [INFO] IPUIPlugin:80 - create IPUIPlugin
2024-04-04 16:19:05,494 [INFO] PluginManager:220 - loadIPPluginJar : add ts
2024-04-04 16:19:05,511 [INFO] IPUIPlugin:80 - create IPUIPlugin
2024-04-04 16:19:05,511 [INFO] PluginManager:220 - loadIPPluginJar : add tsc
2024-04-04 16:19:05,528 [INFO] IPUIPlugin:80 - create IPUIPlugin
2024-04-04 16:19:05,528 [INFO] PluginManager:220 - loadIPPluginJar : add ucpd
2024-04-04 16:19:05,560 [INFO] IPUIPlugin:80 - create IPUIPlugin
2024-04-04 16:19:05,560 [INFO] PluginManager:220 - loadIPPluginJar : add usart
2024-04-04 16:19:05,592 [INFO] IPUIPlugin:80 - create IPUIPlugin
2024-04-04 16:19:05,592 [INFO] PluginManager:220 - loadIPPluginJar : add usbx
2024-04-04 16:19:05,730 [INFO] CADModel:165 - CPN selected for project level
2024-04-04 16:19:05,730 [INFO] CADModel:114 - Register for checkConnection events
2024-04-04 16:19:05,731 [FATAL] Updater:308 - Updater called before beeing initialized
2024-04-04 16:19:05,731 [ERROR] CADModel:125 - Updater not yet initialized, retry later 
2024-04-04 16:19:05,851 [INFO] CADModel:165 - CPN selected for project level
2024-04-04 16:19:05,852 [INFO] CADModel:114 - Register for checkConnection events
2024-04-04 16:19:05,852 [FATAL] Updater:308 - Updater called before beeing initialized
2024-04-04 16:19:05,852 [ERROR] CADModel:125 - Updater not yet initialized, retry later 
2024-04-04 16:19:05,854 [FATAL] Updater:308 - Updater called before beeing initialized
2024-04-04 16:19:05,941 [FATAL] Updater:308 - Updater called before beeing initialized
2024-04-04 16:19:05,949 [INFO] DbMcusAds:53 - JSON generation date=Wed Nov 29 05:52:27 EST 2023 (1701255147349)
2024-04-04 16:19:05,949 [FATAL] Updater:308 - Updater called before beeing initialized
2024-04-04 16:19:06,014 [WARN] DetailPanel:346 - Failed to get advertising image, set to default
2024-04-04 16:19:06,104 [FATAL] Updater:308 - Updater called before beeing initialized
2024-04-04 16:19:06,106 [FATAL] Updater:308 - Updater called before beeing initialized
2024-04-04 16:19:06,106 [FATAL] Updater:308 - Updater called before beeing initialized
2024-04-04 16:19:06,106 [WARN] DetailPanel:346 - Failed to get advertising image, set to default
2024-04-04 16:19:06,107 [FATAL] Updater:308 - Updater called before beeing initialized
2024-04-04 16:19:06,159 [ERROR] Updater:1120 - MainUpdater not yet initialized. External WinMGr cannot be set.
2024-04-04 16:19:06,169 [INFO] Updater:1056 - Updater Version found : 6.10.0
2024-04-04 16:19:06,190 [INFO] ApplicationProperties:184 - Using Application install path: C:\ST\STM32CubeIDE_1.14.1\STM32CubeIDE\plugins\com.st.stm32cube.common.mx_6.10.0.202311202037
2024-04-04 16:19:06,460 [INFO] MainUpdater:2873 - connection check result : 10
2024-04-04 16:19:06,460 [INFO] MainUpdater:290 - Updater Check For Update Now.
2024-04-04 16:19:06,460 [INFO] MicroXplorer:498 - Change Database Version : DB.6.0.100
2024-04-04 16:19:06,475 [INFO] McuFinderGlobals:63 - Set McuFinder mode to 2 (CubeIDE integrated)
2024-04-04 16:19:06,648 [INFO] CheckServerUpdateThread:120 - End of CheckServer Thread
2024-04-04 16:19:06,715 [INFO] UserAuth:404 - Internet connection configuration mode: 1
2024-04-04 16:19:06,737 [INFO] JxBrowserEngine:152 - Initiate JxBrowser Engine with user profile folder
2024-04-04 16:19:06,994 [WARN] PackLoader:240 - Cannot read IP mode file for STMicroelectronics.X-CUBE-SMBUS.2.1.0
2024-04-04 16:19:07,007 [WARN] PackLoader:240 - Cannot read IP mode file for STMicroelectronics.X-CUBE-TOUCHGFX.4.23.0
2024-04-04 16:19:07,017 [WARN] PackLoader:240 - Cannot read IP mode file for STMicroelectronics.X-CUBE-TOUCHGFX.4.23.2
2024-04-04 16:19:07,050 [WARN] PackLoader:240 - Cannot read IP mode file for STMicroelectronics.X-CUBE-AZRTOS-F7.1.1.0
2024-04-04 16:19:07,068 [WARN] PackLoader:240 - Cannot read IP mode file for STMicroelectronics.FP-SNS-MOTENV1.4.3.2
2024-04-04 16:19:07,081 [WARN] PackLoader:240 - Cannot read IP mode file for STMicroelectronics.FP-SNS-FLIGHT1.5.0.2
2024-04-04 16:19:07,096 [WARN] PackLoader:240 - Cannot read IP mode file for STMicroelectronics.X-CUBE-DISPLAY.3.0.0
2024-04-04 16:19:07,115 [WARN] PackLoader:240 - Cannot read IP mode file for STMicroelectronics.X-CUBE-BLE1.7.0.0
2024-04-04 16:19:07,128 [WARN] PackLoader:240 - Cannot read IP mode file for emotas.I-CUBE-CANOPEN.1.3.0
2024-04-04 16:19:07,151 [WARN] PackLoader:240 - Cannot read IP mode file for STMicroelectronics.X-CUBE-BLEMGR.3.1.0
2024-04-04 16:19:07,166 [WARN] PackLoader:240 - Cannot read IP mode file for STMicroelectronics.FP-SNS-SMARTAG2.1.2.0
2024-04-04 16:19:07,183 [INFO] LogOutputStream:77 - [STDOUT_REDIRECT] 1 : Invalid condition id : UX_CORESTACK_Condition cause : null
2024-04-04 16:19:07,183 [INFO] LogOutputStream:77 - [STDOUT_REDIRECT] 1 : Invalid condition id : UX_CORESTACK_Condition cause : null
2024-04-04 16:19:07,184 [INFO] LogOutputStream:77 - [STDOUT_REDIRECT] 1 : Invalid condition id : UX_CORESTACK_Condition cause : null
2024-04-04 16:19:07,185 [INFO] LogOutputStream:77 - [STDOUT_REDIRECT] 1 : Invalid condition id : UX_CORESTACK_Condition cause : null
2024-04-04 16:19:07,186 [INFO] LogOutputStream:77 - [STDOUT_REDIRECT] 1 : Invalid condition id : UX_CORESTACK_Condition cause : null
2024-04-04 16:19:07,187 [WARN] PackLoader:240 - Cannot read IP mode file for STMicroelectronics.X-CUBE-AZRTOS-WL.2.0.0
2024-04-04 16:19:07,197 [WARN] PackLoader:240 - Cannot read IP mode file for STMicroelectronics.FP-SNS-MOTENV1.5.0.0
2024-04-04 16:19:07,210 [WARN] PackLoader:240 - Cannot read IP mode file for WES.I-CUBE-Cesium.1.3.0
2024-04-04 16:19:07,220 [WARN] PackLoader:240 - Cannot read IP mode file for STMicroelectronics.X-CUBE-BLE2.3.3.0
2024-04-04 16:19:07,232 [WARN] PackLoader:240 - Cannot read IP mode file for STMicroelectronics.X-CUBE-ALGOBUILD.1.3.0
2024-04-04 16:19:07,253 [WARN] PackLoader:240 - Cannot read IP mode file for STMicroelectronics.X-CUBE-AZRTOS-G0.1.1.0
2024-04-04 16:19:07,270 [WARN] PackLoader:240 - Cannot read IP mode file for STMicroelectronics.X-CUBE-SAFEA1.1.2.2
2024-04-04 16:19:07,287 [WARN] PackLoader:240 - Cannot read IP mode file for STMicroelectronics.X-CUBE-NFC4.3.0.0
2024-04-04 16:19:07,302 [WARN] PackLoader:240 - Cannot read IP mode file for STMicroelectronics.X-CUBE-BLEMGR.3.0.0
2024-04-04 16:19:07,315 [WARN] PackLoader:240 - Cannot read IP mode file for STMicroelectronics.FP-ATR-SIGFOX1.3.2.0
2024-04-04 16:19:07,328 [WARN] PackLoader:240 - Cannot read IP mode file for STMicroelectronics.X-CUBE-EEPRMA1.5.1.0
2024-04-04 16:19:07,362 [WARN] PackLoader:240 - Cannot read IP mode file for SEGGER.I-CUBE-embOS.1.3.1
2024-04-04 16:19:07,406 [WARN] PackLoader:240 - Cannot read IP mode file for STMicroelectronics.X-CUBE-GNSS1.6.0.0
2024-04-04 16:19:07,433 [WARN] PackLoader:240 - Cannot read IP mode file for STMicroelectronics.X-CUBE-AZRTOS-F4.1.1.0
2024-04-04 16:19:07,451 [WARN] PackLoader:240 - Cannot read IP mode file for wolfSSL.I-CUBE-wolfSSL.5.6.6
2024-04-04 16:19:07,478 [WARN] PackLoader:240 - Cannot read IP mode file for STMicroelectronics.X-CUBE-AZRTOS-L5.2.0.0
2024-04-04 16:19:07,497 [WARN] PackLoader:240 - Cannot read IP mode file for STMicroelectronics.X-CUBE-NFC6.3.1.0
2024-04-04 16:19:07,518 [WARN] PackLoader:240 - Cannot read IP mode file for ITTIA_DB.I-CUBE-ITTIADB.8.8.0
2024-04-04 16:19:07,531 [WARN] PackLoader:240 - Cannot read IP mode file for STMicroelectronics.X-CUBE-NFC7.1.0.1
2024-04-04 16:19:07,550 [WARN] PackLoader:240 - Cannot read IP mode file for STMicroelectronics.X-CUBE-NFC6.3.0.0
2024-04-04 16:19:07,567 [WARN] PackLoader:240 - Cannot read IP mode file for STMicroelectronics.X-CUBE-AI.8.1.0
2024-04-04 16:19:07,601 [WARN] ConditionMgr:438 - getConditionDescription Invalid condition id : LAN8742 Phy interface Condition cause : null
2024-04-04 16:19:07,603 [WARN] PackLoader:240 - Cannot read IP mode file for STMicroelectronics.X-CUBE-AZRTOS-L4.2.0.0
2024-04-04 16:19:07,605 [WARN] ConditionMgr:1039 - genDependencies : Invalid condition id : LAN8742 Phy interface Condition cause : null
2024-04-04 16:19:07,605 [WARN] ConditionMgr:1039 - genDependencies : Invalid condition id : LAN8742 Phy interface Condition cause : null
2024-04-04 16:19:07,606 [WARN] ConditionMgr:1039 - genDependencies : Invalid condition id : LAN8742 Phy interface Condition cause : null
2024-04-04 16:19:07,625 [WARN] PackLoader:240 - Cannot read IP mode file for STMicroelectronics.X-CUBE-SFXS2LP1.4.0.0
2024-04-04 16:19:07,656 [WARN] ConditionMgr:438 - getConditionDescription Invalid condition id : UX DEVICE CLASS RTOS Condition cause : null
2024-04-04 16:19:07,656 [WARN] ConditionMgr:438 - getConditionDescription Invalid condition id : UX DEVICE CLASS RTOS Condition cause : null
2024-04-04 16:19:07,658 [WARN] PackLoader:240 - Cannot read IP mode file for STMicroelectronics.X-CUBE-AZRTOS-WB.2.0.0
2024-04-04 16:19:07,659 [WARN] ConditionMgr:1039 - genDependencies : Invalid condition id : UX DEVICE CLASS RTOS Condition cause : null
2024-04-04 16:19:07,659 [WARN] ConditionMgr:1039 - genDependencies : Invalid condition id : UX DEVICE CLASS RTOS Condition cause : null
2024-04-04 16:19:07,660 [WARN] ConditionMgr:1039 - genDependencies : Invalid condition id : UX DEVICE CLASS RTOS Condition cause : null
2024-04-04 16:19:07,660 [WARN] ConditionMgr:1039 - genDependencies : Invalid condition id : UX DEVICE CLASS RTOS Condition cause : null
2024-04-04 16:19:07,660 [WARN] ConditionMgr:1039 - genDependencies : Invalid condition id : UX DEVICE CLASS RTOS Condition cause : null
2024-04-04 16:19:07,696 [WARN] PackLoader:240 - Cannot read IP mode file for STMicroelectronics.X-CUBE-SUBG2.5.0.0
2024-04-04 16:19:07,740 [WARN] PackLoader:240 - Cannot read IP mode file for STMicroelectronics.X-CUBE-AZRTOS-G4.2.0.0
2024-04-04 16:19:07,764 [WARN] PackLoader:240 - Cannot read IP mode file for Infineon.AIROC-Wi-Fi-Bluetooth-STM32.1.5.1
2024-04-04 16:19:07,784 [WARN] PackLoader:240 - Cannot read IP mode file for STMicroelectronics.FP-SNS-MOTENVWB1.1.3.1
2024-04-04 16:19:07,800 [WARN] PackLoader:240 - Cannot read IP mode file for STMicroelectronics.X-CUBE-ISPU.2.0.0
2024-04-04 16:19:07,845 [WARN] PackLoader:240 - Cannot read IP mode file for STMicroelectronics.X-CUBE-MEMS1.10.0.0
2024-04-04 16:19:07,960 [WARN] PackLoader:240 - Cannot read IP mode file for STMicroelectronics.X-CUBE-FREERTOS.1.1.0
2024-04-04 16:19:07,976 [WARN] PackLoader:240 - Cannot read IP mode file for portGmbH.I-Cube-SoM-uGOAL.1.1.0
2024-04-04 16:19:07,991 [WARN] PackLoader:240 - Cannot read IP mode file for STMicroelectronics.X-CUBE-ALS.1.0.1
2024-04-04 16:19:08,006 [WARN] PackLoader:240 - Cannot read IP mode file for STMicroelectronics.FP-ATR-ASTRA1.2.0.0
2024-04-04 16:19:08,029 [WARN] PackLoader:240 - Cannot read IP mode file for STMicroelectronics.X-CUBE-TOF1.3.4.0
2024-04-04 16:19:08,055 [WARN] PackLoader:240 - Cannot read IP mode file for STMicroelectronics.X-CUBE-TOF1.3.4.1
2024-04-04 16:19:08,090 [WARN] PackLoader:240 - Cannot read IP mode file for STMicroelectronics.X-CUBE-AZRTOS-H7.3.2.0
2024-04-04 16:19:08,095 [INFO] ThirdParty:978 - Integrity check success = true
2024-04-04 16:19:08,095 [INFO] IntegrityCheckThread:100 - exiting critical section [integrity check]
2024-04-04 16:19:08,095 [INFO] IntegrityCheckThread:103 - End integrity checks thread
2024-04-04 16:19:09,697 [INFO] WebApp:161 - Instantiating new browser for Auth
2024-04-04 16:19:10,162 [INFO] WebApp:780 - Register for checkConnection events
2024-04-04 16:19:10,162 [INFO] WebApp:414 - Apply proxy settings
2024-04-04 16:19:10,163 [INFO] WebApp:499 - Chromium requires no authentication
2024-04-04 16:19:10,168 [INFO] WebApp:442 - Direct internet connection detected
2024-04-04 16:19:10,286 [INFO] WebApp:192 - Starting web application
2024-04-04 16:19:10,286 [INFO] WebApp:544 - Web application path used C:\ST\STM32CubeIDE_1.14.1\STM32CubeIDE\plugins\com.st.stm32cube.common.mx_6.10.0.202311202037\db\plugins\mcufinder\reactClient1\index.html
2024-04-04 16:19:31,032 [ERROR] LogOutputStream:75 - [STDERR_REDIRECT] SLF4J: Failed to load class "org.slf4j.impl.StaticLoggerBinder".
2024-04-04 16:19:31,033 [ERROR] LogOutputStream:75 - [STDERR_REDIRECT] SLF4J: Defaulting to no-operation (NOP) logger implementation
2024-04-04 16:19:31,034 [ERROR] LogOutputStream:75 - [STDERR_REDIRECT] SLF4J: See http://www.slf4j.org/codes.html#StaticLoggerBinder for further details.
2024-04-04 16:29:05,938 [INFO] McuFinderGlobals:63 - Set McuFinder mode to 2 (CubeIDE integrated)
2024-04-04 16:29:05,962 [INFO] MainUpdater:2873 - connection check result : 10
2024-04-04 16:29:05,967 [INFO] MainUpdater:2873 - connection check result : 10
2024-04-04 16:29:06,116 [INFO] MicroXplorer:468 - Change Database Path : 
2024-04-04 16:29:06,116 [INFO] MicroXplorer:498 - Change Database Version : DB.6.0.100
2024-04-04 16:29:06,120 [WARN] ThirdParty:871 - waiting for thirdparty lock release [close project]
2024-04-04 16:29:06,120 [INFO] ThirdParty:873 - entering critical section [close project]
2024-04-04 16:29:06,121 [INFO] ThirdParty:883 - exiting critical section [close project]
2024-04-04 16:29:06,122 [INFO] PinOutPanel:1499 - setPackage(No Configuration,No Configuration)
2024-04-04 16:29:06,125 [INFO] UtilMem:75 - Begin LoadConfig() Used Memory: 592437792 Bytes (1073741824)
2024-04-04 16:29:06,126 [INFO] MicroXplorer:468 - Change Database Path : 
2024-04-04 16:29:06,126 [INFO] MicroXplorer:498 - Change Database Version : DB.6.0.100
2024-04-04 16:29:06,126 [INFO] OpenFileManager:312 - Change cursor
2024-04-04 16:29:06,156 [INFO] Mcu:2016 - Initializing MCU STM32WB55RGVx STM32WB55RGVx STM32WB55RGV6
2024-04-04 16:29:07,634 [INFO] Context:659 - Trying to add GPIOservice into a context  which must be forbidden
2024-04-04 16:29:08,172 [INFO] RtosManager:555 - Registered RTOS mode: class=CMSIS, group=RTOS, mode=CMSIS_V1, owner=FREERTOS
2024-04-04 16:29:08,172 [INFO] RtosManager:555 - Registered RTOS mode: class=CMSIS, group=RTOS2, mode=CMSIS_V2, owner=FREERTOS
2024-04-04 16:29:08,172 [INFO] RtosManager:555 - Registered RTOS mode: class=RTOS, group=Core, mode=CMSIS_V1, owner=FREERTOS
2024-04-04 16:29:08,172 [INFO] RtosManager:555 - Registered RTOS mode: class=RTOS, group=Core, mode=CMSIS_V2, owner=FREERTOS
2024-04-04 16:29:08,173 [WARN] ModelIntegratedComponent:184 - Missing modes for component STMicroelectronics:FreeRTOS:0.0.1:STMicroelectronics:RTOS:FreeRTOS:Core:::10.2.0:
2024-04-04 16:29:08,188 [WARN] ModelIntegratedComponent:63 - No mode defined for component null
2024-04-04 16:29:08,188 [WARN] ModelIntegratedComponent:63 - No mode defined for component null
2024-04-04 16:29:08,188 [WARN] ModelIntegratedComponent:63 - No mode defined for component null
2024-04-04 16:29:08,189 [WARN] ModelIntegratedComponent:63 - No mode defined for component null
2024-04-04 16:29:08,189 [WARN] ModelIntegratedComponent:63 - No mode defined for component null
2024-04-04 16:29:08,189 [WARN] ModelIntegratedComponent:63 - No mode defined for component null
2024-04-04 16:29:08,189 [WARN] ModelIntegratedComponent:63 - No mode defined for component null
2024-04-04 16:29:08,189 [WARN] ModelIntegratedComponent:63 - No mode defined for component null
2024-04-04 16:29:08,189 [WARN] ModelIntegratedComponent:63 - No mode defined for component null
2024-04-04 16:29:08,189 [WARN] ModelIntegratedComponent:63 - No mode defined for component null
2024-04-04 16:29:08,189 [WARN] ModelIntegratedComponent:63 - No mode defined for component null
2024-04-04 16:29:08,189 [WARN] ModelIntegratedComponent:63 - No mode defined for component null
2024-04-04 16:29:08,189 [WARN] ModelIntegratedComponent:63 - No mode defined for component null
2024-04-04 16:29:08,189 [WARN] ModelIntegratedComponent:63 - No mode defined for component null
2024-04-04 16:29:08,189 [WARN] ModelIntegratedComponent:63 - No mode defined for component null
2024-04-04 16:29:08,189 [WARN] ModelIntegratedComponent:63 - No mode defined for component null
2024-04-04 16:29:08,189 [WARN] ModelIntegratedComponent:63 - No mode defined for component null
2024-04-04 16:29:08,189 [WARN] ModelIntegratedComponent:63 - No mode defined for component null
2024-04-04 16:29:08,189 [WARN] ModelIntegratedComponent:63 - No mode defined for component null
2024-04-04 16:29:08,189 [WARN] ModelIntegratedComponent:63 - No mode defined for component null
2024-04-04 16:29:08,189 [WARN] ModelIntegratedComponent:63 - No mode defined for component null
2024-04-04 16:29:08,189 [WARN] ModelIntegratedComponent:63 - No mode defined for component null
2024-04-04 16:29:08,190 [WARN] ModelIntegratedComponent:63 - No mode defined for component null
2024-04-04 16:29:08,190 [WARN] ModelIntegratedComponent:63 - No mode defined for component null
2024-04-04 16:29:08,190 [WARN] ModelIntegratedComponent:63 - No mode defined for component null
2024-04-04 16:29:08,190 [WARN] ModelIntegratedComponent:63 - No mode defined for component null
2024-04-04 16:29:08,190 [WARN] ModelIntegratedComponent:63 - No mode defined for component null
2024-04-04 16:29:08,190 [WARN] ModelIntegratedComponent:63 - No mode defined for component null
2024-04-04 16:29:08,190 [WARN] ModelIntegratedComponent:63 - No mode defined for component null
2024-04-04 16:29:08,190 [WARN] ModelIntegratedComponent:63 - No mode defined for component null
2024-04-04 16:29:08,190 [WARN] ModelIntegratedComponent:63 - No mode defined for component null
2024-04-04 16:29:08,190 [WARN] ModelIntegratedComponent:63 - No mode defined for component null
2024-04-04 16:29:08,190 [WARN] ModelIntegratedComponent:63 - No mode defined for component null
2024-04-04 16:29:08,280 [INFO] ThirdPartyModel:298 - Start build external matchings
2024-04-04 16:29:08,511 [INFO] ThirdPartyModel:316 - End build external matchings
2024-04-04 16:29:08,732 [INFO] UtilMem:75 - End LoadConfig() Used Memory: 840641552 Bytes (1073741824)
2024-04-04 16:29:08,857 [INFO] ApiDb:581 - Connected to CubeFinder SQLite database (C:\Users\nikan\.stmcufinder\plugins\mcufinder\mcu\cube-finder-db.db)
2024-04-04 16:29:08,938 [INFO] ApiDb:668 - CubeFinder database Data Model version=2.1
2024-04-04 16:29:08,938 [INFO] ApiDb:669 - CubeFinder database Configuration version=3.0.39
2024-04-04 16:29:08,939 [INFO] ApiDb:670 - CubeFinder database generation date=2024-03-01 (1709305525)
2024-04-04 16:29:08,939 [INFO] ApiDb:671 - CubeFinder database FW Pack versions=[FP-ATR-ASTRA1_V2.0.0, FP-SNS-FLIGHT1_V5.0.1, FP-SNS-FLIGHT1_V5.0.2, FP-SNS-MOTENV1_V4.3.1, FP-SNS-MOTENV1_V4.3.2, FP-SNS-MOTENVWB1_V1.3.1, FP-SNS-SMARTAG2_V1.2.0, STM32Cube_FW_C0_V1.1.0, STM32Cube_FW_F4_V1.28.0, STM32Cube_FW_F7_V1.17.0, STM32Cube_FW_G0_V1.6.2, STM32Cube_FW_G4_V1.5.2, STM32Cube_FW_H5_V0.5.1, STM32Cube_FW_H5_V1.1.1, STM32Cube_FW_H5_V1.2.0, STM32Cube_FW_H5_V1.2.0RC4, STM32Cube_FW_H7RS_V1.0.0, STM32Cube_FW_H7RS_V1.0.0RC4, STM32Cube_FW_H7_V1.11.0, STM32Cube_FW_L0_V1.12.2, STM32Cube_FW_L5_V1.5.1, STM32Cube_FW_U0_V1.0.0, STM32Cube_FW_U0_V1.0.0RC1, STM32Cube_FW_U5_V1.3.0RC4, STM32Cube_FW_U5_V1.5.0, STM32Cube_FW_U5_V1.5.0RC1, STM32Cube_FW_WBA_V1.0.0RC1, STM32Cube_FW_WBA_V1.2.0, STM32Cube_FW_WBA_V1.2.0RC2, STM32Cube_FW_WBA_V1.3.0, STM32Cube_FW_WBA_V1.3.0RC1, STM32Cube_FW_WB_V1.15.0RC1, STM32Cube_FW_WB_V1.16.0, STM32Cube_FW_WB_V1.16.0RC2, STM32Cube_FW_WB_V1.18.0, STM32Cube_FW_WB_V1.19.0, STM32Cube_FW_WL_V1.3.0, X-CUBE-ALGOBUILD_V1.3.0, X-CUBE-ALS_V1.0.1, X-CUBE-AZRTOS-F4_V1.1.0, X-CUBE-AZRTOS-F7_V1.1.0, X-CUBE-AZRTOS-G0_V1.1.0, X-CUBE-AZRTOS-G4_V2.0.0, X-CUBE-AZRTOS-H7_V3.2.0, X-CUBE-AZRTOS-L4_V1.0.0, X-CUBE-AZRTOS-L4_V2.0.0, X-CUBE-AZRTOS-L5_V1.1.0, X-CUBE-AZRTOS-WB_V2.0.0, X-CUBE-AZRTOS-WL_V2.0.0, X-CUBE-BLE1_V7.0.0, X-CUBE-BLE2_V3.3.0, X-CUBE-BLEMGR_V3.1.0, X-CUBE-EEPRMA1_V4.1.0, X-CUBE-EEPRMA1_V5.1.0, X-CUBE-FREERTOS_V1.1.0, X-CUBE-GNSS1_V6.0.0, X-CUBE-MEMS1_V10.0.0, X-CUBE-MEMS1_V9.1.0, X-CUBE-MEMS1_V9.4.0, X-CUBE-MEMS1_V9.6.0, X-CUBE-NFC4_V3.0.0, X-CUBE-NFC7_V1.0.1, X-CUBE-SFXS2LP1_V4.0.0, X-CUBE-SUBG2_V5.0.0, X-CUBE-TOF1_V3.4.0]
2024-04-04 16:29:11,001 [INFO] ApiDb:240 - Found 371 in-development CPN: [B-G473E-ZEST1S, B-WB1M-WPAN1, B-WL5M-SUBG1, NUCLEO-C031C6, NUCLEO-H503RB, NUCLEO-H563ZI, NUCLEO-U545RE-Q, NUCLEO-U5A5ZJ-Q, NUCLEO-WBA52CG, NUCLEO-WBA55CG, STEVAL-MKBOXPRO, STEVAL-PROTEUS1, STEVAL-STWINBX1, STM320518-EVAL, STM32C0116-DK, STM32C011D6Y3TR, STM32C011D6Y6TR, STM32C011F4P3, STM32C011F4P6, STM32C011F4U3, STM32C011F4U6TR, STM32C011F6P3, STM32C011F6P6, STM32C011F6U3, STM32C011F6U6TR, STM32C011J4M3, STM32C011J4M6, STM32C011J6M3, STM32C011J6M6, STM32C0316-DK, STM32C031C4T3, STM32C031C4T6, STM32C031C4U3, STM32C031C4U6, STM32C031C6T3, STM32C031C6T6, STM32C031C6U3, STM32C031C6U6, STM32C031F4P3, STM32C031F4P6, STM32C031F6P3, STM32C031F6P6, STM32C031G4U3, STM32C031G4U6, STM32C031G6U3, STM32C031G6U6, STM32C031K4T3, STM32C031K4T6, STM32C031K4U3, STM32C031K4U6, STM32C031K6T3, STM32C031K6T6, STM32C031K6U3, STM32C031K6U6, STM32G071K8TXN, STM32G071K8UXN, STM32G081GBU6N, STM32G081KBT6N, STM32G081KBUXN, STM32G0B1CCT6N, STM32G0B1KCT6, STM32G0B1NEY6TR, STM32G0B1RCT6N, STM32G0C1CCT6, STM32G0C1CCT6N, STM32G0C1CCU6N, STM32G0C1CET6N, STM32G0C1CEU6N, STM32G0C1KCT6, STM32G0C1NEY6TR, STM32G0C1RCI6N, STM32G0C1RCT6N, STM32G0C1REI6N, STM32G0C1RET6N, STM32G0C1VCI6, STM32G0C1VEI6, STM32G471CCT6, STM32G471CCU6, STM32G471CET3, STM32G471CET6, STM32G471CEU3, STM32G471CEU6, STM32G471MCT6, STM32G471MET3, STM32G471MET6, STM32G471MEY6TR, STM32G471QCT6, STM32G471QET3, STM32G471RCT6, STM32G471RET3, STM32G471RET6, STM32G471VCH6, STM32G471VCI6, STM32G471VCT6, STM32G471VEH3, STM32G471VEH6, STM32G471VEI3, STM32G471VEI6, STM32G471VET3, STM32G471VET6, STM32G474CCT6, STM32H503CBT6, STM32H503CBU6, STM32H503EBY6TR, STM32H503KBU6, STM32H503RBT6, STM32H562AGI6, STM32H562AII6, STM32H562IGK6, STM32H562IGT6, STM32H562IIK6, STM32H562IIT6, STM32H562RGT6, STM32H562RGV6, STM32H562RIT6, STM32H562RIV6, STM32H562VGT6, STM32H562VIT6, STM32H562ZGT6, STM32H562ZIT6, STM32H563AGI6, STM32H563AII3Q, STM32H563AII6, STM32H563IGK6, STM32H563IGT6, STM32H563IIK3Q, STM32H563IIK6, STM32H563IIT3Q, STM32H563IIT6, STM32H563MIY3QTR, STM32H563RGT6, STM32H563RGV6, STM32H563RIT6, STM32H563RIV6, STM32H563VGT6, STM32H563VIT3Q, STM32H563VIT6, STM32H563ZGT6, STM32H563ZIT3Q, STM32H563ZIT6, STM32H573AII3Q, STM32H573AII6, STM32H573I-DK, STM32H573IIK3Q, STM32H573IIK6, STM32H573IIT3Q, STM32H573IIT6, STM32H573MIY3QTR, STM32H573RIT6, STM32H573RIV6, STM32H573VIT3Q, STM32H573VIT6, STM32H573ZIT3Q, STM32H573ZIT6, STM32L4R5QGI6STR, STM32MP131AAE3, STM32MP131AAF3, STM32MP131AAG3, STM32MP131CAE3, STM32MP131CAF3, STM32MP131CAG3, STM32MP131DAE7, STM32MP131DAF7, STM32MP131DAG7, STM32MP131FAE7, STM32MP131FAF7, STM32MP131FAG7, STM32MP133AAE3, STM32MP133AAF3, STM32MP133AAG3, STM32MP133CAE3, STM32MP133CAF3, STM32MP133CAG3, STM32MP133DAE7, STM32MP133DAF7, STM32MP133DAG7, STM32MP133FAE7, STM32MP133FAF7, STM32MP133FAG7, STM32MP135AAE3, STM32MP135AAF3, STM32MP135AAG3, STM32MP135CAE3, STM32MP135CAF3, STM32MP135CAG3, STM32MP135DAE7, STM32MP135DAF7, STM32MP135DAG7, STM32MP135F-DK, STM32MP135FAE7, STM32MP135FAF7, STM32MP135FAF7T, STM32MP135FAF7U, STM32MP135FAG7, STM32U535CBT6, STM32U535CBT6Q, STM32U535CBU6, STM32U535CBU6Q, STM32U535CCT6, STM32U535CCT6Q, STM32U535CCU6, STM32U535CCU6Q, STM32U535CET6, STM32U535CET6Q, STM32U535CEU6, STM32U535CEU6Q, STM32U535JEY6QTR, STM32U535NCY6QTR, STM32U535NEY6QTR, STM32U535RBI6, STM32U535RBI6Q, STM32U535RBT6, STM32U535RBT6Q, STM32U535RCI6, STM32U535RCI6Q, STM32U535RCT6, STM32U535RCT6Q, STM32U535REI6, STM32U535REI6Q, STM32U535RET6, STM32U535RET6Q, STM32U535VCI6, STM32U535VCI6Q, STM32U535VCT6, STM32U535VCT6Q, STM32U535VEI6, STM32U535VEI6Q, STM32U535VET6, STM32U535VET6Q, STM32U545CET6, STM32U545CET6Q, STM32U545CEU6, STM32U545CEU6Q, STM32U545JEY6QTR, STM32U545NEY6QTR, STM32U545REI6, STM32U545REI6Q, STM32U545RET6, STM32U545RET6Q, STM32U545VEI6, STM32U545VEI6Q, STM32U545VET6, STM32U545VET6Q, STM32U595AIH6, STM32U595AIH6Q, STM32U595AJH6, STM32U595AJH6Q, STM32U595QII6, STM32U595QII6Q, STM32U595QJI6, STM32U595QJI6Q, STM32U595RIT6, STM32U595RIT6Q, STM32U595RJT6, STM32U595RJT6Q, STM32U595VIT6, STM32U595VIT6Q, STM32U595VJT6, STM32U595VJT6Q, STM32U595ZIT6, STM32U595ZIT6Q, STM32U595ZIY6QTR, STM32U595ZJT6, STM32U595ZJT6Q, STM32U595ZJY6QTR, STM32U599BJY6QTR, STM32U599NIH6Q, STM32U599NJH6Q, STM32U599VIT6Q, STM32U599VJT6, STM32U599VJT6Q, STM32U599ZIT6Q, STM32U599ZIY6QTR, STM32U599ZJT6Q, STM32U599ZJY6QTR, STM32U5A5AJH6, STM32U5A5AJH6Q, STM32U5A5QJI6, STM32U5A5QJI6Q, STM32U5A5RJT6, STM32U5A5RJT6Q, STM32U5A5VJT6, STM32U5A5VJT6Q, STM32U5A5ZJT6, STM32U5A5ZJT6Q, STM32U5A5ZJY6QTR, STM32U5A9BJY6QTR, STM32U5A9J-DK, STM32U5A9NJH6Q, STM32U5A9VJT6Q, STM32U5A9ZJT6Q, STM32U5A9ZJY6QTR, STM32U5F7VIT6, STM32U5F7VIT6Q, STM32U5F7VJT6, STM32U5F7VJT6Q, STM32U5F9BJY6QTR, STM32U5F9NJH6Q, STM32U5F9VIT6Q, STM32U5F9VJT6Q, STM32U5F9ZIJ6QTR, STM32U5F9ZIT6Q, STM32U5F9ZJJ6QTR, STM32U5F9ZJT6Q, STM32U5G7VJT6, STM32U5G7VJT6Q, STM32U5G9BJY6QTR, STM32U5G9J-DK1, STM32U5G9J-DK2, STM32U5G9NJH6Q, STM32U5G9VJT6Q, STM32U5G9ZJJ6QTR, STM32U5G9ZJT6Q, STM32WB1MMCH6, STM32WBA50KEU6, STM32WBA50KEU6TR, STM32WBA50KGU6, STM32WBA50KGU6TR, STM32WBA52CEU6, STM32WBA52CEU6TR, STM32WBA52CEU7, STM32WBA52CEU7TR, STM32WBA52CGU6, STM32WBA52CGU6TR, STM32WBA52CGU6U, STM32WBA52CGU7, STM32WBA52CGU7TR, STM32WBA52KEU6, STM32WBA52KEU6TR, STM32WBA52KGU6, STM32WBA52KGU6TR, STM32WBA54CEU6, STM32WBA54CEU6TR, STM32WBA54CEU7, STM32WBA54CEU7TR, STM32WBA54CGU6, STM32WBA54CGU6TR, STM32WBA54CGU7, STM32WBA54CGU7TR, STM32WBA54KEU6, STM32WBA54KEU6TR, STM32WBA54KEU7, STM32WBA54KEU7TR, STM32WBA54KGU6, STM32WBA54KGU6TR, STM32WBA54KGU7, STM32WBA54KGU7TR, STM32WBA55CEU6, STM32WBA55CEU6TR, STM32WBA55CEU7, STM32WBA55CEU7TR, STM32WBA55CGU6, STM32WBA55CGU6TR, STM32WBA55CGU6U, STM32WBA55CGU7, STM32WBA55CGU7TR, STM32WBA55G-DK1, STM32WBA55HEF6, STM32WBA55HEF7, STM32WBA55HGF6, STM32WBA55HGF7, STM32WBA55UEI6, STM32WBA55UEI6TR, STM32WBA55UEI7, STM32WBA55UEI7TR, STM32WBA55UGI6, STM32WBA55UGI6TR, STM32WBA55UGI7, STM32WBA55UGI7TR, STM32WL5MOCH6, STM32WL5MOCH6TR]
2024-04-04 16:29:11,005 [INFO] DbMcus:218 - Found 3986 MCUs, 3986 are supported
2024-04-04 16:29:11,006 [INFO] ApiDb:423 - Load user favorites file C:\Users\nikan/.stm32cubeide/favorites.mcus.txt: 0 item(s)
2024-04-04 16:29:11,006 [INFO] ApiDb:427 - User favorites MCUs=[]
2024-04-04 16:29:11,006 [INFO] DbMcus:224 - Set 0 / 0 favorites MCUs
2024-04-04 16:29:11,307 [INFO] MicroXplorer:468 - Change Database Path : 
2024-04-04 16:29:11,307 [INFO] MicroXplorer:498 - Change Database Version : DB.6.0.100
2024-04-04 16:29:11,308 [WARN] ThirdParty:833 - waiting for thirdparty lock release [change project]
2024-04-04 16:29:11,308 [INFO] ThirdParty:835 - entering critical section [change project]
2024-04-04 16:29:11,308 [INFO] ThirdParty:1030 - CMSIS Pack Vendor :STMicroelectronics USBPD 4.1
2024-04-04 16:29:11,308 [INFO] ThirdParty:1030 - CMSIS Pack Vendor :STMicroelectronics X-CUBE-GNSS1 6.0.0
2024-04-04 16:29:11,308 [INFO] ThirdParty:1030 - CMSIS Pack Vendor :STMicroelectronics USB_HOST 2.0.0
2024-04-04 16:29:11,308 [INFO] ThirdParty:1030 - CMSIS Pack Vendor :STMicroelectronics X-CUBE-AZRTOS-F4 1.1.0
2024-04-04 16:29:11,308 [INFO] ThirdParty:1030 - CMSIS Pack Vendor :STMicroelectronics LIBJPEG 8.0.0
2024-04-04 16:29:11,308 [INFO] ThirdParty:1030 - CMSIS Pack Vendor :STMicroelectronics X-CUBE-SMBUS 2.1.0
2024-04-04 16:29:11,308 [INFO] ThirdParty:1030 - CMSIS Pack Vendor :STMicroelectronics USB_DEVICE 3.0.0
2024-04-04 16:29:11,308 [INFO] ThirdParty:1030 - CMSIS Pack Vendor :STMicroelectronics X-CUBE-AZRTOS-WB 2.0.0
2024-04-04 16:29:11,308 [INFO] ThirdParty:1030 - CMSIS Pack Vendor :wolfSSL I-CUBE-wolfSSL 5.6.6
2024-04-04 16:29:11,308 [INFO] ThirdParty:1030 - CMSIS Pack Vendor :STMicroelectronics X-CUBE-TOUCHGFX 4.23.0
2024-04-04 16:29:11,308 [INFO] ThirdParty:1030 - CMSIS Pack Vendor :STMicroelectronics X-CUBE-TOUCHGFX 4.23.2
2024-04-04 16:29:11,308 [INFO] ThirdParty:1030 - CMSIS Pack Vendor :STMicroelectronics X-CUBE-AZRTOS-F7 1.1.0
2024-04-04 16:29:11,308 [INFO] ThirdParty:1030 - CMSIS Pack Vendor :STMicroelectronics X-CUBE-AZRTOS-L5 2.0.0
2024-04-04 16:29:11,308 [INFO] ThirdParty:1030 - CMSIS Pack Vendor :STMicroelectronics USB_DEVICE 2.0.0
2024-04-04 16:29:11,309 [INFO] ThirdParty:1030 - CMSIS Pack Vendor :STMicroelectronics X-CUBE-NFC6 3.1.0
2024-04-04 16:29:11,309 [INFO] ThirdParty:1030 - CMSIS Pack Vendor :ITTIA_DB I-CUBE-ITTIADB 8.8.0
2024-04-04 16:29:11,309 [INFO] ThirdParty:1030 - CMSIS Pack Vendor :STMicroelectronics FP-SNS-MOTENV1 4.3.2
2024-04-04 16:29:11,309 [INFO] ThirdParty:1030 - CMSIS Pack Vendor :STMicroelectronics X-CUBE-ALGOBUILD 1.3.0
2024-04-04 16:29:11,309 [INFO] ThirdParty:1030 - CMSIS Pack Vendor :STMicroelectronics FreeRTOS 0.0.1
2024-04-04 16:29:11,309 [INFO] ThirdParty:1030 - CMSIS Pack Vendor :STMicroelectronics X-CUBE-AZRTOS-G0 1.1.0
2024-04-04 16:29:11,309 [INFO] ThirdParty:1030 - CMSIS Pack Vendor :STMicroelectronics X-CUBE-SAFEA1 1.2.2
2024-04-04 16:29:11,309 [INFO] ThirdParty:1030 - CMSIS Pack Vendor :STMicroelectronics X-CUBE-NFC4 3.0.0
2024-04-04 16:29:11,309 [INFO] ThirdParty:1030 - CMSIS Pack Vendor :STMicroelectronics X-CUBE-SUBG2 5.0.0
2024-04-04 16:29:11,309 [INFO] ThirdParty:1030 - CMSIS Pack Vendor :STMicroelectronics STM32_WPAN 1.0.0
2024-04-04 16:29:11,309 [INFO] ThirdParty:1030 - CMSIS Pack Vendor :STMicroelectronics lwIP 2.0.3
2024-04-04 16:29:11,309 [INFO] ThirdParty:1030 - CMSIS Pack Vendor :STMicroelectronics FP-SNS-FLIGHT1 5.0.2
2024-04-04 16:29:11,309 [INFO] ThirdParty:1030 - CMSIS Pack Vendor :STMicroelectronics USB_HOST 1.0.0
2024-04-04 16:29:11,309 [INFO] ThirdParty:1030 - CMSIS Pack Vendor :STMicroelectronics X-CUBE-AZRTOS-G4 2.0.0
2024-04-04 16:29:11,309 [INFO] ThirdParty:1030 - CMSIS Pack Vendor :STMicroelectronics PDM2PCM 3.1.0
2024-04-04 16:29:11,309 [INFO] ThirdParty:1030 - CMSIS Pack Vendor :Infineon AIROC-Wi-Fi-Bluetooth-STM32 1.5.1
2024-04-04 16:29:11,309 [INFO] ThirdParty:1030 - CMSIS Pack Vendor :STMicroelectronics X-CUBE-BLEMGR 3.0.0
2024-04-04 16:29:11,309 [INFO] ThirdParty:1030 - CMSIS Pack Vendor :STMicroelectronics PDM2PCM 3.3.0
2024-04-04 16:29:11,309 [INFO] ThirdParty:1030 - CMSIS Pack Vendor :STMicroelectronics X-CUBE-DISPLAY 3.0.0
2024-04-04 16:29:11,309 [INFO] ThirdParty:1030 - CMSIS Pack Vendor :STMicroelectronics FP-SNS-MOTENVWB1 1.3.1
2024-04-04 16:29:11,309 [INFO] ThirdParty:1030 - CMSIS Pack Vendor :STMicroelectronics X-CUBE-BLE1 7.0.0
2024-04-04 16:29:11,309 [INFO] ThirdParty:1030 - CMSIS Pack Vendor :STMicroelectronics FP-ATR-SIGFOX1 3.2.0
2024-04-04 16:29:11,309 [INFO] ThirdParty:1030 - CMSIS Pack Vendor :STMicroelectronics X-CUBE-ISPU 2.0.0
2024-04-04 16:29:11,309 [INFO] ThirdParty:1030 - CMSIS Pack Vendor :STMicroelectronics X-CUBE-EEPRMA1 5.1.0
2024-04-04 16:29:11,309 [INFO] ThirdParty:1030 - CMSIS Pack Vendor :STMicroelectronics HAL Drivers 0.0.0
2024-04-04 16:29:11,309 [INFO] ThirdParty:1030 - CMSIS Pack Vendor :STMicroelectronics MBEDTLS 2.16.2
2024-04-04 16:29:11,309 [INFO] ThirdParty:1030 - CMSIS Pack Vendor :emotas I-CUBE-CANOPEN 1.3.0
2024-04-04 16:29:11,309 [INFO] ThirdParty:1030 - CMSIS Pack Vendor :STMicroelectronics X-CUBE-MEMS1 10.0.0
2024-04-04 16:29:11,309 [INFO] ThirdParty:1030 - CMSIS Pack Vendor :STMicroelectronics X-CUBE-FREERTOS 1.1.0
2024-04-04 16:29:11,309 [INFO] ThirdParty:1030 - CMSIS Pack Vendor :STMicroelectronics X-CUBE-NFC7 1.0.1
2024-04-04 16:29:11,309 [INFO] ThirdParty:1030 - CMSIS Pack Vendor :STMicroelectronics MBEDTLS 2.14.1
2024-04-04 16:29:11,309 [INFO] ThirdParty:1030 - CMSIS Pack Vendor :STMicroelectronics X-CUBE-NFC6 3.0.0
2024-04-04 16:29:11,310 [INFO] ThirdParty:1030 - CMSIS Pack Vendor :portGmbH I-Cube-SoM-uGOAL 1.1.0
2024-04-04 16:29:11,310 [INFO] ThirdParty:1030 - CMSIS Pack Vendor :STMicroelectronics X-CUBE-ALS 1.0.1
2024-04-04 16:29:11,310 [INFO] ThirdParty:1030 - CMSIS Pack Vendor :STMicroelectronics X-CUBE-BLEMGR 3.1.0
2024-04-04 16:29:11,310 [INFO] ThirdParty:1030 - CMSIS Pack Vendor :STMicroelectronics ThreadX 1.0.0
2024-04-04 16:29:11,310 [INFO] ThirdParty:1030 - CMSIS Pack Vendor :STMicroelectronics FP-SNS-SMARTAG2 1.2.0
2024-04-04 16:29:11,310 [INFO] ThirdParty:1030 - CMSIS Pack Vendor :STMicroelectronics X-CUBE-AZRTOS-WL 2.0.0
2024-04-04 16:29:11,310 [INFO] ThirdParty:1030 - CMSIS Pack Vendor :SEGGER I-CUBE-embOS 1.3.1
2024-04-04 16:29:11,310 [INFO] ThirdParty:1030 - CMSIS Pack Vendor :STMicroelectronics FP-SNS-MOTENV1 5.0.0
2024-04-04 16:29:11,310 [INFO] ThirdParty:1030 - CMSIS Pack Vendor :STMicroelectronics USB_DEVICE 1.0.0
2024-04-04 16:29:11,310 [INFO] ThirdParty:1030 - CMSIS Pack Vendor :STMicroelectronics X-CUBE-AI 8.1.0
2024-04-04 16:29:11,310 [INFO] ThirdParty:1030 - CMSIS Pack Vendor :STMicroelectronics X-CUBE-AZRTOS-L4 2.0.0
2024-04-04 16:29:11,310 [INFO] ThirdParty:1030 - CMSIS Pack Vendor :STMicroelectronics ThreadX 0.0.2
2024-04-04 16:29:11,310 [INFO] ThirdParty:1030 - CMSIS Pack Vendor :WES I-CUBE-Cesium 1.3.0
2024-04-04 16:29:11,310 [INFO] ThirdParty:1030 - CMSIS Pack Vendor :STMicroelectronics FP-ATR-ASTRA1 2.0.0
2024-04-04 16:29:11,310 [INFO] ThirdParty:1030 - CMSIS Pack Vendor :STMicroelectronics lwIP 2.1.2
2024-04-04 16:29:11,310 [INFO] ThirdParty:1030 - CMSIS Pack Vendor :STMicroelectronics X-CUBE-SFXS2LP1 4.0.0
2024-04-04 16:29:11,310 [INFO] ThirdParty:1030 - CMSIS Pack Vendor :STMicroelectronics X-CUBE-BLE2 3.3.0
2024-04-04 16:29:11,310 [INFO] ThirdParty:1030 - CMSIS Pack Vendor :STMicroelectronics X-CUBE-TOF1 3.4.0
2024-04-04 16:29:11,310 [INFO] ThirdParty:1030 - CMSIS Pack Vendor :STMicroelectronics X-CUBE-TOF1 3.4.1
2024-04-04 16:29:11,310 [INFO] ThirdParty:1030 - CMSIS Pack Vendor :STMicroelectronics X-CUBE-AZRTOS-H7 3.2.0
2024-04-04 16:29:11,310 [INFO] ThirdParty:1030 - CMSIS Pack Vendor :STMicroelectronics PDM2PCM 3.2.0
2024-04-04 16:29:11,310 [INFO] ThirdParty:841 - exiting critical section [change project]
2024-04-04 16:29:11,623 [INFO] PinOutPanel:1499 - setPackage(No Configuration,No Configuration)
2024-04-04 16:29:11,625 [INFO] PinOutPanel:1499 - setPackage(STM32WB55RGVx,VFQFPN68)
2024-04-04 16:29:12,141 [INFO] UtilMem:75 - Before build in PCC Used Memory: 658182440 Bytes (1073741824)
2024-04-04 16:29:12,775 [INFO] LogOutputStream:77 - [STDOUT_REDIRECT] Sleepy End Device Min <200 3.3
2024-04-04 16:29:12,777 [INFO] LogOutputStream:77 - [STDOUT_REDIRECT] Sleepy End Device Min <200 3.3
2024-04-04 16:29:12,778 [INFO] LogOutputStream:77 - [STDOUT_REDIRECT] Sleepy End Device Min <200 3.3
2024-04-04 16:29:12,778 [INFO] LogOutputStream:77 - [STDOUT_REDIRECT] Sleepy End Device Min <200 3.3
2024-04-04 16:29:12,779 [INFO] LogOutputStream:77 - [STDOUT_REDIRECT] Sleepy End Device Min <200 3.3
2024-04-04 16:29:12,789 [INFO] LogOutputStream:77 - [STDOUT_REDIRECT] Sleepy End Device Min <200 3.3
2024-04-04 16:29:12,791 [INFO] LogOutputStream:77 - [STDOUT_REDIRECT] Sleepy End Device Min <200 3.3
2024-04-04 16:29:12,792 [INFO] LogOutputStream:77 - [STDOUT_REDIRECT] Sleepy End Device Min <200 3.3
2024-04-04 16:29:12,792 [INFO] LogOutputStream:77 - [STDOUT_REDIRECT] Sleepy End Device Min <200 3.3
2024-04-04 16:29:12,793 [INFO] LogOutputStream:77 - [STDOUT_REDIRECT] Sleepy End Device Min <200 3.3
2024-04-04 16:29:12,795 [INFO] LogOutputStream:77 - [STDOUT_REDIRECT] Sleepy End Device Min <200 3.3
2024-04-04 16:29:12,796 [INFO] LogOutputStream:77 - [STDOUT_REDIRECT] Sleepy End Device Min <200 3.3
2024-04-04 16:29:12,797 [INFO] LogOutputStream:77 - [STDOUT_REDIRECT] Sleepy End Device Min <200 3.3
2024-04-04 16:29:12,798 [INFO] LogOutputStream:77 - [STDOUT_REDIRECT] Sleepy End Device Min <200 3.3
2024-04-04 16:29:12,798 [INFO] LogOutputStream:77 - [STDOUT_REDIRECT] Sleepy End Device Min <200 3.3
2024-04-04 16:29:12,800 [INFO] LogOutputStream:77 - [STDOUT_REDIRECT] Sleepy End Device Min <200 3.3
2024-04-04 16:29:12,801 [INFO] LogOutputStream:77 - [STDOUT_REDIRECT] Sleepy End Device Min <200 3.3
2024-04-04 16:29:12,802 [INFO] LogOutputStream:77 - [STDOUT_REDIRECT] Sleepy End Device Min <200 3.3
2024-04-04 16:29:12,803 [INFO] LogOutputStream:77 - [STDOUT_REDIRECT] Sleepy End Device Min <200 3.3
2024-04-04 16:29:12,804 [INFO] LogOutputStream:77 - [STDOUT_REDIRECT] Sleepy End Device Min <200 3.3
2024-04-04 16:29:12,805 [INFO] LogOutputStream:77 - [STDOUT_REDIRECT] Sleepy End Device Min <200 3.3
2024-04-04 16:29:12,807 [INFO] LogOutputStream:77 - [STDOUT_REDIRECT] Sleepy End Device Min <200 3.3
2024-04-04 16:29:12,808 [INFO] LogOutputStream:77 - [STDOUT_REDIRECT] Sleepy End Device Min <200 3.3
2024-04-04 16:29:12,808 [INFO] LogOutputStream:77 - [STDOUT_REDIRECT] Sleepy End Device Min <200 3.3
2024-04-04 16:29:12,809 [INFO] LogOutputStream:77 - [STDOUT_REDIRECT] Sleepy End Device Min <200 3.3
2024-04-04 16:29:12,810 [INFO] LogOutputStream:77 - [STDOUT_REDIRECT] Sleepy End Device Min <200 3.3
2024-04-04 16:29:12,811 [INFO] LogOutputStream:77 - [STDOUT_REDIRECT] Sleepy End Device Min <200 3.3
2024-04-04 16:29:12,812 [INFO] LogOutputStream:77 - [STDOUT_REDIRECT] Sleepy End Device Min <200 3.3
2024-04-04 16:29:12,812 [INFO] LogOutputStream:77 - [STDOUT_REDIRECT] Sleepy End Device Min <200 3.3
2024-04-04 16:29:12,813 [INFO] LogOutputStream:77 - [STDOUT_REDIRECT] Sleepy End Device Min <200 3.3
2024-04-04 16:29:13,008 [INFO] LogOutputStream:77 - [STDOUT_REDIRECT] Sleepy End Device Min <200 3.3
2024-04-04 16:29:13,009 [INFO] LogOutputStream:77 - [STDOUT_REDIRECT] Sleepy End Device Min <200 3.3
2024-04-04 16:29:13,010 [INFO] LogOutputStream:77 - [STDOUT_REDIRECT] Sleepy End Device Min <200 3.3
2024-04-04 16:29:13,011 [INFO] LogOutputStream:77 - [STDOUT_REDIRECT] Sleepy End Device Min <200 3.3
2024-04-04 16:29:13,012 [INFO] LogOutputStream:77 - [STDOUT_REDIRECT] Sleepy End Device Min <200 3.3
2024-04-04 16:29:13,337 [INFO] UtilMem:75 - After build in PCC Used Memory: 763040040 Bytes (1073741824)
2024-04-04 16:29:13,365 [INFO] IPUIPlugin:80 - create IPUIPlugin
2024-04-04 16:29:13,365 [INFO] IPUIPlugin:80 - create IPUIPlugin
2024-04-04 16:29:13,366 [INFO] IPUIPlugin:80 - create IPUIPlugin
2024-04-04 16:29:13,366 [INFO] IPUIPlugin:80 - create IPUIPlugin
2024-04-04 16:29:13,366 [INFO] IPUIPlugin:80 - create IPUIPlugin
2024-04-04 16:29:13,366 [INFO] IPUIPlugin:80 - create IPUIPlugin
2024-04-04 16:29:13,366 [INFO] IPUIPlugin:80 - create IPUIPlugin
2024-04-04 16:29:13,366 [INFO] IPUIPlugin:80 - create IPUIPlugin
2024-04-04 16:29:13,366 [INFO] IPUIPlugin:80 - create IPUIPlugin
2024-04-04 16:29:13,366 [INFO] IPUIPlugin:80 - create IPUIPlugin
2024-04-04 16:29:13,366 [INFO] IPUIPlugin:80 - create IPUIPlugin
2024-04-04 16:29:13,367 [INFO] IPUIPlugin:80 - create IPUIPlugin
2024-04-04 16:29:13,367 [INFO] IPUIPlugin:80 - create IPUIPlugin
2024-04-04 16:29:13,367 [INFO] IPUIPlugin:80 - create IPUIPlugin
2024-04-04 16:29:13,367 [INFO] IPUIPlugin:80 - create IPUIPlugin
2024-04-04 16:29:13,367 [INFO] IPUIPlugin:80 - create IPUIPlugin
2024-04-04 16:29:13,367 [INFO] IPUIPlugin:80 - create IPUIPlugin
2024-04-04 16:29:13,367 [INFO] IPUIPlugin:80 - create IPUIPlugin
2024-04-04 16:29:13,367 [INFO] IPUIPlugin:80 - create IPUIPlugin
2024-04-04 16:29:13,368 [INFO] IPUIPlugin:80 - create IPUIPlugin
2024-04-04 16:29:13,368 [INFO] IPUIPlugin:80 - create IPUIPlugin
2024-04-04 16:29:13,368 [INFO] IPUIPlugin:80 - create IPUIPlugin
2024-04-04 16:29:13,368 [INFO] IPUIPlugin:80 - create IPUIPlugin
2024-04-04 16:29:13,368 [INFO] IPUIPlugin:80 - create IPUIPlugin
2024-04-04 16:29:13,368 [INFO] IPUIPlugin:80 - create IPUIPlugin
2024-04-04 16:29:13,369 [INFO] IPUIPlugin:80 - create IPUIPlugin
2024-04-04 16:29:13,369 [INFO] IPUIPlugin:80 - create IPUIPlugin
2024-04-04 16:29:13,369 [INFO] IPUIPlugin:80 - create IPUIPlugin
2024-04-04 16:29:13,369 [INFO] IPUIPlugin:80 - create IPUIPlugin
2024-04-04 16:29:13,369 [INFO] IPUIPlugin:80 - create IPUIPlugin
2024-04-04 16:29:13,369 [INFO] IPUIPlugin:80 - create IPUIPlugin
2024-04-04 16:29:13,370 [INFO] IPUIPlugin:80 - create IPUIPlugin
2024-04-04 16:29:13,370 [INFO] IPUIPlugin:80 - create IPUIPlugin
2024-04-04 16:29:13,371 [INFO] IPUIPlugin:80 - create IPUIPlugin
2024-04-04 16:29:13,371 [INFO] IPUIPlugin:80 - create IPUIPlugin
2024-04-04 16:29:13,371 [INFO] IPUIPlugin:80 - create IPUIPlugin
2024-04-04 16:29:13,372 [INFO] IPUIPlugin:80 - create IPUIPlugin
2024-04-04 16:29:13,372 [INFO] IPUIPlugin:80 - create IPUIPlugin
2024-04-04 16:29:13,372 [INFO] IPUIPlugin:80 - create IPUIPlugin
2024-04-04 16:29:13,372 [INFO] IPUIPlugin:80 - create IPUIPlugin
2024-04-04 16:29:13,372 [INFO] IPUIPlugin:80 - create IPUIPlugin
2024-04-04 16:29:13,372 [INFO] IPUIPlugin:80 - create IPUIPlugin
2024-04-04 16:29:13,373 [INFO] IPUIPlugin:80 - create IPUIPlugin
2024-04-04 16:29:13,373 [INFO] IPUIPlugin:80 - create IPUIPlugin
2024-04-04 16:29:13,373 [INFO] IPUIPlugin:80 - create IPUIPlugin
2024-04-04 16:29:13,627 [INFO] CADModel:165 - CPN selected for project levelSTM32WB55RGV6
2024-04-04 16:29:13,627 [INFO] CADModel:114 - Register for checkConnection events
2024-04-04 16:29:13,676 [INFO] OpenFileManager:343 - Restore cursor
2024-04-04 16:30:40,338 [INFO] NvicIntPanel:101 - NVIC parent = com.st.microxplorer.plugins.ip.nvic.MultiNvicIntPanel[,0,0,450x78,layout=javax.swing.BoxLayout,alignmentX=0.0,alignmentY=0.0,border=,flags=9,maximumSize=,minimumSize=,preferredSize=]
2024-04-04 16:36:29,422 [INFO] UtilMem:75 - End SaveConfig() Used Memory: 809642208 Bytes (1073741824)
2024-04-04 16:36:31,796 [INFO] UtilMem:75 - End SaveConfig() Used Memory: 834554736 Bytes (1073741824)
2024-04-04 16:36:32,302 [INFO] UtilMem:75 - End SaveConfig() Used Memory: 910754728 Bytes (1073741824)
2024-04-04 16:36:32,769 [INFO] BlockDiagram:2759 - set Specific Code input for plugin: RTC
2024-04-04 16:36:32,769 [INFO] BlockDiagram:2759 - set Specific Code input for plugin: SPI
2024-04-04 16:36:32,769 [INFO] BlockDiagram:2759 - set Specific Code input for plugin: NVIC
2024-04-04 16:36:32,769 [INFO] BlockDiagram:2759 - set Specific Code input for plugin: MEMORYMAP
2024-04-04 16:36:32,769 [INFO] BlockDiagram:2759 - set Specific Code input for plugin: USB
2024-04-04 16:36:32,769 [INFO] BlockDiagram:2759 - set Specific Code input for plugin: SYS
2024-04-04 16:36:32,769 [INFO] BlockDiagram:2759 - set Specific Code input for plugin: GPIO
2024-04-04 16:36:32,770 [INFO] BlockDiagram:2759 - set Specific Code input for plugin: RCC
2024-04-04 16:36:32,772 [INFO] CodeGenerator:807 - code generatio: config db path: C:\ST\STM32CubeIDE_1.14.1\STM32CubeIDE\plugins\com.st.stm32cube.common.mx_6.10.0.202311202037\\db\
2024-04-04 16:36:32,998 [INFO] CodeEngine:255 - oldGeneratedFile, C:\Users\nikan\Documents\ReceiverUnit\ReceiverUnit\MXTmpFiles\license.tmp_save
2024-04-04 16:36:33,355 [INFO] CodeEngine:279 - Generated code: C:\Users\nikan\Documents\ReceiverUnit\ReceiverUnit\MXTmpFiles\license.tmp
2024-04-04 16:36:33,488 [INFO] CodeEngine:255 - oldGeneratedFile, C:\Users\nikan\Documents\ReceiverUnit\ReceiverUnit\MXTmpFiles\gpio.tmp_save
2024-04-04 16:36:33,608 [INFO] CodeEngine:279 - Generated code: C:\Users\nikan\Documents\ReceiverUnit\ReceiverUnit\MXTmpFiles\gpio.tmp
2024-04-04 16:36:33,614 [WARN] IPConfigManager:99 - WARNING: Missing Config File for MEMORYMAP ip!!
2024-04-04 16:36:33,614 [WARN] IP:2119 - DefaultDataRegion not found: check if there is a RefParameter without a condition.
2024-04-04 16:36:33,943 [INFO] CodeEngine:255 - oldGeneratedFile, C:\Users\nikan\Documents\ReceiverUnit\ReceiverUnit\Core\Src\stm32wbxx_it.c_save
2024-04-04 16:36:34,074 [INFO] CodeEngine:279 - Generated code: C:\Users\nikan\Documents\ReceiverUnit\ReceiverUnit\Core\Src\stm32wbxx_it.c
2024-04-04 16:36:34,099 [INFO] CodeEngine:255 - oldGeneratedFile, C:\Users\nikan\Documents\ReceiverUnit\ReceiverUnit\Core\Inc\stm32wbxx_it.h_save
2024-04-04 16:36:34,189 [INFO] CodeEngine:279 - Generated code: C:\Users\nikan\Documents\ReceiverUnit\ReceiverUnit\Core\Inc\stm32wbxx_it.h
2024-04-04 16:36:34,223 [INFO] CodeEngine:255 - oldGeneratedFile, C:\Users\nikan\Documents\ReceiverUnit\ReceiverUnit\Core\Src\stm32wbxx_hal_msp.c_save
2024-04-04 16:36:34,368 [INFO] CodeEngine:279 - Generated code: C:\Users\nikan\Documents\ReceiverUnit\ReceiverUnit\Core\Src\stm32wbxx_hal_msp.c
2024-04-04 16:36:34,380 [INFO] CodeEngine:255 - oldGeneratedFile, C:\Users\nikan\Documents\ReceiverUnit\ReceiverUnit\MXTmpFiles\system.tmp_save
2024-04-04 16:36:34,442 [INFO] CodeEngine:279 - Generated code: C:\Users\nikan\Documents\ReceiverUnit\ReceiverUnit\MXTmpFiles\system.tmp
2024-04-04 16:36:34,468 [INFO] CodeEngine:311 - oldGeneratedFile, C:\Users\nikan\Documents\ReceiverUnit\ReceiverUnit\Core\Inc\stm32wbxx_hal_conf.h_save
2024-04-04 16:36:34,553 [INFO] CodeEngine:335 - Generated code: C:\Users\nikan\Documents\ReceiverUnit\ReceiverUnit\Core\Inc\stm32wbxx_hal_conf.h
2024-04-04 16:36:34,599 [WARN] IPConfigManager:2946 - Warning: the RefConfig RCC_PClockConfig is not available in your config.xml file
2024-04-04 16:36:34,630 [INFO] CodeEngine:255 - oldGeneratedFile, C:\Users\nikan\Documents\ReceiverUnit\ReceiverUnit\Core\Inc\main.h_save
2024-04-04 16:36:34,721 [INFO] CodeEngine:279 - Generated code: C:\Users\nikan\Documents\ReceiverUnit\ReceiverUnit\Core\Inc\main.h
2024-04-04 16:36:34,744 [INFO] CodeEngine:255 - oldGeneratedFile, C:\Users\nikan\Documents\ReceiverUnit\ReceiverUnit\Core\Src\main.c_save
2024-04-04 16:36:34,889 [INFO] CodeEngine:279 - Generated code: C:\Users\nikan\Documents\ReceiverUnit\ReceiverUnit\Core\Src\main.c
2024-04-04 16:36:35,465 [INFO] ProjectBuilder:3076 - Time for Copy HAL[1] : 290mS.
2024-04-04 16:36:35,472 [INFO] ProjectBuilder:4485 - Project Generator version: 4.2.0-B44
2024-04-04 16:36:35,717 [INFO] ConfigFileManager:1495 - The Die is : DIE495
2024-04-04 16:36:35,736 [INFO] ApiDbMcu:508 - Load IP Config File for FATFS
2024-04-04 16:36:35,750 [INFO] ApiDbMcu:508 - Load IP Config File for FREERTOS
2024-04-04 16:36:35,780 [INFO] ApiDbMcu:508 - Load IP Config File for STM32_WPAN
2024-04-04 16:36:35,800 [INFO] ApiDbMcu:508 - Load IP Config File for TOUCHSENSING
2024-04-04 16:36:35,818 [INFO] ApiDbMcu:508 - Load IP Config File for USB_Device
2024-04-04 16:36:36,755 [INFO] LogOutputStream:77 - [STDOUT_REDIRECT] 
2024-04-04 16:36:38,646 [INFO] ProjectBuilder:4747 - Time for Generating toolchain IDE Files: 3174mS.
2024-04-04 16:36:38,648 [INFO] ProjectBuilder:2947 - Time for Copy CMSIS : 1mS.
2024-04-04 16:36:38,653 [INFO] ProjectBuilder:2947 - Time for Copy CMSIS : 1mS.
2024-04-04 17:19:46,401 [ERROR] LogOutputStream:75 - [STDERR_REDIRECT] 
